2022-10-16 14:39:38.874 [main] INFO  org.jeecg.SampleTest:50 - Starting SampleTest on helloWorld with PID 34512 (started by helloWorld in D:\Project\JetBrains\IntelliJ IDEA\jeecg-boot-master\jeecg-boot-parent\jeecg-boot-module-system)
2022-10-16 14:39:38.876 [main] INFO  org.jeecg.SampleTest:679 - The following profiles are active: dev
2022-10-16 14:39:41.018 [main] INFO  o.s.d.r.config.RepositoryConfigurationDelegate:244 - Multiple Spring Data modules found, entering strict repository configuration mode!
2022-10-16 14:39:41.023 [main] INFO  o.s.d.r.config.RepositoryConfigurationDelegate:126 - Bootstrapping Spring Data repositories in DEFAULT mode.
2022-10-16 14:39:41.116 [main] INFO  o.s.d.r.config.RepositoryConfigurationDelegate:182 - Finished Spring Data repository scanning in 75ms. Found 0 repository interfaces.
2022-10-16 14:39:41.716 [main] INFO  o.s.c.s.PostProcessorRegistrationDelegate$BeanPostProcessorChecker:330 - Bean 'shiroConfig' of type [org.jeecg.config.ShiroConfig$$EnhancerBySpringCGLIB$$bacb4d65] is not eligible for getting processed by all BeanPostProcessors (for example: not eligible for auto-proxying)
2022-10-16 14:39:41.853 [main] INFO  o.s.c.s.PostProcessorRegistrationDelegate$BeanPostProcessorChecker:330 - Bean 'shiroRealm' of type [org.jeecg.modules.shiro.authc.ShiroRealm] is not eligible for getting processed by all BeanPostProcessors (for example: not eligible for auto-proxying)
2022-10-16 14:39:42.839 [main] INFO  org.jeecg.config.ShiroConfig:207 - ===============(1)创建缓存管理器RedisCacheManager
2022-10-16 14:39:42.842 [main] INFO  org.jeecg.config.ShiroConfig:225 - ===============(2)创建RedisManager,连接Redis..URL= 127.0.0.1:6379
2022-10-16 14:39:42.851 [main] INFO  o.s.c.s.PostProcessorRegistrationDelegate$BeanPostProcessorChecker:330 - Bean 'redisManager' of type [org.crazycake.shiro.RedisManager] is not eligible for getting processed by all BeanPostProcessors (for example: not eligible for auto-proxying)
2022-10-16 14:39:42.870 [main] INFO  o.s.c.s.PostProcessorRegistrationDelegate$BeanPostProcessorChecker:330 - Bean 'securityManager' of type [org.apache.shiro.web.mgt.DefaultWebSecurityManager] is not eligible for getting processed by all BeanPostProcessors (for example: not eligible for auto-proxying)
2022-10-16 14:39:42.938 [main] INFO  o.s.c.s.PostProcessorRegistrationDelegate$BeanPostProcessorChecker:330 - Bean 'authorizationAttributeSourceAdvisor' of type [org.apache.shiro.spring.security.interceptor.AuthorizationAttributeSourceAdvisor] is not eligible for getting processed by all BeanPostProcessors (for example: not eligible for auto-proxying)
2022-10-16 14:39:42.998 [main] INFO  o.s.c.s.PostProcessorRegistrationDelegate$BeanPostProcessorChecker:330 - Bean 'org.springframework.transaction.annotation.ProxyTransactionManagementConfiguration' of type [org.springframework.transaction.annotation.ProxyTransactionManagementConfiguration$$EnhancerBySpringCGLIB$$9ac5e3cf] is not eligible for getting processed by all BeanPostProcessors (for example: not eligible for auto-proxying)
2022-10-16 14:39:43.261 [main] INFO  o.s.c.s.PostProcessorRegistrationDelegate$BeanPostProcessorChecker:330 - Bean 'spring.datasource.dynamic-com.baomidou.dynamic.datasource.spring.boot.autoconfigure.DynamicDataSourceProperties' of type [com.baomidou.dynamic.datasource.spring.boot.autoconfigure.DynamicDataSourceProperties] is not eligible for getting processed by all BeanPostProcessors (for example: not eligible for auto-proxying)
2022-10-16 14:39:43.266 [main] INFO  o.s.c.s.PostProcessorRegistrationDelegate$BeanPostProcessorChecker:330 - Bean 'com.baomidou.dynamic.datasource.spring.boot.autoconfigure.DynamicDataSourceAutoConfiguration' of type [com.baomidou.dynamic.datasource.spring.boot.autoconfigure.DynamicDataSourceAutoConfiguration$$EnhancerBySpringCGLIB$$45454a0] is not eligible for getting processed by all BeanPostProcessors (for example: not eligible for auto-proxying)
2022-10-16 14:39:43.278 [main] INFO  o.s.c.s.PostProcessorRegistrationDelegate$BeanPostProcessorChecker:330 - Bean 'dsProcessor' of type [com.baomidou.dynamic.datasource.processor.DsHeaderProcessor] is not eligible for getting processed by all BeanPostProcessors (for example: not eligible for auto-proxying)
2022-10-16 14:39:43.292 [main] INFO  o.s.c.s.PostProcessorRegistrationDelegate$BeanPostProcessorChecker:330 - Bean 'dynamicDatasourceAnnotationAdvisor' of type [com.baomidou.dynamic.datasource.aop.DynamicDataSourceAnnotationAdvisor] is not eligible for getting processed by all BeanPostProcessors (for example: not eligible for auto-proxying)
2022-10-16 14:39:43.319 [main] INFO  o.s.c.s.PostProcessorRegistrationDelegate$BeanPostProcessorChecker:330 - Bean 'spring.redis-org.springframework.boot.autoconfigure.data.redis.RedisProperties' of type [org.springframework.boot.autoconfigure.data.redis.RedisProperties] is not eligible for getting processed by all BeanPostProcessors (for example: not eligible for auto-proxying)
2022-10-16 14:39:43.331 [main] INFO  o.s.c.s.PostProcessorRegistrationDelegate$BeanPostProcessorChecker:330 - Bean 'org.springframework.boot.autoconfigure.data.redis.LettuceConnectionConfiguration' of type [org.springframework.boot.autoconfigure.data.redis.LettuceConnectionConfiguration$$EnhancerBySpringCGLIB$$afdfa219] is not eligible for getting processed by all BeanPostProcessors (for example: not eligible for auto-proxying)
2022-10-16 14:39:43.591 [main] INFO  o.s.c.s.PostProcessorRegistrationDelegate$BeanPostProcessorChecker:330 - Bean 'lettuceClientResources' of type [io.lettuce.core.resource.DefaultClientResources] is not eligible for getting processed by all BeanPostProcessors (for example: not eligible for auto-proxying)
2022-10-16 14:39:43.727 [main] INFO  o.s.c.s.PostProcessorRegistrationDelegate$BeanPostProcessorChecker:330 - Bean 'redisConnectionFactory' of type [org.springframework.data.redis.connection.lettuce.LettuceConnectionFactory] is not eligible for getting processed by all BeanPostProcessors (for example: not eligible for auto-proxying)
2022-10-16 14:39:43.737 [main] INFO  o.s.c.s.PostProcessorRegistrationDelegate$BeanPostProcessorChecker:330 - Bean 'redisConfig' of type [org.jeecg.config.RedisConfig$$EnhancerBySpringCGLIB$$599d4af] is not eligible for getting processed by all BeanPostProcessors (for example: not eligible for auto-proxying)
2022-10-16 14:39:43.816 [main] INFO  o.s.c.s.PostProcessorRegistrationDelegate$BeanPostProcessorChecker:330 - Bean 'org.apache.shiro.spring.boot.autoconfigure.ShiroBeanAutoConfiguration' of type [org.apache.shiro.spring.boot.autoconfigure.ShiroBeanAutoConfiguration$$EnhancerBySpringCGLIB$$addec17f] is not eligible for getting processed by all BeanPostProcessors (for example: not eligible for auto-proxying)
2022-10-16 14:39:43.822 [main] INFO  o.s.c.s.PostProcessorRegistrationDelegate$BeanPostProcessorChecker:330 - Bean 'eventBus' of type [org.apache.shiro.event.support.DefaultEventBus] is not eligible for getting processed by all BeanPostProcessors (for example: not eligible for auto-proxying)
2022-10-16 14:39:44.414 [main] INFO  o.s.boot.web.embedded.tomcat.TomcatWebServer:90 - Tomcat initialized with port(s): 0 (http)
2022-10-16 14:39:44.431 [main] INFO  org.apache.coyote.http11.Http11NioProtocol:173 - Initializing ProtocolHandler ["http-nio-auto-1"]
2022-10-16 14:39:44.441 [main] INFO  org.apache.catalina.core.StandardService:173 - Starting service [Tomcat]
2022-10-16 14:39:44.442 [main] INFO  org.apache.catalina.core.StandardEngine:173 - Starting Servlet engine: [Apache Tomcat/9.0.16]
2022-10-16 14:39:44.452 [main] INFO  org.apache.catalina.core.AprLifecycleListener:173 - Loaded APR based Apache Tomcat Native library [1.2.25] using APR version [1.7.0].
2022-10-16 14:39:44.452 [main] INFO  org.apache.catalina.core.AprLifecycleListener:173 - APR capabilities: IPv6 [true], sendfile [true], accept filters [false], random [true].
2022-10-16 14:39:44.452 [main] INFO  org.apache.catalina.core.AprLifecycleListener:173 - APR/OpenSSL configuration: useAprConnector [false], useOpenSSL [true]
2022-10-16 14:39:44.455 [main] INFO  org.apache.catalina.core.AprLifecycleListener:173 - OpenSSL successfully initialized [OpenSSL 1.1.1g  21 Apr 2020]
2022-10-16 14:39:44.626 [main] INFO  o.a.c.c.C.[Tomcat].[localhost].[/jeecg-boot]:173 - Initializing Spring embedded WebApplicationContext
2022-10-16 14:39:44.626 [main] INFO  org.springframework.web.context.ContextLoader:296 - Root WebApplicationContext: initialization completed in 5733 ms
2022-10-16 14:39:45.386 [main] INFO  c.b.dynamic.datasource.DynamicDataSourceCreator:113 - 动态数据源-检测到druid存在,如配置中未指定type,druid会默认配置
2022-10-16 14:39:45.886 [main] INFO  com.alibaba.druid.pool.DruidDataSource:1003 - {dataSource-1,master} inited
2022-10-16 14:39:45.887 [main] INFO  c.b.dynamic.datasource.DynamicRoutingDataSource:203 - 初始共加载 1 个数据源
2022-10-16 14:39:45.888 [main] INFO  c.b.dynamic.datasource.DynamicRoutingDataSource:142 - 动态数据源-加载 master 成功
2022-10-16 14:39:45.888 [main] INFO  c.b.dynamic.datasource.DynamicRoutingDataSource:212 - 当前的默认数据源是单数据源，数据源名为 master
2022-10-16 14:39:49.536 [main] INFO  org.quartz.impl.StdSchedulerFactory:1208 - Using default implementation for ThreadExecutor
2022-10-16 14:39:49.542 [main] INFO  org.quartz.simpl.SimpleThreadPool:268 - Job execution threads will use class loader of thread: main
2022-10-16 14:39:49.560 [main] INFO  org.quartz.core.SchedulerSignalerImpl:61 - Initialized Scheduler Signaller of type: class org.quartz.core.SchedulerSignalerImpl
2022-10-16 14:39:49.560 [main] INFO  org.quartz.core.QuartzScheduler:229 - Quartz Scheduler v.2.3.0 created.
2022-10-16 14:39:49.566 [main] INFO  o.s.scheduling.quartz.LocalDataSourceJobStore:672 - Using db table-based data access locking (synchronization).
2022-10-16 14:39:49.569 [main] INFO  o.s.scheduling.quartz.LocalDataSourceJobStore:145 - JobStoreCMT initialized.
2022-10-16 14:39:49.570 [main] INFO  org.quartz.core.QuartzScheduler:294 - Scheduler meta-data: Quartz Scheduler (v2.3.0) 'MyScheduler' with instanceId 'helloWorld1665902389540'
  Scheduler class: 'org.quartz.core.QuartzScheduler' - running locally.
  NOT STARTED.
  Currently in standby mode.
  Number of jobs executed: 0
  Using thread pool 'org.quartz.simpl.SimpleThreadPool' - with 10 threads.
  Using job-store 'org.springframework.scheduling.quartz.LocalDataSourceJobStore' - which supports persistence. and is clustered.

2022-10-16 14:39:49.571 [main] INFO  org.quartz.impl.StdSchedulerFactory:1362 - Quartz scheduler 'MyScheduler' initialized from an externally provided properties instance.
2022-10-16 14:39:49.571 [main] INFO  org.quartz.impl.StdSchedulerFactory:1366 - Quartz scheduler version: 2.3.0
2022-10-16 14:39:49.572 [main] INFO  org.quartz.core.QuartzScheduler:2287 - JobFactory set to: org.springframework.scheduling.quartz.SpringBeanJobFactory@7fcfe065
2022-10-16 14:39:51.647 [main] INFO  o.s.b.actuate.endpoint.web.EndpointLinksResolver:59 - Exposing 2 endpoint(s) beneath base path '/actuator'
2022-10-16 14:39:51.903 [main] INFO  s.d.s.w.PropertySourcedRequestMappingHandlerMapping:69 - Mapped URL path [/v2/api-docs] onto method [public org.springframework.http.ResponseEntity<springfox.documentation.spring.web.json.Json> springfox.documentation.swagger2.web.Swagger2Controller.getDocumentation(java.lang.String,javax.servlet.http.HttpServletRequest)]
2022-10-16 14:39:52.373 [main] INFO  o.s.scheduling.concurrent.ThreadPoolTaskExecutor:171 - Initializing ExecutorService 'applicationTaskExecutor'
2022-10-16 14:39:53.526 [main] INFO  s.d.s.web.plugins.DocumentationPluginsBootstrapper:160 - Context refreshed
2022-10-16 14:39:53.551 [main] INFO  s.d.s.web.plugins.DocumentationPluginsBootstrapper:163 - Found 3 custom documentation plugin(s)
2022-10-16 14:39:53.641 [main] INFO  s.d.spring.web.scanners.ApiListingReferenceScanner:41 - Scanning for api listing references
2022-10-16 14:39:53.814 [main] INFO  s.d.spring.web.scanners.ApiListingReferenceScanner:41 - Scanning for api listing references
2022-10-16 14:39:53.885 [main] INFO  s.d.s.w.r.operation.CachingOperationNameGenerator:40 - Generating unique operation named: addUsingPOST_1
2022-10-16 14:39:53.890 [main] INFO  s.d.s.w.r.operation.CachingOperationNameGenerator:40 - Generating unique operation named: deleteUsingDELETE_1
2022-10-16 14:39:53.894 [main] INFO  s.d.s.w.r.operation.CachingOperationNameGenerator:40 - Generating unique operation named: deleteBatchUsingDELETE_1
2022-10-16 14:39:53.897 [main] INFO  s.d.s.w.r.operation.CachingOperationNameGenerator:40 - Generating unique operation named: editUsingPUT_1
2022-10-16 14:39:53.899 [main] INFO  s.d.s.w.r.operation.CachingOperationNameGenerator:40 - Generating unique operation named: queryByIdUsingGET_1
2022-10-16 14:39:53.905 [main] INFO  s.d.s.w.r.operation.CachingOperationNameGenerator:40 - Generating unique operation named: queryPageListUsingGET_1
2022-10-16 14:39:53.914 [main] INFO  s.d.s.w.r.operation.CachingOperationNameGenerator:40 - Generating unique operation named: addUsingPOST_2
2022-10-16 14:39:53.918 [main] INFO  s.d.s.w.r.operation.CachingOperationNameGenerator:40 - Generating unique operation named: deleteUsingDELETE_2
2022-10-16 14:39:53.920 [main] INFO  s.d.s.w.r.operation.CachingOperationNameGenerator:40 - Generating unique operation named: deleteBatchUsingDELETE_2
2022-10-16 14:39:53.923 [main] INFO  s.d.s.w.r.operation.CachingOperationNameGenerator:40 - Generating unique operation named: editUsingPUT_2
2022-10-16 14:39:53.928 [main] INFO  s.d.s.w.r.operation.CachingOperationNameGenerator:40 - Generating unique operation named: queryByIdUsingGET_2
2022-10-16 14:39:53.932 [main] INFO  s.d.s.w.r.operation.CachingOperationNameGenerator:40 - Generating unique operation named: queryPageListUsingGET_2
2022-10-16 14:39:53.937 [main] INFO  s.d.s.w.r.operation.CachingOperationNameGenerator:40 - Generating unique operation named: addUsingPOST_3
2022-10-16 14:39:53.938 [main] INFO  s.d.s.w.r.operation.CachingOperationNameGenerator:40 - Generating unique operation named: deleteUsingDELETE_3
2022-10-16 14:39:53.940 [main] INFO  s.d.s.w.r.operation.CachingOperationNameGenerator:40 - Generating unique operation named: deleteBatchUsingDELETE_3
2022-10-16 14:39:53.942 [main] INFO  s.d.s.w.r.operation.CachingOperationNameGenerator:40 - Generating unique operation named: editUsingPUT_3
2022-10-16 14:39:53.944 [main] INFO  s.d.s.w.r.operation.CachingOperationNameGenerator:40 - Generating unique operation named: queryByIdUsingGET_3
2022-10-16 14:39:53.948 [main] INFO  s.d.s.w.r.operation.CachingOperationNameGenerator:40 - Generating unique operation named: queryPageListUsingGET_3
2022-10-16 14:39:53.957 [main] INFO  s.d.spring.web.scanners.ApiListingReferenceScanner:41 - Scanning for api listing references
2022-10-16 14:39:53.991 [main] INFO  s.d.s.w.r.operation.CachingOperationNameGenerator:40 - Generating unique operation named: loginUsingPOST_1
2022-10-16 14:39:54.005 [main] INFO  s.d.s.w.r.operation.CachingOperationNameGenerator:40 - Generating unique operation named: addUsingPOST_4
2022-10-16 14:39:54.008 [main] INFO  s.d.s.w.r.operation.CachingOperationNameGenerator:40 - Generating unique operation named: deleteUsingDELETE_4
2022-10-16 14:39:54.010 [main] INFO  s.d.s.w.r.operation.CachingOperationNameGenerator:40 - Generating unique operation named: deleteBatchUsingDELETE_4
2022-10-16 14:39:54.012 [main] INFO  s.d.s.w.r.operation.CachingOperationNameGenerator:40 - Generating unique operation named: editUsingPUT_4
2022-10-16 14:39:54.014 [main] INFO  s.d.s.w.r.operation.CachingOperationNameGenerator:40 - Generating unique operation named: queryByIdUsingGET_4
2022-10-16 14:39:54.018 [main] INFO  s.d.s.w.r.operation.CachingOperationNameGenerator:40 - Generating unique operation named: queryPageListUsingGET_4
2022-10-16 14:39:54.027 [main] INFO  s.d.s.w.r.operation.CachingOperationNameGenerator:40 - Generating unique operation named: addUsingPOST_5
2022-10-16 14:39:54.030 [main] INFO  s.d.s.w.r.operation.CachingOperationNameGenerator:40 - Generating unique operation named: deleteUsingDELETE_5
2022-10-16 14:39:54.033 [main] INFO  s.d.s.w.r.operation.CachingOperationNameGenerator:40 - Generating unique operation named: deleteBatchUsingDELETE_5
2022-10-16 14:39:54.036 [main] INFO  s.d.s.w.r.operation.CachingOperationNameGenerator:40 - Generating unique operation named: editUsingPUT_5
2022-10-16 14:39:54.040 [main] INFO  s.d.s.w.r.operation.CachingOperationNameGenerator:40 - Generating unique operation named: queryByIdUsingGET_5
2022-10-16 14:39:54.045 [main] INFO  s.d.s.w.r.operation.CachingOperationNameGenerator:40 - Generating unique operation named: queryPageListUsingGET_5
2022-10-16 14:39:54.052 [main] INFO  s.d.s.w.r.operation.CachingOperationNameGenerator:40 - Generating unique operation named: addUsingPOST_6
2022-10-16 14:39:54.054 [main] INFO  s.d.s.w.r.operation.CachingOperationNameGenerator:40 - Generating unique operation named: deleteUsingDELETE_6
2022-10-16 14:39:54.056 [main] INFO  s.d.s.w.r.operation.CachingOperationNameGenerator:40 - Generating unique operation named: deleteBatchUsingDELETE_6
2022-10-16 14:39:54.058 [main] INFO  s.d.s.w.r.operation.CachingOperationNameGenerator:40 - Generating unique operation named: editUsingPUT_6
2022-10-16 14:39:54.060 [main] INFO  s.d.s.w.r.operation.CachingOperationNameGenerator:40 - Generating unique operation named: queryByIdUsingGET_6
2022-10-16 14:39:54.065 [main] INFO  s.d.s.w.r.operation.CachingOperationNameGenerator:40 - Generating unique operation named: queryPageListUsingGET_6
2022-10-16 14:39:54.071 [main] INFO  s.d.s.w.r.operation.CachingOperationNameGenerator:40 - Generating unique operation named: addUsingPOST_7
2022-10-16 14:39:54.074 [main] INFO  s.d.s.w.r.operation.CachingOperationNameGenerator:40 - Generating unique operation named: deleteUsingDELETE_7
2022-10-16 14:39:54.077 [main] INFO  s.d.s.w.r.operation.CachingOperationNameGenerator:40 - Generating unique operation named: deleteBatchUsingDELETE_7
2022-10-16 14:39:54.081 [main] INFO  s.d.s.w.r.operation.CachingOperationNameGenerator:40 - Generating unique operation named: editUsingPUT_7
2022-10-16 14:39:54.084 [main] INFO  s.d.s.w.r.operation.CachingOperationNameGenerator:40 - Generating unique operation named: queryByIdUsingGET_7
2022-10-16 14:39:54.091 [main] INFO  s.d.s.w.r.operation.CachingOperationNameGenerator:40 - Generating unique operation named: queryPageListUsingGET_7
2022-10-16 14:39:54.099 [main] INFO  s.d.s.w.r.operation.CachingOperationNameGenerator:40 - Generating unique operation named: addUsingPOST_8
2022-10-16 14:39:54.102 [main] INFO  s.d.s.w.r.operation.CachingOperationNameGenerator:40 - Generating unique operation named: deleteUsingDELETE_8
2022-10-16 14:39:54.105 [main] INFO  s.d.s.w.r.operation.CachingOperationNameGenerator:40 - Generating unique operation named: deleteBatchUsingDELETE_8
2022-10-16 14:39:54.107 [main] INFO  s.d.s.w.r.operation.CachingOperationNameGenerator:40 - Generating unique operation named: editUsingPUT_8
2022-10-16 14:39:54.109 [main] INFO  s.d.s.w.r.operation.CachingOperationNameGenerator:40 - Generating unique operation named: queryByIdUsingGET_8
2022-10-16 14:39:54.116 [main] INFO  s.d.s.w.r.operation.CachingOperationNameGenerator:40 - Generating unique operation named: queryPageListUsingGET_8
2022-10-16 14:39:54.129 [main] INFO  s.d.s.w.r.operation.CachingOperationNameGenerator:40 - Generating unique operation named: addUsingPOST_9
2022-10-16 14:39:54.131 [main] INFO  s.d.s.w.r.operation.CachingOperationNameGenerator:40 - Generating unique operation named: deleteUsingDELETE_9
2022-10-16 14:39:54.133 [main] INFO  s.d.s.w.r.operation.CachingOperationNameGenerator:40 - Generating unique operation named: deleteBatchUsingDELETE_9
2022-10-16 14:39:54.135 [main] INFO  s.d.s.w.r.operation.CachingOperationNameGenerator:40 - Generating unique operation named: editUsingPUT_9
2022-10-16 14:39:54.137 [main] INFO  s.d.s.w.r.operation.CachingOperationNameGenerator:40 - Generating unique operation named: queryByIdUsingGET_9
2022-10-16 14:39:54.152 [main] INFO  s.d.s.w.r.operation.CachingOperationNameGenerator:40 - Generating unique operation named: queryPageListUsingGET_9
2022-10-16 14:39:54.154 [main] INFO  o.s.scheduling.quartz.SchedulerFactoryBean:726 - Starting Quartz Scheduler now
2022-10-16 14:39:54.405 [main] INFO  o.s.scheduling.quartz.LocalDataSourceJobStore:3629 - ClusterManager: detected 1 failed or restarted instances.
2022-10-16 14:39:54.405 [main] INFO  o.s.scheduling.quartz.LocalDataSourceJobStore:3488 - ClusterManager: Scanning for instance "helloWorld1665902049730"'s failed in-progress jobs.
2022-10-16 14:39:54.416 [main] INFO  org.quartz.core.QuartzScheduler:547 - Scheduler MyScheduler_$_helloWorld1665902389540 started.
2022-10-16 14:39:54.436 [main] INFO  org.apache.coyote.http11.Http11NioProtocol:173 - Starting ProtocolHandler ["http-nio-auto-1"]
2022-10-16 14:39:54.482 [main] INFO  o.s.boot.web.embedded.tomcat.TomcatWebServer:204 - Tomcat started on port(s): 11450 (http) with context path '/jeecg-boot'
2022-10-16 14:39:54.487 [main] INFO  org.jeecg.SampleTest:59 - Started SampleTest in 16.114 seconds (JVM running for 18.819)
2022-10-16 14:39:54.775 [main] DEBUG o.j.m.s.mapper.SysDataLogMapper.queryMaxDataVer:143 - ==>  Preparing: select max(data_version) as mvn from sys_data_log where data_table = ? and data_id =? 
2022-10-16 14:39:54.784 [main] DEBUG o.j.m.s.mapper.SysDataLogMapper.queryMaxDataVer:143 - ==> Parameters: jeecg_demo(String), 4028ef81550c1a7901550c1cd6e70001(String)
2022-10-16 14:39:54.804 [main] DEBUG o.j.m.s.mapper.SysDataLogMapper.queryMaxDataVer:143 - <==      Total: 1
2022-10-16 14:39:55.221 [main] DEBUG o.j.modules.system.mapper.SysDataLogMapper.insert:143 - ==>  Preparing: INSERT INTO sys_data_log ( id, create_time, data_table, data_id, data_content, data_version ) VALUES ( ?, ?, ?, ?, ?, ? ) 
2022-10-16 14:39:55.224 [main] DEBUG o.j.modules.system.mapper.SysDataLogMapper.insert:143 - ==> Parameters: 1581535390337093634(String), 2022-10-16 14:39:54.81(Timestamp), jeecg_demo(String), 4028ef81550c1a7901550c1cd6e70001(String), {
	"mobilePhone":"1872222222",
	"officePhone":"1222222",
	"email":"",
	"createDate":"Jun 23, 2016 12:00:00 PM",
	"sex":"1",
	"depId":"402880e447e99cf10147e9a03b320003",
	"userName":"9001",
	"status":"1",
	"content":"111",
	"id":"4028ef81550c1a7901550c1cd6e70001"
}(String), 4(String)
2022-10-16 14:39:55.226 [main] DEBUG o.j.modules.system.mapper.SysDataLogMapper.insert:143 - <==    Updates: 1
2022-10-16 14:39:55.654 [Thread-7] INFO  org.quartz.core.QuartzScheduler:585 - Scheduler MyScheduler_$_helloWorld1665902389540 paused.
2022-10-16 14:39:55.655 [Thread-7] INFO  o.s.scheduling.concurrent.ThreadPoolTaskExecutor:208 - Shutting down ExecutorService 'applicationTaskExecutor'
2022-10-16 14:39:55.658 [Thread-7] INFO  o.s.scheduling.quartz.SchedulerFactoryBean:844 - Shutting down Quartz Scheduler
2022-10-16 14:39:55.658 [Thread-7] INFO  org.quartz.core.QuartzScheduler:666 - Scheduler MyScheduler_$_helloWorld1665902389540 shutting down.
2022-10-16 14:39:55.659 [Thread-7] INFO  org.quartz.core.QuartzScheduler:585 - Scheduler MyScheduler_$_helloWorld1665902389540 paused.
2022-10-16 14:39:55.660 [Thread-7] INFO  org.quartz.core.QuartzScheduler:740 - Scheduler MyScheduler_$_helloWorld1665902389540 shutdown complete.
2022-10-16 14:39:55.665 [Thread-7] INFO  c.b.dynamic.datasource.DynamicRoutingDataSource:182 - closing dynamicDatasource  ing....
2022-10-16 14:39:55.667 [Thread-7] INFO  com.alibaba.druid.pool.DruidDataSource:1948 - {dataSource-1} closing ...
2022-10-16 14:39:55.671 [Thread-7] INFO  com.alibaba.druid.pool.DruidDataSource:2020 - {dataSource-1} closed
