2020-06-20 12:44:23.927 [main] INFO  org.jeecg.JeecgApplication:50 - Starting JeecgApplication on DESKTOP-EB538PJ with PID 5664 (F:\IDEA_space\jeecg-jeecg-boot-master\jeecg-boot\jeecg-boot\jeecg-boot-module-system\target\classes started by Carry in F:\IDEA_space\jeecg-jeecg-boot-master\jeecg-boot\jeecg-boot)
2020-06-20 12:44:23.927 [main] INFO  org.jeecg.JeecgApplication:679 - The following profiles are active: dev
2020-06-20 12:44:32.891 [main] INFO  o.s.d.r.config.RepositoryConfigurationDelegate:244 - Multiple Spring Data modules found, entering strict repository configuration mode!
2020-06-20 12:44:32.891 [main] INFO  o.s.d.r.config.RepositoryConfigurationDelegate:126 - Bootstrapping Spring Data repositories in DEFAULT mode.
2020-06-20 12:44:33.013 [main] INFO  o.s.d.r.config.RepositoryConfigurationDelegate:182 - Finished Spring Data repository scanning in 84ms. Found 0 repository interfaces.
2020-06-20 12:44:33.470 [main] INFO  o.s.c.s.PostProcessorRegistrationDelegate$BeanPostProcessorChecker:330 - Bean 'shiroConfig' of type [org.jeecg.config.ShiroConfig$$EnhancerBySpringCGLIB$$9e773b61] is not eligible for getting processed by all BeanPostProcessors (for example: not eligible for auto-proxying)
2020-06-20 12:44:33.658 [main] INFO  o.s.c.s.PostProcessorRegistrationDelegate$BeanPostProcessorChecker:330 - Bean 'shiroRealm' of type [org.jeecg.modules.shiro.authc.ShiroRealm] is not eligible for getting processed by all BeanPostProcessors (for example: not eligible for auto-proxying)
2020-06-20 12:44:34.095 [main] INFO  org.jeecg.config.ShiroConfig:207 - ===============(1)创建缓存管理器RedisCacheManager
2020-06-20 12:44:34.095 [main] INFO  org.jeecg.config.ShiroConfig:225 - ===============(2)创建RedisManager,连接Redis..URL= 127.0.0.1:6379
2020-06-20 12:44:34.095 [main] INFO  o.s.c.s.PostProcessorRegistrationDelegate$BeanPostProcessorChecker:330 - Bean 'redisManager' of type [org.crazycake.shiro.RedisManager] is not eligible for getting processed by all BeanPostProcessors (for example: not eligible for auto-proxying)
2020-06-20 12:44:34.111 [main] INFO  o.s.c.s.PostProcessorRegistrationDelegate$BeanPostProcessorChecker:330 - Bean 'securityManager' of type [org.apache.shiro.web.mgt.DefaultWebSecurityManager] is not eligible for getting processed by all BeanPostProcessors (for example: not eligible for auto-proxying)
2020-06-20 12:44:34.142 [main] INFO  o.s.c.s.PostProcessorRegistrationDelegate$BeanPostProcessorChecker:330 - Bean 'authorizationAttributeSourceAdvisor' of type [org.apache.shiro.spring.security.interceptor.AuthorizationAttributeSourceAdvisor] is not eligible for getting processed by all BeanPostProcessors (for example: not eligible for auto-proxying)
2020-06-20 12:44:34.220 [main] INFO  o.s.c.s.PostProcessorRegistrationDelegate$BeanPostProcessorChecker:330 - Bean 'org.springframework.transaction.annotation.ProxyTransactionManagementConfiguration' of type [org.springframework.transaction.annotation.ProxyTransactionManagementConfiguration$$EnhancerBySpringCGLIB$$7e71d1cb] is not eligible for getting processed by all BeanPostProcessors (for example: not eligible for auto-proxying)
2020-06-20 12:44:34.407 [main] INFO  o.s.c.s.PostProcessorRegistrationDelegate$BeanPostProcessorChecker:330 - Bean 'spring.datasource.dynamic-com.baomidou.dynamic.datasource.spring.boot.autoconfigure.DynamicDataSourceProperties' of type [com.baomidou.dynamic.datasource.spring.boot.autoconfigure.DynamicDataSourceProperties] is not eligible for getting processed by all BeanPostProcessors (for example: not eligible for auto-proxying)
2020-06-20 12:44:34.423 [main] INFO  o.s.c.s.PostProcessorRegistrationDelegate$BeanPostProcessorChecker:330 - Bean 'com.baomidou.dynamic.datasource.spring.boot.autoconfigure.DynamicDataSourceAutoConfiguration' of type [com.baomidou.dynamic.datasource.spring.boot.autoconfigure.DynamicDataSourceAutoConfiguration$$EnhancerBySpringCGLIB$$e800429c] is not eligible for getting processed by all BeanPostProcessors (for example: not eligible for auto-proxying)
2020-06-20 12:44:34.423 [main] INFO  o.s.c.s.PostProcessorRegistrationDelegate$BeanPostProcessorChecker:330 - Bean 'dsProcessor' of type [com.baomidou.dynamic.datasource.processor.DsHeaderProcessor] is not eligible for getting processed by all BeanPostProcessors (for example: not eligible for auto-proxying)
2020-06-20 12:44:34.439 [main] INFO  o.s.c.s.PostProcessorRegistrationDelegate$BeanPostProcessorChecker:330 - Bean 'dynamicDatasourceAnnotationAdvisor' of type [com.baomidou.dynamic.datasource.aop.DynamicDataSourceAnnotationAdvisor] is not eligible for getting processed by all BeanPostProcessors (for example: not eligible for auto-proxying)
2020-06-20 12:44:34.454 [main] INFO  o.s.c.s.PostProcessorRegistrationDelegate$BeanPostProcessorChecker:330 - Bean 'spring.redis-org.springframework.boot.autoconfigure.data.redis.RedisProperties' of type [org.springframework.boot.autoconfigure.data.redis.RedisProperties] is not eligible for getting processed by all BeanPostProcessors (for example: not eligible for auto-proxying)
2020-06-20 12:44:34.470 [main] INFO  o.s.c.s.PostProcessorRegistrationDelegate$BeanPostProcessorChecker:330 - Bean 'org.springframework.boot.autoconfigure.data.redis.LettuceConnectionConfiguration' of type [org.springframework.boot.autoconfigure.data.redis.LettuceConnectionConfiguration$$EnhancerBySpringCGLIB$$938b9015] is not eligible for getting processed by all BeanPostProcessors (for example: not eligible for auto-proxying)
2020-06-20 12:44:34.610 [main] INFO  o.s.c.s.PostProcessorRegistrationDelegate$BeanPostProcessorChecker:330 - Bean 'lettuceClientResources' of type [io.lettuce.core.resource.DefaultClientResources] is not eligible for getting processed by all BeanPostProcessors (for example: not eligible for auto-proxying)
2020-06-20 12:44:34.720 [main] INFO  o.s.c.s.PostProcessorRegistrationDelegate$BeanPostProcessorChecker:330 - Bean 'redisConnectionFactory' of type [org.springframework.data.redis.connection.lettuce.LettuceConnectionFactory] is not eligible for getting processed by all BeanPostProcessors (for example: not eligible for auto-proxying)
2020-06-20 12:44:34.751 [main] INFO  o.s.c.s.PostProcessorRegistrationDelegate$BeanPostProcessorChecker:330 - Bean 'redisConfig' of type [org.jeecg.config.RedisConfig$$EnhancerBySpringCGLIB$$e945c2ab] is not eligible for getting processed by all BeanPostProcessors (for example: not eligible for auto-proxying)
2020-06-20 12:44:34.782 [main] INFO  o.s.c.s.PostProcessorRegistrationDelegate$BeanPostProcessorChecker:330 - Bean 'org.apache.shiro.spring.boot.autoconfigure.ShiroBeanAutoConfiguration' of type [org.apache.shiro.spring.boot.autoconfigure.ShiroBeanAutoConfiguration$$EnhancerBySpringCGLIB$$918aaf7b] is not eligible for getting processed by all BeanPostProcessors (for example: not eligible for auto-proxying)
2020-06-20 12:44:34.798 [main] INFO  o.s.c.s.PostProcessorRegistrationDelegate$BeanPostProcessorChecker:330 - Bean 'eventBus' of type [org.apache.shiro.event.support.DefaultEventBus] is not eligible for getting processed by all BeanPostProcessors (for example: not eligible for auto-proxying)
2020-06-20 12:44:35.298 [main] INFO  o.s.boot.web.embedded.tomcat.TomcatWebServer:90 - Tomcat initialized with port(s): 8080 (http)
2020-06-20 12:44:35.313 [main] INFO  org.apache.coyote.http11.Http11NioProtocol:173 - Initializing ProtocolHandler ["http-nio-8080"]
2020-06-20 12:44:35.329 [main] INFO  org.apache.catalina.core.StandardService:173 - Starting service [Tomcat]
2020-06-20 12:44:35.329 [main] INFO  org.apache.catalina.core.StandardEngine:173 - Starting Servlet engine: [Apache Tomcat/9.0.16]
2020-06-20 12:44:35.345 [main] INFO  org.apache.catalina.core.AprLifecycleListener:173 - The APR based Apache Tomcat Native library which allows optimal performance in production environments was not found on the java.library.path: [D:\Program Files\Java\jdk1.8.0_251\bin;C:\Windows\Sun\Java\bin;C:\Windows\system32;C:\Windows;C:\Program Files (x86)\Common Files\Oracle\Java\javapath;D:\ProgramData\Anaconda3;D:\ProgramData\Anaconda3\Library\mingw-w64\bin;D:\ProgramData\Anaconda3\Library\usr\bin;D:\ProgramData\Anaconda3\Library\bin;D:\ProgramData\Anaconda3\Scripts;C:\Program Files (x86)\Common Files\NetSarang;C:\ProgramData\Oracle\Java\javapath;C:\Windows\system32;C:\Windows;C:\Windows\System32\Wbem;C:\Windows\System32\WindowsPowerShell\v1.0\;C:\Windows\System32\OpenSSH\;D:\Program Files\mysql-5.7.25\bin;D:\Program Files (x86)\scala\bin;D:\Program Files\nodejs\;C:\ProgramData\chocolatey\bin;D:\Program Files\Redis;D:\Program Files (x86)\Yarn\bin\;D:\Program Files\Java\jdk1.8.0_251\bin;D:\Program Files\Java\jdk1.8.0_251\jre\bin;D:\Program Files\apache-maven-3.5.4\apache-maven-3.5.4\bin;F:\hadoop\hadoop-2.6.5\sbin;F:\hadoop\hadoop-2.6.5\bin;C:\Users\15145\AppData\Local\Microsoft\WindowsApps;F:\Program Files\Bandizip\;C:\Users\15145\AppData\Roaming\npm;C:\Users\15145\AppData\Local\Yarn\bin;D:\Programs\Microsoft VS Code\bin;.]
2020-06-20 12:44:43.140 [main] INFO  o.a.c.c.C.[Tomcat].[localhost].[/jeecg-boot]:173 - Initializing Spring embedded WebApplicationContext
2020-06-20 12:44:43.140 [main] INFO  org.springframework.web.context.ContextLoader:296 - Root WebApplicationContext: initialization completed in 19159 ms
2020-06-20 12:44:43.624 [main] INFO  c.b.dynamic.datasource.DynamicDataSourceCreator:113 - 动态数据源-检测到druid存在,如配置中未指定type,druid会默认配置
2020-06-20 12:44:43.983 [main] INFO  com.alibaba.druid.pool.DruidDataSource:1003 - {dataSource-1,master} inited
2020-06-20 12:44:43.983 [main] INFO  c.b.dynamic.datasource.DynamicRoutingDataSource:203 - 初始共加载 1 个数据源
2020-06-20 12:44:43.983 [main] INFO  c.b.dynamic.datasource.DynamicRoutingDataSource:142 - 动态数据源-加载 master 成功
2020-06-20 12:44:43.983 [main] INFO  c.b.dynamic.datasource.DynamicRoutingDataSource:212 - 当前的默认数据源是单数据源，数据源名为 master
2020-06-20 12:44:47.740 [main] INFO  org.quartz.impl.StdSchedulerFactory:1208 - Using default implementation for ThreadExecutor
2020-06-20 12:44:47.740 [main] INFO  org.quartz.simpl.SimpleThreadPool:268 - Job execution threads will use class loader of thread: main
2020-06-20 12:44:47.755 [main] INFO  org.quartz.core.SchedulerSignalerImpl:61 - Initialized Scheduler Signaller of type: class org.quartz.core.SchedulerSignalerImpl
2020-06-20 12:44:47.755 [main] INFO  org.quartz.core.QuartzScheduler:229 - Quartz Scheduler v.2.3.0 created.
2020-06-20 12:44:47.755 [main] INFO  o.s.scheduling.quartz.LocalDataSourceJobStore:672 - Using db table-based data access locking (synchronization).
2020-06-20 12:44:47.755 [main] INFO  o.s.scheduling.quartz.LocalDataSourceJobStore:145 - JobStoreCMT initialized.
2020-06-20 12:44:47.755 [main] INFO  org.quartz.core.QuartzScheduler:294 - Scheduler meta-data: Quartz Scheduler (v2.3.0) 'MyScheduler' with instanceId 'DESKTOP-EB538PJ1592628287740'
  Scheduler class: 'org.quartz.core.QuartzScheduler' - running locally.
  NOT STARTED.
  Currently in standby mode.
  Number of jobs executed: 0
  Using thread pool 'org.quartz.simpl.SimpleThreadPool' - with 10 threads.
  Using job-store 'org.springframework.scheduling.quartz.LocalDataSourceJobStore' - which supports persistence. and is clustered.

2020-06-20 12:44:47.755 [main] INFO  org.quartz.impl.StdSchedulerFactory:1362 - Quartz scheduler 'MyScheduler' initialized from an externally provided properties instance.
2020-06-20 12:44:47.755 [main] INFO  org.quartz.impl.StdSchedulerFactory:1366 - Quartz scheduler version: 2.3.0
2020-06-20 12:44:47.755 [main] INFO  org.quartz.core.QuartzScheduler:2287 - JobFactory set to: org.springframework.scheduling.quartz.SpringBeanJobFactory@3ca3eba2
2020-06-20 12:44:50.427 [main] INFO  o.s.b.actuate.endpoint.web.EndpointLinksResolver:59 - Exposing 2 endpoint(s) beneath base path '/actuator'
2020-06-20 12:44:50.661 [main] INFO  s.d.s.w.PropertySourcedRequestMappingHandlerMapping:69 - Mapped URL path [/v2/api-docs] onto method [public org.springframework.http.ResponseEntity<springfox.documentation.spring.web.json.Json> springfox.documentation.swagger2.web.Swagger2Controller.getDocumentation(java.lang.String,javax.servlet.http.HttpServletRequest)]
2020-06-20 12:44:51.005 [main] INFO  o.s.scheduling.concurrent.ThreadPoolTaskExecutor:171 - Initializing ExecutorService 'applicationTaskExecutor'
2020-06-20 12:44:52.157 [main] INFO  s.d.s.web.plugins.DocumentationPluginsBootstrapper:160 - Context refreshed
2020-06-20 12:44:52.176 [main] INFO  s.d.s.web.plugins.DocumentationPluginsBootstrapper:163 - Found 3 custom documentation plugin(s)
2020-06-20 12:44:52.259 [main] INFO  s.d.spring.web.scanners.ApiListingReferenceScanner:41 - Scanning for api listing references
2020-06-20 12:44:52.469 [main] INFO  s.d.spring.web.scanners.ApiListingReferenceScanner:41 - Scanning for api listing references
2020-06-20 12:44:52.548 [main] INFO  s.d.s.w.r.operation.CachingOperationNameGenerator:40 - Generating unique operation named: addUsingPOST_1
2020-06-20 12:44:52.553 [main] INFO  s.d.s.w.r.operation.CachingOperationNameGenerator:40 - Generating unique operation named: deleteUsingDELETE_1
2020-06-20 12:44:52.556 [main] INFO  s.d.s.w.r.operation.CachingOperationNameGenerator:40 - Generating unique operation named: deleteBatchUsingDELETE_1
2020-06-20 12:44:52.558 [main] INFO  s.d.s.w.r.operation.CachingOperationNameGenerator:40 - Generating unique operation named: editUsingPUT_1
2020-06-20 12:44:52.560 [main] INFO  s.d.s.w.r.operation.CachingOperationNameGenerator:40 - Generating unique operation named: queryByIdUsingGET_1
2020-06-20 12:44:52.565 [main] INFO  s.d.s.w.r.operation.CachingOperationNameGenerator:40 - Generating unique operation named: queryPageListUsingGET_1
2020-06-20 12:44:52.571 [main] INFO  s.d.s.w.r.operation.CachingOperationNameGenerator:40 - Generating unique operation named: addUsingPOST_2
2020-06-20 12:44:52.576 [main] INFO  s.d.s.w.r.operation.CachingOperationNameGenerator:40 - Generating unique operation named: deleteUsingDELETE_2
2020-06-20 12:44:52.578 [main] INFO  s.d.s.w.r.operation.CachingOperationNameGenerator:40 - Generating unique operation named: deleteBatchUsingDELETE_2
2020-06-20 12:44:52.581 [main] INFO  s.d.s.w.r.operation.CachingOperationNameGenerator:40 - Generating unique operation named: editUsingPUT_2
2020-06-20 12:44:52.586 [main] INFO  s.d.s.w.r.operation.CachingOperationNameGenerator:40 - Generating unique operation named: queryByIdUsingGET_2
2020-06-20 12:44:52.591 [main] INFO  s.d.s.w.r.operation.CachingOperationNameGenerator:40 - Generating unique operation named: queryPageListUsingGET_2
2020-06-20 12:44:52.597 [main] INFO  s.d.s.w.r.operation.CachingOperationNameGenerator:40 - Generating unique operation named: addUsingPOST_3
2020-06-20 12:44:52.599 [main] INFO  s.d.s.w.r.operation.CachingOperationNameGenerator:40 - Generating unique operation named: deleteUsingDELETE_3
2020-06-20 12:44:52.601 [main] INFO  s.d.s.w.r.operation.CachingOperationNameGenerator:40 - Generating unique operation named: deleteBatchUsingDELETE_3
2020-06-20 12:44:52.602 [main] INFO  s.d.s.w.r.operation.CachingOperationNameGenerator:40 - Generating unique operation named: editUsingPUT_3
2020-06-20 12:44:52.605 [main] INFO  s.d.s.w.r.operation.CachingOperationNameGenerator:40 - Generating unique operation named: queryByIdUsingGET_3
2020-06-20 12:44:52.608 [main] INFO  s.d.s.w.r.operation.CachingOperationNameGenerator:40 - Generating unique operation named: queryPageListUsingGET_3
2020-06-20 12:44:52.617 [main] INFO  s.d.spring.web.scanners.ApiListingReferenceScanner:41 - Scanning for api listing references
2020-06-20 12:44:52.652 [main] INFO  s.d.s.w.r.operation.CachingOperationNameGenerator:40 - Generating unique operation named: loginUsingPOST_1
2020-06-20 12:44:52.665 [main] INFO  s.d.s.w.r.operation.CachingOperationNameGenerator:40 - Generating unique operation named: addUsingPOST_4
2020-06-20 12:44:52.669 [main] INFO  s.d.s.w.r.operation.CachingOperationNameGenerator:40 - Generating unique operation named: deleteUsingDELETE_4
2020-06-20 12:44:52.670 [main] INFO  s.d.s.w.r.operation.CachingOperationNameGenerator:40 - Generating unique operation named: deleteBatchUsingDELETE_4
2020-06-20 12:44:52.672 [main] INFO  s.d.s.w.r.operation.CachingOperationNameGenerator:40 - Generating unique operation named: editUsingPUT_4
2020-06-20 12:44:52.674 [main] INFO  s.d.s.w.r.operation.CachingOperationNameGenerator:40 - Generating unique operation named: queryByIdUsingGET_4
2020-06-20 12:44:52.679 [main] INFO  s.d.s.w.r.operation.CachingOperationNameGenerator:40 - Generating unique operation named: queryPageListUsingGET_4
2020-06-20 12:44:52.688 [main] INFO  s.d.s.w.r.operation.CachingOperationNameGenerator:40 - Generating unique operation named: addUsingPOST_5
2020-06-20 12:44:52.689 [main] INFO  s.d.s.w.r.operation.CachingOperationNameGenerator:40 - Generating unique operation named: deleteUsingDELETE_5
2020-06-20 12:44:52.692 [main] INFO  s.d.s.w.r.operation.CachingOperationNameGenerator:40 - Generating unique operation named: deleteBatchUsingDELETE_5
2020-06-20 12:44:52.693 [main] INFO  s.d.s.w.r.operation.CachingOperationNameGenerator:40 - Generating unique operation named: editUsingPUT_5
2020-06-20 12:44:52.695 [main] INFO  s.d.s.w.r.operation.CachingOperationNameGenerator:40 - Generating unique operation named: queryByIdUsingGET_5
2020-06-20 12:44:52.699 [main] INFO  s.d.s.w.r.operation.CachingOperationNameGenerator:40 - Generating unique operation named: queryPageListUsingGET_5
2020-06-20 12:44:52.705 [main] INFO  s.d.s.w.r.operation.CachingOperationNameGenerator:40 - Generating unique operation named: addUsingPOST_6
2020-06-20 12:44:52.706 [main] INFO  s.d.s.w.r.operation.CachingOperationNameGenerator:40 - Generating unique operation named: deleteUsingDELETE_6
2020-06-20 12:44:52.707 [main] INFO  s.d.s.w.r.operation.CachingOperationNameGenerator:40 - Generating unique operation named: deleteBatchUsingDELETE_6
2020-06-20 12:44:52.709 [main] INFO  s.d.s.w.r.operation.CachingOperationNameGenerator:40 - Generating unique operation named: editUsingPUT_6
2020-06-20 12:44:52.711 [main] INFO  s.d.s.w.r.operation.CachingOperationNameGenerator:40 - Generating unique operation named: queryByIdUsingGET_6
2020-06-20 12:44:52.714 [main] INFO  s.d.s.w.r.operation.CachingOperationNameGenerator:40 - Generating unique operation named: queryPageListUsingGET_6
2020-06-20 12:44:52.721 [main] INFO  s.d.s.w.r.operation.CachingOperationNameGenerator:40 - Generating unique operation named: addUsingPOST_7
2020-06-20 12:44:52.722 [main] INFO  s.d.s.w.r.operation.CachingOperationNameGenerator:40 - Generating unique operation named: deleteUsingDELETE_7
2020-06-20 12:44:52.724 [main] INFO  s.d.s.w.r.operation.CachingOperationNameGenerator:40 - Generating unique operation named: deleteBatchUsingDELETE_7
2020-06-20 12:44:52.725 [main] INFO  s.d.s.w.r.operation.CachingOperationNameGenerator:40 - Generating unique operation named: editUsingPUT_7
2020-06-20 12:44:52.727 [main] INFO  s.d.s.w.r.operation.CachingOperationNameGenerator:40 - Generating unique operation named: queryByIdUsingGET_7
2020-06-20 12:44:52.731 [main] INFO  s.d.s.w.r.operation.CachingOperationNameGenerator:40 - Generating unique operation named: queryPageListUsingGET_7
2020-06-20 12:44:52.736 [main] INFO  s.d.s.w.r.operation.CachingOperationNameGenerator:40 - Generating unique operation named: addUsingPOST_8
2020-06-20 12:44:52.738 [main] INFO  s.d.s.w.r.operation.CachingOperationNameGenerator:40 - Generating unique operation named: deleteUsingDELETE_8
2020-06-20 12:44:52.739 [main] INFO  s.d.s.w.r.operation.CachingOperationNameGenerator:40 - Generating unique operation named: deleteBatchUsingDELETE_8
2020-06-20 12:44:52.740 [main] INFO  s.d.s.w.r.operation.CachingOperationNameGenerator:40 - Generating unique operation named: editUsingPUT_8
2020-06-20 12:44:52.742 [main] INFO  s.d.s.w.r.operation.CachingOperationNameGenerator:40 - Generating unique operation named: queryByIdUsingGET_8
2020-06-20 12:44:52.746 [main] INFO  s.d.s.w.r.operation.CachingOperationNameGenerator:40 - Generating unique operation named: queryPageListUsingGET_8
2020-06-20 12:44:52.755 [main] INFO  s.d.s.w.r.operation.CachingOperationNameGenerator:40 - Generating unique operation named: addUsingPOST_9
2020-06-20 12:44:52.758 [main] INFO  s.d.s.w.r.operation.CachingOperationNameGenerator:40 - Generating unique operation named: deleteUsingDELETE_9
2020-06-20 12:44:52.759 [main] INFO  s.d.s.w.r.operation.CachingOperationNameGenerator:40 - Generating unique operation named: deleteBatchUsingDELETE_9
2020-06-20 12:44:52.761 [main] INFO  s.d.s.w.r.operation.CachingOperationNameGenerator:40 - Generating unique operation named: editUsingPUT_9
2020-06-20 12:44:52.762 [main] INFO  s.d.s.w.r.operation.CachingOperationNameGenerator:40 - Generating unique operation named: queryByIdUsingGET_9
2020-06-20 12:44:52.770 [main] INFO  s.d.s.w.r.operation.CachingOperationNameGenerator:40 - Generating unique operation named: queryPageListUsingGET_9
2020-06-20 12:44:52.771 [main] INFO  o.s.scheduling.quartz.SchedulerFactoryBean:726 - Starting Quartz Scheduler now
2020-06-20 12:44:52.945 [main] INFO  o.s.scheduling.quartz.LocalDataSourceJobStore:3629 - ClusterManager: detected 1 failed or restarted instances.
2020-06-20 12:44:52.945 [main] INFO  o.s.scheduling.quartz.LocalDataSourceJobStore:3488 - ClusterManager: Scanning for instance "DESKTOP-EB538PJ1592549689944"'s failed in-progress jobs.
2020-06-20 12:44:52.952 [main] INFO  org.quartz.core.QuartzScheduler:547 - Scheduler MyScheduler_$_DESKTOP-EB538PJ1592628287740 started.
2020-06-20 12:44:52.971 [main] INFO  org.apache.coyote.http11.Http11NioProtocol:173 - Starting ProtocolHandler ["http-nio-8080"]
2020-06-20 12:44:53.001 [main] INFO  o.s.boot.web.embedded.tomcat.TomcatWebServer:204 - Tomcat started on port(s): 8080 (http) with context path '/jeecg-boot'
2020-06-20 12:44:53.004 [main] INFO  org.jeecg.JeecgApplication:59 - Started JeecgApplication in 30.226 seconds (JVM running for 32.836)
2020-06-20 12:44:53.018 [main] INFO  org.jeecg.JeecgApplication:29 - 
----------------------------------------------------------
	Application Jeecg-Boot is running! Access URLs:
	Local: 		http://localhost:8080/jeecg-boot/
	External: 	http://192.168.145.1:8080/jeecg-boot/
	Swagger-UI: 		http://192.168.145.1:8080/jeecg-boot/doc.html
----------------------------------------------------------
2020-06-20 12:57:11.230 [http-nio-8080-exec-1] INFO  o.a.c.c.C.[Tomcat].[localhost].[/jeecg-boot]:173 - Initializing Spring DispatcherServlet 'dispatcherServlet'
2020-06-20 12:57:11.230 [http-nio-8080-exec-1] INFO  org.springframework.web.servlet.DispatcherServlet:524 - Initializing Servlet 'dispatcherServlet'
2020-06-20 12:57:11.253 [http-nio-8080-exec-1] INFO  org.springframework.web.servlet.DispatcherServlet:546 - Completed initialization in 23 ms
2020-06-20 12:57:11.663 [http-nio-8080-exec-2] DEBUG o.jeecg.modules.system.mapper.SysLogMapper.insert:143 - ==>  Preparing: INSERT INTO sys_log ( id, create_time, cost_time, ip, request_param, method, log_content, log_type, operate_type ) VALUES ( ?, ?, ?, ?, ?, ?, ?, ?, ? ) 
2020-06-20 12:57:11.663 [http-nio-8080-exec-1] DEBUG o.jeecg.modules.system.mapper.SysLogMapper.insert:143 - ==>  Preparing: INSERT INTO sys_log ( id, create_time, cost_time, ip, request_param, method, log_content, log_type, operate_type ) VALUES ( ?, ?, ?, ?, ?, ?, ?, ?, ? ) 
2020-06-20 12:57:11.675 [http-nio-8080-exec-2] DEBUG o.jeecg.modules.system.mapper.SysLogMapper.insert:143 - ==> Parameters: 1274204628451389443(String), 2020-06-20 12:57:11.532(Timestamp), 202(Long), 192.168.1.9(String),   cate: 0  pageNo: 1  pageSize: 4(String), org.jeecg.modules.readhappy.article.controller.ArticleController.artListByCate()(String), article-根据文章类别查询列表(String), 2(Integer), 1(Integer)
2020-06-20 12:57:11.675 [http-nio-8080-exec-1] DEBUG o.jeecg.modules.system.mapper.SysLogMapper.insert:143 - ==> Parameters: 1274204628451389442(String), 2020-06-20 12:57:11.418(Timestamp), 83(Long), 192.168.1.9(String),   pid: 0(String), org.jeecg.modules.readhappy.categories.controller.CategoriesController.cateType()(String), categories-查询文章分类(String), 2(Integer), 1(Integer)
2020-06-20 12:57:11.676 [http-nio-8080-exec-2] DEBUG o.jeecg.modules.system.mapper.SysLogMapper.insert:143 - <==    Updates: 1
2020-06-20 12:57:11.676 [http-nio-8080-exec-1] DEBUG o.jeecg.modules.system.mapper.SysLogMapper.insert:143 - <==    Updates: 1
2020-06-20 12:57:50.434 [http-nio-8080-exec-3] DEBUG o.jeecg.modules.system.mapper.SysLogMapper.insert:143 - ==>  Preparing: INSERT INTO sys_log ( id, create_time, cost_time, ip, request_param, method, log_content, log_type, operate_type ) VALUES ( ?, ?, ?, ?, ?, ?, ?, ?, ? ) 
2020-06-20 12:57:50.435 [http-nio-8080-exec-3] DEBUG o.jeecg.modules.system.mapper.SysLogMapper.insert:143 - ==> Parameters: 1274204791056166913(String), 2020-06-20 12:57:50.432(Timestamp), 2(Long), 192.168.1.9(String),   pid: 0(String), org.jeecg.modules.readhappy.categories.controller.CategoriesController.cateType()(String), categories-查询文章分类(String), 2(Integer), 1(Integer)
2020-06-20 12:57:50.437 [http-nio-8080-exec-3] DEBUG o.jeecg.modules.system.mapper.SysLogMapper.insert:143 - <==    Updates: 1
2020-06-20 12:57:50.443 [http-nio-8080-exec-4] DEBUG o.jeecg.modules.system.mapper.SysLogMapper.insert:143 - ==>  Preparing: INSERT INTO sys_log ( id, create_time, cost_time, ip, request_param, method, log_content, log_type, operate_type ) VALUES ( ?, ?, ?, ?, ?, ?, ?, ?, ? ) 
2020-06-20 12:57:50.445 [http-nio-8080-exec-4] DEBUG o.jeecg.modules.system.mapper.SysLogMapper.insert:143 - ==> Parameters: 1274204791056166914(String), 2020-06-20 12:57:50.44(Timestamp), 9(Long), 192.168.1.9(String),   cate: 0  pageNo: 1  pageSize: 4(String), org.jeecg.modules.readhappy.article.controller.ArticleController.artListByCate()(String), article-根据文章类别查询列表(String), 2(Integer), 1(Integer)
2020-06-20 12:57:50.446 [http-nio-8080-exec-4] DEBUG o.jeecg.modules.system.mapper.SysLogMapper.insert:143 - <==    Updates: 1
2020-06-20 12:59:04.398 [http-nio-8080-exec-8] DEBUG o.jeecg.modules.system.mapper.SysLogMapper.insert:143 - ==>  Preparing: INSERT INTO sys_log ( id, create_time, cost_time, ip, request_param, method, log_content, log_type, operate_type ) VALUES ( ?, ?, ?, ?, ?, ?, ?, ?, ? ) 
2020-06-20 12:59:04.399 [http-nio-8080-exec-8] DEBUG o.jeecg.modules.system.mapper.SysLogMapper.insert:143 - ==> Parameters: 1274205101308833793(String), 2020-06-20 12:59:04.397(Timestamp), 5(Long), 192.168.1.9(String),   pid: 0(String), org.jeecg.modules.readhappy.categories.controller.CategoriesController.cateType()(String), categories-查询文章分类(String), 2(Integer), 1(Integer)
2020-06-20 12:59:04.401 [http-nio-8080-exec-8] DEBUG o.jeecg.modules.system.mapper.SysLogMapper.insert:143 - <==    Updates: 1
2020-06-20 12:59:04.583 [http-nio-8080-exec-7] INFO  io.lettuce.core.EpollProvider:68 - Starting without optional epoll library
2020-06-20 12:59:04.593 [http-nio-8080-exec-7] INFO  io.lettuce.core.KqueueProvider:70 - Starting without optional kqueue library
2020-06-20 12:59:05.369 [http-nio-8080-exec-7] DEBUG o.jeecg.modules.system.mapper.SysLogMapper.insert:143 - ==>  Preparing: INSERT INTO sys_log ( id, create_time, cost_time, ip, request_param, method, log_content, log_type, operate_type ) VALUES ( ?, ?, ?, ?, ?, ?, ?, ?, ? ) 
2020-06-20 12:59:05.371 [http-nio-8080-exec-7] DEBUG o.jeecg.modules.system.mapper.SysLogMapper.insert:143 - ==> Parameters: 1274205105389891585(String), 2020-06-20 12:59:05.366(Timestamp), 972(Long), 192.168.1.9(String), (String), org.jeecg.modules.readhappy.token.controller.TokenController.getAccessToken()(String), getAccessToken-获取生成token(String), 2(Integer), 1(Integer)
2020-06-20 12:59:05.372 [http-nio-8080-exec-7] DEBUG o.jeecg.modules.system.mapper.SysLogMapper.insert:143 - <==    Updates: 1
2020-06-20 13:00:03.332 [http-nio-8080-exec-9] DEBUG o.jeecg.modules.system.mapper.SysLogMapper.insert:143 - ==>  Preparing: INSERT INTO sys_log ( id, create_time, cost_time, ip, request_param, method, log_content, log_type, operate_type ) VALUES ( ?, ?, ?, ?, ?, ?, ?, ?, ? ) 
2020-06-20 13:00:03.333 [http-nio-8080-exec-9] DEBUG o.jeecg.modules.system.mapper.SysLogMapper.insert:143 - ==> Parameters: 1274205348474974210(String), 2020-06-20 13:00:03.33(Timestamp), 4(Long), 192.168.1.9(String),   pid: 0(String), org.jeecg.modules.readhappy.categories.controller.CategoriesController.cateType()(String), categories-查询文章分类(String), 2(Integer), 1(Integer)
2020-06-20 13:00:03.335 [http-nio-8080-exec-9] DEBUG o.jeecg.modules.system.mapper.SysLogMapper.insert:143 - <==    Updates: 1
2020-06-20 13:00:03.362 [http-nio-8080-exec-10] DEBUG o.jeecg.modules.system.mapper.SysLogMapper.insert:143 - ==>  Preparing: INSERT INTO sys_log ( id, create_time, cost_time, ip, request_param, method, log_content, log_type, operate_type ) VALUES ( ?, ?, ?, ?, ?, ?, ?, ?, ? ) 
2020-06-20 13:00:03.364 [http-nio-8080-exec-10] DEBUG o.jeecg.modules.system.mapper.SysLogMapper.insert:143 - ==> Parameters: 1274205348621774849(String), 2020-06-20 13:00:03.36(Timestamp), 8(Long), 192.168.1.9(String),   cate: 0  pageNo: 1  pageSize: 4(String), org.jeecg.modules.readhappy.article.controller.ArticleController.artListByCate()(String), article-根据文章类别查询列表(String), 2(Integer), 1(Integer)
2020-06-20 13:00:03.365 [http-nio-8080-exec-10] DEBUG o.jeecg.modules.system.mapper.SysLogMapper.insert:143 - <==    Updates: 1
2020-06-20 13:01:38.116 [http-nio-8080-exec-3] DEBUG o.jeecg.modules.system.mapper.SysLogMapper.insert:143 - ==>  Preparing: INSERT INTO sys_log ( id, create_time, cost_time, ip, request_param, method, log_content, log_type, operate_type ) VALUES ( ?, ?, ?, ?, ?, ?, ?, ?, ? ) 
2020-06-20 13:01:38.118 [http-nio-8080-exec-3] DEBUG o.jeecg.modules.system.mapper.SysLogMapper.insert:143 - ==> Parameters: 1274205746057244673(String), 2020-06-20 13:01:38.115(Timestamp), 3(Long), 192.168.1.9(String),   pid: 0(String), org.jeecg.modules.readhappy.categories.controller.CategoriesController.cateType()(String), categories-查询文章分类(String), 2(Integer), 1(Integer)
2020-06-20 13:01:38.119 [http-nio-8080-exec-3] DEBUG o.jeecg.modules.system.mapper.SysLogMapper.insert:143 - <==    Updates: 1
2020-06-20 13:01:38.148 [http-nio-8080-exec-4] DEBUG o.jeecg.modules.system.mapper.SysLogMapper.insert:143 - ==>  Preparing: INSERT INTO sys_log ( id, create_time, cost_time, ip, request_param, method, log_content, log_type, operate_type ) VALUES ( ?, ?, ?, ?, ?, ?, ?, ?, ? ) 
2020-06-20 13:01:38.149 [http-nio-8080-exec-4] DEBUG o.jeecg.modules.system.mapper.SysLogMapper.insert:143 - ==> Parameters: 1274205746178879490(String), 2020-06-20 13:01:38.147(Timestamp), 8(Long), 192.168.1.9(String),   cate: 0  pageNo: 1  pageSize: 4(String), org.jeecg.modules.readhappy.article.controller.ArticleController.artListByCate()(String), article-根据文章类别查询列表(String), 2(Integer), 1(Integer)
2020-06-20 13:01:38.151 [http-nio-8080-exec-4] DEBUG o.jeecg.modules.system.mapper.SysLogMapper.insert:143 - <==    Updates: 1
2020-06-20 13:01:43.607 [http-nio-8080-exec-5] DEBUG o.jeecg.modules.system.mapper.SysLogMapper.insert:143 - ==>  Preparing: INSERT INTO sys_log ( id, create_time, cost_time, ip, request_param, method, log_content, log_type, operate_type ) VALUES ( ?, ?, ?, ?, ?, ?, ?, ?, ? ) 
2020-06-20 13:01:43.608 [http-nio-8080-exec-5] DEBUG o.jeecg.modules.system.mapper.SysLogMapper.insert:143 - ==> Parameters: 1274205769088167938(String), 2020-06-20 13:01:43.606(Timestamp), 9(Long), 192.168.1.9(String),   artid: 62(String), org.jeecg.modules.readhappy.article.controller.ArticleController.artInfo()(String), article-根据文章id获取文章信息(String), 2(Integer), 1(Integer)
2020-06-20 13:01:43.609 [http-nio-8080-exec-5] DEBUG o.jeecg.modules.system.mapper.SysLogMapper.insert:143 - <==    Updates: 1
2020-06-20 13:01:49.404 [http-nio-8080-exec-7] DEBUG o.jeecg.modules.system.mapper.SysLogMapper.insert:143 - ==>  Preparing: INSERT INTO sys_log ( id, create_time, cost_time, ip, request_param, method, log_content, log_type, operate_type ) VALUES ( ?, ?, ?, ?, ?, ?, ?, ?, ? ) 
2020-06-20 13:01:49.405 [http-nio-8080-exec-7] DEBUG o.jeecg.modules.system.mapper.SysLogMapper.insert:143 - ==> Parameters: 1274205793356410881(String), 2020-06-20 13:01:49.403(Timestamp), 17(Long), 192.168.1.9(String),   uid: 4  pageNo: 1  pageSize: 3(String), org.jeecg.modules.readhappy.article.controller.ArticleController.artList()(String), article-分页列表查询(String), 2(Integer), 1(Integer)
2020-06-20 13:01:49.407 [http-nio-8080-exec-7] DEBUG o.jeecg.modules.system.mapper.SysLogMapper.insert:143 - <==    Updates: 1
2020-06-20 13:01:49.411 [http-nio-8080-exec-9] DEBUG o.jeecg.modules.system.mapper.SysLogMapper.insert:143 - ==>  Preparing: INSERT INTO sys_log ( id, create_time, cost_time, ip, request_param, method, log_content, log_type, operate_type ) VALUES ( ?, ?, ?, ?, ?, ?, ?, ?, ? ) 
2020-06-20 13:01:49.413 [http-nio-8080-exec-9] DEBUG o.jeecg.modules.system.mapper.SysLogMapper.insert:143 - ==> Parameters: 1274205793436102657(String), 2020-06-20 13:01:49.41(Timestamp), 10(Long), 192.168.1.9(String), ["4"](String), org.jeecg.modules.readhappy.member.controller.MemberController.info()(String), member-会员信息统计(String), 2(Integer), 1(Integer)
2020-06-20 13:01:49.414 [http-nio-8080-exec-9] DEBUG o.jeecg.modules.system.mapper.SysLogMapper.insert:143 - <==    Updates: 1
2020-06-20 13:31:38.363 [http-nio-8080-exec-4] DEBUG o.jeecg.modules.system.mapper.SysLogMapper.insert:143 - ==>  Preparing: INSERT INTO sys_log ( id, create_time, cost_time, ip, request_param, method, log_content, log_type, operate_type ) VALUES ( ?, ?, ?, ?, ?, ?, ?, ?, ? ) 
2020-06-20 13:31:38.364 [http-nio-8080-exec-4] DEBUG o.jeecg.modules.system.mapper.SysLogMapper.insert:143 - ==> Parameters: 1274213296836243458(String), 2020-06-20 13:31:38.362(Timestamp), 4(Long), 192.168.1.9(String),   pid: 0(String), org.jeecg.modules.readhappy.categories.controller.CategoriesController.cateType()(String), categories-查询文章分类(String), 2(Integer), 1(Integer)
2020-06-20 13:31:38.366 [http-nio-8080-exec-4] DEBUG o.jeecg.modules.system.mapper.SysLogMapper.insert:143 - <==    Updates: 1
2020-06-20 13:31:38.377 [http-nio-8080-exec-5] DEBUG o.jeecg.modules.system.mapper.SysLogMapper.insert:143 - ==>  Preparing: INSERT INTO sys_log ( id, create_time, cost_time, ip, request_param, method, log_content, log_type, operate_type ) VALUES ( ?, ?, ?, ?, ?, ?, ?, ?, ? ) 
2020-06-20 13:31:38.379 [http-nio-8080-exec-5] DEBUG o.jeecg.modules.system.mapper.SysLogMapper.insert:143 - ==> Parameters: 1274213296836243459(String), 2020-06-20 13:31:38.375(Timestamp), 7(Long), 192.168.1.9(String),   cate: 0  pageNo: 1  pageSize: 4(String), org.jeecg.modules.readhappy.article.controller.ArticleController.artListByCate()(String), article-根据文章类别查询列表(String), 2(Integer), 1(Integer)
2020-06-20 13:31:38.381 [http-nio-8080-exec-5] DEBUG o.jeecg.modules.system.mapper.SysLogMapper.insert:143 - <==    Updates: 1
2020-06-20 13:32:25.349 [http-nio-8080-exec-8] DEBUG o.jeecg.modules.system.mapper.SysLogMapper.insert:143 - ==>  Preparing: INSERT INTO sys_log ( id, create_time, cost_time, ip, request_param, method, log_content, log_type, operate_type ) VALUES ( ?, ?, ?, ?, ?, ?, ?, ?, ? ) 
2020-06-20 13:32:25.351 [http-nio-8080-exec-8] DEBUG o.jeecg.modules.system.mapper.SysLogMapper.insert:143 - ==> Parameters: 1274213493914005505(String), 2020-06-20 13:32:25.347(Timestamp), 3(Long), 192.168.1.9(String),   pid: 0(String), org.jeecg.modules.readhappy.categories.controller.CategoriesController.cateType()(String), categories-查询文章分类(String), 2(Integer), 1(Integer)
2020-06-20 13:32:25.353 [http-nio-8080-exec-8] DEBUG o.jeecg.modules.system.mapper.SysLogMapper.insert:143 - <==    Updates: 1
2020-06-20 13:32:25.374 [http-nio-8080-exec-6] DEBUG o.jeecg.modules.system.mapper.SysLogMapper.insert:143 - ==>  Preparing: INSERT INTO sys_log ( id, create_time, cost_time, ip, request_param, method, log_content, log_type, operate_type ) VALUES ( ?, ?, ?, ?, ?, ?, ?, ?, ? ) 
2020-06-20 13:32:25.375 [http-nio-8080-exec-6] DEBUG o.jeecg.modules.system.mapper.SysLogMapper.insert:143 - ==> Parameters: 1274213494014668802(String), 2020-06-20 13:32:25.372(Timestamp), 4(Long), 192.168.1.9(String), (String), org.jeecg.modules.readhappy.token.controller.TokenController.getAccessToken()(String), getAccessToken-获取生成token(String), 2(Integer), 1(Integer)
2020-06-20 13:32:25.376 [http-nio-8080-exec-6] DEBUG o.jeecg.modules.system.mapper.SysLogMapper.insert:143 - <==    Updates: 1
2020-06-20 13:43:10.128 [main] INFO  org.jeecg.JeecgApplication:50 - Starting JeecgApplication on DESKTOP-EB538PJ with PID 7852 (F:\IDEA_space\jeecg-jeecg-boot-master\jeecg-boot\jeecg-boot\jeecg-boot-module-system\target\classes started by Carry in F:\IDEA_space\jeecg-jeecg-boot-master\jeecg-boot\jeecg-boot)
2020-06-20 13:43:10.128 [main] INFO  org.jeecg.JeecgApplication:679 - The following profiles are active: dev
2020-06-20 13:43:15.565 [main] INFO  o.s.d.r.config.RepositoryConfigurationDelegate:244 - Multiple Spring Data modules found, entering strict repository configuration mode!
2020-06-20 13:43:15.565 [main] INFO  o.s.d.r.config.RepositoryConfigurationDelegate:126 - Bootstrapping Spring Data repositories in DEFAULT mode.
2020-06-20 13:43:15.658 [main] INFO  o.s.d.r.config.RepositoryConfigurationDelegate:182 - Finished Spring Data repository scanning in 78ms. Found 0 repository interfaces.
2020-06-20 13:43:16.049 [main] INFO  o.s.c.s.PostProcessorRegistrationDelegate$BeanPostProcessorChecker:330 - Bean 'shiroConfig' of type [org.jeecg.config.ShiroConfig$$EnhancerBySpringCGLIB$$823538b0] is not eligible for getting processed by all BeanPostProcessors (for example: not eligible for auto-proxying)
2020-06-20 13:43:16.221 [main] INFO  o.s.c.s.PostProcessorRegistrationDelegate$BeanPostProcessorChecker:330 - Bean 'shiroRealm' of type [org.jeecg.modules.shiro.authc.ShiroRealm] is not eligible for getting processed by all BeanPostProcessors (for example: not eligible for auto-proxying)
2020-06-20 13:43:16.611 [main] INFO  org.jeecg.config.ShiroConfig:207 - ===============(1)创建缓存管理器RedisCacheManager
2020-06-20 13:43:16.611 [main] INFO  org.jeecg.config.ShiroConfig:225 - ===============(2)创建RedisManager,连接Redis..URL= 127.0.0.1:6379
2020-06-20 13:43:16.627 [main] INFO  o.s.c.s.PostProcessorRegistrationDelegate$BeanPostProcessorChecker:330 - Bean 'redisManager' of type [org.crazycake.shiro.RedisManager] is not eligible for getting processed by all BeanPostProcessors (for example: not eligible for auto-proxying)
2020-06-20 13:43:16.627 [main] INFO  o.s.c.s.PostProcessorRegistrationDelegate$BeanPostProcessorChecker:330 - Bean 'securityManager' of type [org.apache.shiro.web.mgt.DefaultWebSecurityManager] is not eligible for getting processed by all BeanPostProcessors (for example: not eligible for auto-proxying)
2020-06-20 13:43:16.658 [main] INFO  o.s.c.s.PostProcessorRegistrationDelegate$BeanPostProcessorChecker:330 - Bean 'authorizationAttributeSourceAdvisor' of type [org.apache.shiro.spring.security.interceptor.AuthorizationAttributeSourceAdvisor] is not eligible for getting processed by all BeanPostProcessors (for example: not eligible for auto-proxying)
2020-06-20 13:43:16.721 [main] INFO  o.s.c.s.PostProcessorRegistrationDelegate$BeanPostProcessorChecker:330 - Bean 'org.springframework.transaction.annotation.ProxyTransactionManagementConfiguration' of type [org.springframework.transaction.annotation.ProxyTransactionManagementConfiguration$$EnhancerBySpringCGLIB$$622fcf1a] is not eligible for getting processed by all BeanPostProcessors (for example: not eligible for auto-proxying)
2020-06-20 13:43:16.892 [main] INFO  o.s.c.s.PostProcessorRegistrationDelegate$BeanPostProcessorChecker:330 - Bean 'spring.datasource.dynamic-com.baomidou.dynamic.datasource.spring.boot.autoconfigure.DynamicDataSourceProperties' of type [com.baomidou.dynamic.datasource.spring.boot.autoconfigure.DynamicDataSourceProperties] is not eligible for getting processed by all BeanPostProcessors (for example: not eligible for auto-proxying)
2020-06-20 13:43:16.892 [main] INFO  o.s.c.s.PostProcessorRegistrationDelegate$BeanPostProcessorChecker:330 - Bean 'com.baomidou.dynamic.datasource.spring.boot.autoconfigure.DynamicDataSourceAutoConfiguration' of type [com.baomidou.dynamic.datasource.spring.boot.autoconfigure.DynamicDataSourceAutoConfiguration$$EnhancerBySpringCGLIB$$cbbe3feb] is not eligible for getting processed by all BeanPostProcessors (for example: not eligible for auto-proxying)
2020-06-20 13:43:16.908 [main] INFO  o.s.c.s.PostProcessorRegistrationDelegate$BeanPostProcessorChecker:330 - Bean 'dsProcessor' of type [com.baomidou.dynamic.datasource.processor.DsHeaderProcessor] is not eligible for getting processed by all BeanPostProcessors (for example: not eligible for auto-proxying)
2020-06-20 13:43:16.908 [main] INFO  o.s.c.s.PostProcessorRegistrationDelegate$BeanPostProcessorChecker:330 - Bean 'dynamicDatasourceAnnotationAdvisor' of type [com.baomidou.dynamic.datasource.aop.DynamicDataSourceAnnotationAdvisor] is not eligible for getting processed by all BeanPostProcessors (for example: not eligible for auto-proxying)
2020-06-20 13:43:16.924 [main] INFO  o.s.c.s.PostProcessorRegistrationDelegate$BeanPostProcessorChecker:330 - Bean 'spring.redis-org.springframework.boot.autoconfigure.data.redis.RedisProperties' of type [org.springframework.boot.autoconfigure.data.redis.RedisProperties] is not eligible for getting processed by all BeanPostProcessors (for example: not eligible for auto-proxying)
2020-06-20 13:43:16.939 [main] INFO  o.s.c.s.PostProcessorRegistrationDelegate$BeanPostProcessorChecker:330 - Bean 'org.springframework.boot.autoconfigure.data.redis.LettuceConnectionConfiguration' of type [org.springframework.boot.autoconfigure.data.redis.LettuceConnectionConfiguration$$EnhancerBySpringCGLIB$$77498d64] is not eligible for getting processed by all BeanPostProcessors (for example: not eligible for auto-proxying)
2020-06-20 13:43:17.049 [main] INFO  o.s.c.s.PostProcessorRegistrationDelegate$BeanPostProcessorChecker:330 - Bean 'lettuceClientResources' of type [io.lettuce.core.resource.DefaultClientResources] is not eligible for getting processed by all BeanPostProcessors (for example: not eligible for auto-proxying)
2020-06-20 13:43:17.127 [main] INFO  o.s.c.s.PostProcessorRegistrationDelegate$BeanPostProcessorChecker:330 - Bean 'redisConnectionFactory' of type [org.springframework.data.redis.connection.lettuce.LettuceConnectionFactory] is not eligible for getting processed by all BeanPostProcessors (for example: not eligible for auto-proxying)
2020-06-20 13:43:17.142 [main] INFO  o.s.c.s.PostProcessorRegistrationDelegate$BeanPostProcessorChecker:330 - Bean 'redisConfig' of type [org.jeecg.config.RedisConfig$$EnhancerBySpringCGLIB$$cd03bffa] is not eligible for getting processed by all BeanPostProcessors (for example: not eligible for auto-proxying)
2020-06-20 13:43:17.174 [main] INFO  o.s.c.s.PostProcessorRegistrationDelegate$BeanPostProcessorChecker:330 - Bean 'org.apache.shiro.spring.boot.autoconfigure.ShiroBeanAutoConfiguration' of type [org.apache.shiro.spring.boot.autoconfigure.ShiroBeanAutoConfiguration$$EnhancerBySpringCGLIB$$7548acca] is not eligible for getting processed by all BeanPostProcessors (for example: not eligible for auto-proxying)
2020-06-20 13:43:17.189 [main] INFO  o.s.c.s.PostProcessorRegistrationDelegate$BeanPostProcessorChecker:330 - Bean 'eventBus' of type [org.apache.shiro.event.support.DefaultEventBus] is not eligible for getting processed by all BeanPostProcessors (for example: not eligible for auto-proxying)
2020-06-20 13:43:17.580 [main] INFO  o.s.boot.web.embedded.tomcat.TomcatWebServer:90 - Tomcat initialized with port(s): 8080 (http)
2020-06-20 13:43:17.595 [main] INFO  org.apache.coyote.http11.Http11NioProtocol:173 - Initializing ProtocolHandler ["http-nio-8080"]
2020-06-20 13:43:17.611 [main] INFO  org.apache.catalina.core.StandardService:173 - Starting service [Tomcat]
2020-06-20 13:43:17.611 [main] INFO  org.apache.catalina.core.StandardEngine:173 - Starting Servlet engine: [Apache Tomcat/9.0.16]
2020-06-20 13:43:17.611 [main] INFO  org.apache.catalina.core.AprLifecycleListener:173 - The APR based Apache Tomcat Native library which allows optimal performance in production environments was not found on the java.library.path: [D:\Program Files\Java\jdk1.8.0_251\bin;C:\Windows\Sun\Java\bin;C:\Windows\system32;C:\Windows;C:\Program Files (x86)\Common Files\Oracle\Java\javapath;D:\ProgramData\Anaconda3;D:\ProgramData\Anaconda3\Library\mingw-w64\bin;D:\ProgramData\Anaconda3\Library\usr\bin;D:\ProgramData\Anaconda3\Library\bin;D:\ProgramData\Anaconda3\Scripts;C:\Program Files (x86)\Common Files\NetSarang;C:\ProgramData\Oracle\Java\javapath;C:\Windows\system32;C:\Windows;C:\Windows\System32\Wbem;C:\Windows\System32\WindowsPowerShell\v1.0\;C:\Windows\System32\OpenSSH\;D:\Program Files\mysql-5.7.25\bin;D:\Program Files (x86)\scala\bin;D:\Program Files\nodejs\;C:\ProgramData\chocolatey\bin;D:\Program Files\Redis;D:\Program Files (x86)\Yarn\bin\;D:\Program Files\Java\jdk1.8.0_251\bin;D:\Program Files\Java\jdk1.8.0_251\jre\bin;D:\Program Files\apache-maven-3.5.4\apache-maven-3.5.4\bin;F:\hadoop\hadoop-2.6.5\sbin;F:\hadoop\hadoop-2.6.5\bin;C:\Users\15145\AppData\Local\Microsoft\WindowsApps;F:\Program Files\Bandizip\;C:\Users\15145\AppData\Roaming\npm;C:\Users\15145\AppData\Local\Yarn\bin;D:\Programs\Microsoft VS Code\bin;.]
2020-06-20 13:43:18.377 [main] INFO  o.a.c.c.C.[Tomcat].[localhost].[/jeecg-boot]:173 - Initializing Spring embedded WebApplicationContext
2020-06-20 13:43:18.377 [main] INFO  org.springframework.web.context.ContextLoader:296 - Root WebApplicationContext: initialization completed in 8217 ms
2020-06-20 13:43:18.736 [main] INFO  c.b.dynamic.datasource.DynamicDataSourceCreator:113 - 动态数据源-检测到druid存在,如配置中未指定type,druid会默认配置
2020-06-20 13:43:19.017 [main] INFO  com.alibaba.druid.pool.DruidDataSource:1003 - {dataSource-1,master} inited
2020-06-20 13:43:19.017 [main] INFO  c.b.dynamic.datasource.DynamicRoutingDataSource:203 - 初始共加载 1 个数据源
2020-06-20 13:43:19.017 [main] INFO  c.b.dynamic.datasource.DynamicRoutingDataSource:142 - 动态数据源-加载 master 成功
2020-06-20 13:43:19.017 [main] INFO  c.b.dynamic.datasource.DynamicRoutingDataSource:212 - 当前的默认数据源是单数据源，数据源名为 master
2020-06-20 13:43:22.376 [main] INFO  org.quartz.impl.StdSchedulerFactory:1208 - Using default implementation for ThreadExecutor
2020-06-20 13:43:22.391 [main] INFO  org.quartz.simpl.SimpleThreadPool:268 - Job execution threads will use class loader of thread: main
2020-06-20 13:43:22.391 [main] INFO  org.quartz.core.SchedulerSignalerImpl:61 - Initialized Scheduler Signaller of type: class org.quartz.core.SchedulerSignalerImpl
2020-06-20 13:43:22.391 [main] INFO  org.quartz.core.QuartzScheduler:229 - Quartz Scheduler v.2.3.0 created.
2020-06-20 13:43:22.407 [main] INFO  o.s.scheduling.quartz.LocalDataSourceJobStore:672 - Using db table-based data access locking (synchronization).
2020-06-20 13:43:22.407 [main] INFO  o.s.scheduling.quartz.LocalDataSourceJobStore:145 - JobStoreCMT initialized.
2020-06-20 13:43:22.407 [main] INFO  org.quartz.core.QuartzScheduler:294 - Scheduler meta-data: Quartz Scheduler (v2.3.0) 'MyScheduler' with instanceId 'DESKTOP-EB538PJ1592631802391'
  Scheduler class: 'org.quartz.core.QuartzScheduler' - running locally.
  NOT STARTED.
  Currently in standby mode.
  Number of jobs executed: 0
  Using thread pool 'org.quartz.simpl.SimpleThreadPool' - with 10 threads.
  Using job-store 'org.springframework.scheduling.quartz.LocalDataSourceJobStore' - which supports persistence. and is clustered.

2020-06-20 13:43:22.407 [main] INFO  org.quartz.impl.StdSchedulerFactory:1362 - Quartz scheduler 'MyScheduler' initialized from an externally provided properties instance.
2020-06-20 13:43:22.407 [main] INFO  org.quartz.impl.StdSchedulerFactory:1366 - Quartz scheduler version: 2.3.0
2020-06-20 13:43:22.407 [main] INFO  org.quartz.core.QuartzScheduler:2287 - JobFactory set to: org.springframework.scheduling.quartz.SpringBeanJobFactory@361fa478
2020-06-20 13:43:24.953 [main] INFO  o.s.b.actuate.endpoint.web.EndpointLinksResolver:59 - Exposing 2 endpoint(s) beneath base path '/actuator'
2020-06-20 13:43:25.156 [main] INFO  s.d.s.w.PropertySourcedRequestMappingHandlerMapping:69 - Mapped URL path [/v2/api-docs] onto method [public org.springframework.http.ResponseEntity<springfox.documentation.spring.web.json.Json> springfox.documentation.swagger2.web.Swagger2Controller.getDocumentation(java.lang.String,javax.servlet.http.HttpServletRequest)]
2020-06-20 13:43:25.453 [main] INFO  o.s.scheduling.concurrent.ThreadPoolTaskExecutor:171 - Initializing ExecutorService 'applicationTaskExecutor'
2020-06-20 13:43:26.312 [main] INFO  s.d.s.web.plugins.DocumentationPluginsBootstrapper:160 - Context refreshed
2020-06-20 13:43:26.312 [main] INFO  s.d.s.web.plugins.DocumentationPluginsBootstrapper:163 - Found 3 custom documentation plugin(s)
2020-06-20 13:43:26.390 [main] INFO  s.d.spring.web.scanners.ApiListingReferenceScanner:41 - Scanning for api listing references
2020-06-20 13:43:26.546 [main] INFO  s.d.spring.web.scanners.ApiListingReferenceScanner:41 - Scanning for api listing references
2020-06-20 13:43:26.609 [main] INFO  s.d.s.w.r.operation.CachingOperationNameGenerator:40 - Generating unique operation named: addUsingPOST_1
2020-06-20 13:43:26.609 [main] INFO  s.d.s.w.r.operation.CachingOperationNameGenerator:40 - Generating unique operation named: deleteUsingDELETE_1
2020-06-20 13:43:26.609 [main] INFO  s.d.s.w.r.operation.CachingOperationNameGenerator:40 - Generating unique operation named: deleteBatchUsingDELETE_1
2020-06-20 13:43:26.609 [main] INFO  s.d.s.w.r.operation.CachingOperationNameGenerator:40 - Generating unique operation named: editUsingPUT_1
2020-06-20 13:43:26.609 [main] INFO  s.d.s.w.r.operation.CachingOperationNameGenerator:40 - Generating unique operation named: queryByIdUsingGET_1
2020-06-20 13:43:26.625 [main] INFO  s.d.s.w.r.operation.CachingOperationNameGenerator:40 - Generating unique operation named: queryPageListUsingGET_1
2020-06-20 13:43:26.625 [main] INFO  s.d.s.w.r.operation.CachingOperationNameGenerator:40 - Generating unique operation named: addUsingPOST_2
2020-06-20 13:43:26.625 [main] INFO  s.d.s.w.r.operation.CachingOperationNameGenerator:40 - Generating unique operation named: deleteUsingDELETE_2
2020-06-20 13:43:26.625 [main] INFO  s.d.s.w.r.operation.CachingOperationNameGenerator:40 - Generating unique operation named: deleteBatchUsingDELETE_2
2020-06-20 13:43:26.625 [main] INFO  s.d.s.w.r.operation.CachingOperationNameGenerator:40 - Generating unique operation named: editUsingPUT_2
2020-06-20 13:43:26.640 [main] INFO  s.d.s.w.r.operation.CachingOperationNameGenerator:40 - Generating unique operation named: queryByIdUsingGET_2
2020-06-20 13:43:26.640 [main] INFO  s.d.s.w.r.operation.CachingOperationNameGenerator:40 - Generating unique operation named: queryPageListUsingGET_2
2020-06-20 13:43:26.640 [main] INFO  s.d.s.w.r.operation.CachingOperationNameGenerator:40 - Generating unique operation named: addUsingPOST_3
2020-06-20 13:43:26.640 [main] INFO  s.d.s.w.r.operation.CachingOperationNameGenerator:40 - Generating unique operation named: deleteUsingDELETE_3
2020-06-20 13:43:26.640 [main] INFO  s.d.s.w.r.operation.CachingOperationNameGenerator:40 - Generating unique operation named: deleteBatchUsingDELETE_3
2020-06-20 13:43:26.656 [main] INFO  s.d.s.w.r.operation.CachingOperationNameGenerator:40 - Generating unique operation named: editUsingPUT_3
2020-06-20 13:43:26.656 [main] INFO  s.d.s.w.r.operation.CachingOperationNameGenerator:40 - Generating unique operation named: queryByIdUsingGET_3
2020-06-20 13:43:26.656 [main] INFO  s.d.s.w.r.operation.CachingOperationNameGenerator:40 - Generating unique operation named: queryPageListUsingGET_3
2020-06-20 13:43:26.656 [main] INFO  s.d.spring.web.scanners.ApiListingReferenceScanner:41 - Scanning for api listing references
2020-06-20 13:43:26.687 [main] INFO  s.d.s.w.r.operation.CachingOperationNameGenerator:40 - Generating unique operation named: loginUsingPOST_1
2020-06-20 13:43:26.703 [main] INFO  s.d.s.w.r.operation.CachingOperationNameGenerator:40 - Generating unique operation named: addUsingPOST_4
2020-06-20 13:43:26.703 [main] INFO  s.d.s.w.r.operation.CachingOperationNameGenerator:40 - Generating unique operation named: deleteUsingDELETE_4
2020-06-20 13:43:26.703 [main] INFO  s.d.s.w.r.operation.CachingOperationNameGenerator:40 - Generating unique operation named: deleteBatchUsingDELETE_4
2020-06-20 13:43:26.703 [main] INFO  s.d.s.w.r.operation.CachingOperationNameGenerator:40 - Generating unique operation named: editUsingPUT_4
2020-06-20 13:43:26.703 [main] INFO  s.d.s.w.r.operation.CachingOperationNameGenerator:40 - Generating unique operation named: queryByIdUsingGET_4
2020-06-20 13:43:26.718 [main] INFO  s.d.s.w.r.operation.CachingOperationNameGenerator:40 - Generating unique operation named: queryPageListUsingGET_4
2020-06-20 13:43:26.718 [main] INFO  s.d.s.w.r.operation.CachingOperationNameGenerator:40 - Generating unique operation named: addUsingPOST_5
2020-06-20 13:43:26.718 [main] INFO  s.d.s.w.r.operation.CachingOperationNameGenerator:40 - Generating unique operation named: deleteUsingDELETE_5
2020-06-20 13:43:26.718 [main] INFO  s.d.s.w.r.operation.CachingOperationNameGenerator:40 - Generating unique operation named: deleteBatchUsingDELETE_5
2020-06-20 13:43:26.718 [main] INFO  s.d.s.w.r.operation.CachingOperationNameGenerator:40 - Generating unique operation named: editUsingPUT_5
2020-06-20 13:43:26.734 [main] INFO  s.d.s.w.r.operation.CachingOperationNameGenerator:40 - Generating unique operation named: queryByIdUsingGET_5
2020-06-20 13:43:26.734 [main] INFO  s.d.s.w.r.operation.CachingOperationNameGenerator:40 - Generating unique operation named: queryPageListUsingGET_5
2020-06-20 13:43:26.734 [main] INFO  s.d.s.w.r.operation.CachingOperationNameGenerator:40 - Generating unique operation named: addUsingPOST_6
2020-06-20 13:43:26.734 [main] INFO  s.d.s.w.r.operation.CachingOperationNameGenerator:40 - Generating unique operation named: deleteUsingDELETE_6
2020-06-20 13:43:26.734 [main] INFO  s.d.s.w.r.operation.CachingOperationNameGenerator:40 - Generating unique operation named: deleteBatchUsingDELETE_6
2020-06-20 13:43:26.734 [main] INFO  s.d.s.w.r.operation.CachingOperationNameGenerator:40 - Generating unique operation named: editUsingPUT_6
2020-06-20 13:43:26.734 [main] INFO  s.d.s.w.r.operation.CachingOperationNameGenerator:40 - Generating unique operation named: queryByIdUsingGET_6
2020-06-20 13:43:26.750 [main] INFO  s.d.s.w.r.operation.CachingOperationNameGenerator:40 - Generating unique operation named: queryPageListUsingGET_6
2020-06-20 13:43:26.750 [main] INFO  s.d.s.w.r.operation.CachingOperationNameGenerator:40 - Generating unique operation named: addUsingPOST_7
2020-06-20 13:43:26.750 [main] INFO  s.d.s.w.r.operation.CachingOperationNameGenerator:40 - Generating unique operation named: deleteUsingDELETE_7
2020-06-20 13:43:26.750 [main] INFO  s.d.s.w.r.operation.CachingOperationNameGenerator:40 - Generating unique operation named: deleteBatchUsingDELETE_7
2020-06-20 13:43:26.750 [main] INFO  s.d.s.w.r.operation.CachingOperationNameGenerator:40 - Generating unique operation named: editUsingPUT_7
2020-06-20 13:43:26.750 [main] INFO  s.d.s.w.r.operation.CachingOperationNameGenerator:40 - Generating unique operation named: queryByIdUsingGET_7
2020-06-20 13:43:26.765 [main] INFO  s.d.s.w.r.operation.CachingOperationNameGenerator:40 - Generating unique operation named: queryPageListUsingGET_7
2020-06-20 13:43:26.765 [main] INFO  s.d.s.w.r.operation.CachingOperationNameGenerator:40 - Generating unique operation named: addUsingPOST_8
2020-06-20 13:43:26.765 [main] INFO  s.d.s.w.r.operation.CachingOperationNameGenerator:40 - Generating unique operation named: deleteUsingDELETE_8
2020-06-20 13:43:26.765 [main] INFO  s.d.s.w.r.operation.CachingOperationNameGenerator:40 - Generating unique operation named: deleteBatchUsingDELETE_8
2020-06-20 13:43:26.765 [main] INFO  s.d.s.w.r.operation.CachingOperationNameGenerator:40 - Generating unique operation named: editUsingPUT_8
2020-06-20 13:43:26.781 [main] INFO  s.d.s.w.r.operation.CachingOperationNameGenerator:40 - Generating unique operation named: queryByIdUsingGET_8
2020-06-20 13:43:26.781 [main] INFO  s.d.s.w.r.operation.CachingOperationNameGenerator:40 - Generating unique operation named: queryPageListUsingGET_8
2020-06-20 13:43:26.781 [main] INFO  s.d.s.w.r.operation.CachingOperationNameGenerator:40 - Generating unique operation named: addUsingPOST_9
2020-06-20 13:43:26.781 [main] INFO  s.d.s.w.r.operation.CachingOperationNameGenerator:40 - Generating unique operation named: deleteUsingDELETE_9
2020-06-20 13:43:26.796 [main] INFO  s.d.s.w.r.operation.CachingOperationNameGenerator:40 - Generating unique operation named: deleteBatchUsingDELETE_9
2020-06-20 13:43:26.796 [main] INFO  s.d.s.w.r.operation.CachingOperationNameGenerator:40 - Generating unique operation named: editUsingPUT_9
2020-06-20 13:43:26.796 [main] INFO  s.d.s.w.r.operation.CachingOperationNameGenerator:40 - Generating unique operation named: queryByIdUsingGET_9
2020-06-20 13:43:26.796 [main] INFO  s.d.s.w.r.operation.CachingOperationNameGenerator:40 - Generating unique operation named: queryPageListUsingGET_9
2020-06-20 13:43:26.796 [main] INFO  o.s.scheduling.quartz.SchedulerFactoryBean:726 - Starting Quartz Scheduler now
2020-06-20 13:43:26.953 [main] INFO  o.s.scheduling.quartz.LocalDataSourceJobStore:3629 - ClusterManager: detected 1 failed or restarted instances.
2020-06-20 13:43:26.953 [main] INFO  o.s.scheduling.quartz.LocalDataSourceJobStore:3488 - ClusterManager: Scanning for instance "DESKTOP-EB538PJ1592628287740"'s failed in-progress jobs.
2020-06-20 13:43:26.953 [main] INFO  org.quartz.core.QuartzScheduler:547 - Scheduler MyScheduler_$_DESKTOP-EB538PJ1592631802391 started.
2020-06-20 13:43:26.988 [main] INFO  org.apache.coyote.http11.Http11NioProtocol:173 - Starting ProtocolHandler ["http-nio-8080"]
2020-06-20 13:43:27.016 [main] INFO  o.s.boot.web.embedded.tomcat.TomcatWebServer:204 - Tomcat started on port(s): 8080 (http) with context path '/jeecg-boot'
2020-06-20 13:43:27.018 [main] INFO  org.jeecg.JeecgApplication:59 - Started JeecgApplication in 17.593 seconds (JVM running for 19.133)
2020-06-20 13:43:27.033 [main] INFO  org.jeecg.JeecgApplication:29 - 
----------------------------------------------------------
	Application Jeecg-Boot is running! Access URLs:
	Local: 		http://localhost:8080/jeecg-boot/
	External: 	http://192.168.145.1:8080/jeecg-boot/
	Swagger-UI: 		http://192.168.145.1:8080/jeecg-boot/doc.html
----------------------------------------------------------
2020-06-20 13:44:50.144 [http-nio-8080-exec-2] INFO  o.a.c.c.C.[Tomcat].[localhost].[/jeecg-boot]:173 - Initializing Spring DispatcherServlet 'dispatcherServlet'
2020-06-20 13:44:50.144 [http-nio-8080-exec-2] INFO  org.springframework.web.servlet.DispatcherServlet:524 - Initializing Servlet 'dispatcherServlet'
2020-06-20 13:44:50.165 [http-nio-8080-exec-2] INFO  org.springframework.web.servlet.DispatcherServlet:546 - Completed initialization in 20 ms
2020-06-20 13:44:50.714 [http-nio-8080-exec-1] DEBUG o.jeecg.modules.system.mapper.SysLogMapper.insert:143 - ==>  Preparing: INSERT INTO sys_log ( id, create_time, cost_time, ip, request_param, method, log_content, log_type, operate_type ) VALUES ( ?, ?, ?, ?, ?, ?, ?, ?, ? ) 
2020-06-20 13:44:50.714 [http-nio-8080-exec-2] DEBUG o.jeecg.modules.system.mapper.SysLogMapper.insert:143 - ==>  Preparing: INSERT INTO sys_log ( id, create_time, cost_time, ip, request_param, method, log_content, log_type, operate_type ) VALUES ( ?, ?, ?, ?, ?, ?, ?, ?, ? ) 
2020-06-20 13:44:50.726 [http-nio-8080-exec-1] DEBUG o.jeecg.modules.system.mapper.SysLogMapper.insert:143 - ==> Parameters: 1274216620184625155(String), 2020-06-20 13:44:50.537(Timestamp), 299(Long), 192.168.1.9(String),   cate: 0  pageNo: 1  pageSize: 4(String), org.jeecg.modules.readhappy.article.controller.ArticleController.artListByCate()(String), article-根据文章类别查询列表(String), 2(Integer), 1(Integer)
2020-06-20 13:44:50.726 [http-nio-8080-exec-2] DEBUG o.jeecg.modules.system.mapper.SysLogMapper.insert:143 - ==> Parameters: 1274216620184625154(String), 2020-06-20 13:44:50.374(Timestamp), 134(Long), 192.168.1.9(String),   pid: 0(String), org.jeecg.modules.readhappy.categories.controller.CategoriesController.cateType()(String), categories-查询文章分类(String), 2(Integer), 1(Integer)
2020-06-20 13:44:50.728 [http-nio-8080-exec-1] DEBUG o.jeecg.modules.system.mapper.SysLogMapper.insert:143 - <==    Updates: 1
2020-06-20 13:44:50.728 [http-nio-8080-exec-2] DEBUG o.jeecg.modules.system.mapper.SysLogMapper.insert:143 - <==    Updates: 1
2020-06-20 13:44:52.479 [http-nio-8080-exec-4] DEBUG o.jeecg.modules.system.mapper.SysLogMapper.insert:143 - ==>  Preparing: INSERT INTO sys_log ( id, create_time, cost_time, ip, request_param, method, log_content, log_type, operate_type ) VALUES ( ?, ?, ?, ?, ?, ?, ?, ?, ? ) 
2020-06-20 13:44:52.482 [http-nio-8080-exec-4] DEBUG o.jeecg.modules.system.mapper.SysLogMapper.insert:143 - ==> Parameters: 1274216627600154626(String), 2020-06-20 13:44:52.478(Timestamp), 4(Long), 192.168.1.9(String),   pid: 0(String), org.jeecg.modules.readhappy.categories.controller.CategoriesController.cateType()(String), categories-查询文章分类(String), 2(Integer), 1(Integer)
2020-06-20 13:44:52.484 [http-nio-8080-exec-4] DEBUG o.jeecg.modules.system.mapper.SysLogMapper.insert:143 - <==    Updates: 1
2020-06-20 13:44:52.650 [http-nio-8080-exec-3] INFO  io.lettuce.core.EpollProvider:68 - Starting without optional epoll library
2020-06-20 13:44:52.658 [http-nio-8080-exec-3] INFO  io.lettuce.core.KqueueProvider:70 - Starting without optional kqueue library
2020-06-20 13:44:53.419 [http-nio-8080-exec-3] DEBUG o.jeecg.modules.system.mapper.SysLogMapper.insert:143 - ==>  Preparing: INSERT INTO sys_log ( id, create_time, cost_time, ip, request_param, method, log_content, log_type, operate_type ) VALUES ( ?, ?, ?, ?, ?, ?, ?, ?, ? ) 
2020-06-20 13:44:53.420 [http-nio-8080-exec-3] DEBUG o.jeecg.modules.system.mapper.SysLogMapper.insert:143 - ==> Parameters: 1274216631546994689(String), 2020-06-20 13:44:53.417(Timestamp), 940(Long), 192.168.1.9(String), (String), org.jeecg.modules.readhappy.token.controller.TokenController.getAccessToken()(String), getAccessToken-获取生成token(String), 2(Integer), 1(Integer)
2020-06-20 13:44:53.422 [http-nio-8080-exec-3] DEBUG o.jeecg.modules.system.mapper.SysLogMapper.insert:143 - <==    Updates: 1
2020-06-20 14:05:27.228 [http-nio-8080-exec-8] DEBUG o.jeecg.modules.system.mapper.SysLogMapper.insert:143 - ==>  Preparing: INSERT INTO sys_log ( id, create_time, cost_time, ip, request_param, method, log_content, log_type, operate_type ) VALUES ( ?, ?, ?, ?, ?, ?, ?, ?, ? ) 
2020-06-20 14:05:27.230 [http-nio-8080-exec-8] DEBUG o.jeecg.modules.system.mapper.SysLogMapper.insert:143 - ==> Parameters: 1274221806508630018(String), 2020-06-20 14:05:27.227(Timestamp), 9(Long), 192.168.1.9(String),   cate: 0  pageNo: 1  pageSize: 4(String), org.jeecg.modules.readhappy.article.controller.ArticleController.artListByCate()(String), article-根据文章类别查询列表(String), 2(Integer), 1(Integer)
2020-06-20 14:05:27.233 [http-nio-8080-exec-8] DEBUG o.jeecg.modules.system.mapper.SysLogMapper.insert:143 - <==    Updates: 1
2020-06-20 14:05:27.233 [http-nio-8080-exec-7] DEBUG o.jeecg.modules.system.mapper.SysLogMapper.insert:143 - ==>  Preparing: INSERT INTO sys_log ( id, create_time, cost_time, ip, request_param, method, log_content, log_type, operate_type ) VALUES ( ?, ?, ?, ?, ?, ?, ?, ?, ? ) 
2020-06-20 14:05:27.235 [http-nio-8080-exec-7] DEBUG o.jeecg.modules.system.mapper.SysLogMapper.insert:143 - ==> Parameters: 1274221806525407234(String), 2020-06-20 14:05:27.227(Timestamp), 4(Long), 192.168.1.9(String),   pid: 0(String), org.jeecg.modules.readhappy.categories.controller.CategoriesController.cateType()(String), categories-查询文章分类(String), 2(Integer), 1(Integer)
2020-06-20 14:05:27.237 [http-nio-8080-exec-7] DEBUG o.jeecg.modules.system.mapper.SysLogMapper.insert:143 - <==    Updates: 1
2020-06-20 14:06:19.859 [http-nio-8080-exec-9] DEBUG o.jeecg.modules.system.mapper.SysLogMapper.insert:143 - ==>  Preparing: INSERT INTO sys_log ( id, create_time, cost_time, ip, request_param, method, log_content, log_type, operate_type ) VALUES ( ?, ?, ?, ?, ?, ?, ?, ?, ? ) 
2020-06-20 14:06:19.860 [http-nio-8080-exec-9] DEBUG o.jeecg.modules.system.mapper.SysLogMapper.insert:143 - ==> Parameters: 1274222027267432450(String), 2020-06-20 14:06:19.858(Timestamp), 11(Long), 192.168.1.9(String),   cate: 0  pageNo: 2  pageSize: 4(String), org.jeecg.modules.readhappy.article.controller.ArticleController.artListByCate()(String), article-根据文章类别查询列表(String), 2(Integer), 1(Integer)
2020-06-20 14:06:19.862 [http-nio-8080-exec-9] DEBUG o.jeecg.modules.system.mapper.SysLogMapper.insert:143 - <==    Updates: 1
2020-06-20 14:06:23.061 [http-nio-8080-exec-10] DEBUG o.jeecg.modules.system.mapper.SysLogMapper.insert:143 - ==>  Preparing: INSERT INTO sys_log ( id, create_time, cost_time, ip, request_param, method, log_content, log_type, operate_type ) VALUES ( ?, ?, ?, ?, ?, ?, ?, ?, ? ) 
2020-06-20 14:06:23.063 [http-nio-8080-exec-10] DEBUG o.jeecg.modules.system.mapper.SysLogMapper.insert:143 - ==> Parameters: 1274222040689205249(String), 2020-06-20 14:06:23.059(Timestamp), 14(Long), 192.168.1.9(String),   cate: 0  pageNo: 3  pageSize: 4(String), org.jeecg.modules.readhappy.article.controller.ArticleController.artListByCate()(String), article-根据文章类别查询列表(String), 2(Integer), 1(Integer)
2020-06-20 14:06:23.064 [http-nio-8080-exec-10] DEBUG o.jeecg.modules.system.mapper.SysLogMapper.insert:143 - <==    Updates: 1
2020-06-20 14:08:53.437 [http-nio-8080-exec-2] DEBUG o.jeecg.modules.system.mapper.SysLogMapper.insert:143 - ==>  Preparing: INSERT INTO sys_log ( id, create_time, cost_time, ip, request_param, method, log_content, log_type, operate_type ) VALUES ( ?, ?, ?, ?, ?, ?, ?, ?, ? ) 
2020-06-20 14:08:53.438 [http-nio-8080-exec-2] DEBUG o.jeecg.modules.system.mapper.SysLogMapper.insert:143 - ==> Parameters: 1274222671416057857(String), 2020-06-20 14:08:53.436(Timestamp), 3(Long), 192.168.1.9(String),   pid: 0(String), org.jeecg.modules.readhappy.categories.controller.CategoriesController.cateType()(String), categories-查询文章分类(String), 2(Integer), 1(Integer)
2020-06-20 14:08:53.440 [http-nio-8080-exec-2] DEBUG o.jeecg.modules.system.mapper.SysLogMapper.insert:143 - <==    Updates: 1
2020-06-20 14:08:53.440 [http-nio-8080-exec-1] DEBUG o.jeecg.modules.system.mapper.SysLogMapper.insert:143 - ==>  Preparing: INSERT INTO sys_log ( id, create_time, cost_time, ip, request_param, method, log_content, log_type, operate_type ) VALUES ( ?, ?, ?, ?, ?, ?, ?, ?, ? ) 
2020-06-20 14:08:53.441 [http-nio-8080-exec-1] DEBUG o.jeecg.modules.system.mapper.SysLogMapper.insert:143 - ==> Parameters: 1274222671432835074(String), 2020-06-20 14:08:53.44(Timestamp), 7(Long), 192.168.1.9(String),   cate: 0  pageNo: 1  pageSize: 4(String), org.jeecg.modules.readhappy.article.controller.ArticleController.artListByCate()(String), article-根据文章类别查询列表(String), 2(Integer), 1(Integer)
2020-06-20 14:08:53.443 [http-nio-8080-exec-1] DEBUG o.jeecg.modules.system.mapper.SysLogMapper.insert:143 - <==    Updates: 1
2020-06-20 14:11:53.361 [http-nio-8080-exec-5] DEBUG o.jeecg.modules.system.mapper.SysLogMapper.insert:143 - ==>  Preparing: INSERT INTO sys_log ( id, create_time, cost_time, ip, request_param, method, log_content, log_type, operate_type ) VALUES ( ?, ?, ?, ?, ?, ?, ?, ?, ? ) 
2020-06-20 14:11:53.362 [http-nio-8080-exec-5] DEBUG o.jeecg.modules.system.mapper.SysLogMapper.insert:143 - ==> Parameters: 1274223426021679106(String), 2020-06-20 14:11:53.36(Timestamp), 3(Long), 192.168.1.9(String),   pid: 0(String), org.jeecg.modules.readhappy.categories.controller.CategoriesController.cateType()(String), categories-查询文章分类(String), 2(Integer), 1(Integer)
2020-06-20 14:11:53.364 [http-nio-8080-exec-5] DEBUG o.jeecg.modules.system.mapper.SysLogMapper.insert:143 - <==    Updates: 1
2020-06-20 14:11:53.379 [http-nio-8080-exec-6] DEBUG o.jeecg.modules.system.mapper.SysLogMapper.insert:143 - ==>  Preparing: INSERT INTO sys_log ( id, create_time, cost_time, ip, request_param, method, log_content, log_type, operate_type ) VALUES ( ?, ?, ?, ?, ?, ?, ?, ?, ? ) 
2020-06-20 14:11:53.380 [http-nio-8080-exec-6] DEBUG o.jeecg.modules.system.mapper.SysLogMapper.insert:143 - ==> Parameters: 1274223426134925314(String), 2020-06-20 14:11:53.378(Timestamp), 8(Long), 192.168.1.9(String),   cate: 0  pageNo: 1  pageSize: 4(String), org.jeecg.modules.readhappy.article.controller.ArticleController.artListByCate()(String), article-根据文章类别查询列表(String), 2(Integer), 1(Integer)
2020-06-20 14:11:53.381 [http-nio-8080-exec-6] DEBUG o.jeecg.modules.system.mapper.SysLogMapper.insert:143 - <==    Updates: 1
2020-06-20 14:12:13.705 [http-nio-8080-exec-8] DEBUG o.jeecg.modules.system.mapper.SysLogMapper.insert:143 - ==>  Preparing: INSERT INTO sys_log ( id, create_time, cost_time, ip, request_param, method, log_content, log_type, operate_type ) VALUES ( ?, ?, ?, ?, ?, ?, ?, ?, ? ) 
2020-06-20 14:12:13.706 [http-nio-8080-exec-8] DEBUG o.jeecg.modules.system.mapper.SysLogMapper.insert:143 - ==> Parameters: 1274223511363182594(String), 2020-06-20 14:12:13.704(Timestamp), 4(Long), 192.168.1.9(String),   pid: 0(String), org.jeecg.modules.readhappy.categories.controller.CategoriesController.cateType()(String), categories-查询文章分类(String), 2(Integer), 1(Integer)
2020-06-20 14:12:13.708 [http-nio-8080-exec-8] DEBUG o.jeecg.modules.system.mapper.SysLogMapper.insert:143 - <==    Updates: 1
2020-06-20 14:12:13.730 [http-nio-8080-exec-7] DEBUG o.jeecg.modules.system.mapper.SysLogMapper.insert:143 - ==>  Preparing: INSERT INTO sys_log ( id, create_time, cost_time, ip, request_param, method, log_content, log_type, operate_type ) VALUES ( ?, ?, ?, ?, ?, ?, ?, ?, ? ) 
2020-06-20 14:12:13.731 [http-nio-8080-exec-7] DEBUG o.jeecg.modules.system.mapper.SysLogMapper.insert:143 - ==> Parameters: 1274223511451262977(String), 2020-06-20 14:12:13.729(Timestamp), 8(Long), 192.168.1.9(String),   cate: 0  pageNo: 1  pageSize: 4(String), org.jeecg.modules.readhappy.article.controller.ArticleController.artListByCate()(String), article-根据文章类别查询列表(String), 2(Integer), 1(Integer)
2020-06-20 14:12:13.733 [http-nio-8080-exec-7] DEBUG o.jeecg.modules.system.mapper.SysLogMapper.insert:143 - <==    Updates: 1
2020-06-20 14:18:36.864 [http-nio-8080-exec-2] DEBUG o.jeecg.modules.system.mapper.SysLogMapper.insert:143 - ==>  Preparing: INSERT INTO sys_log ( id, create_time, cost_time, ip, request_param, method, log_content, log_type, operate_type ) VALUES ( ?, ?, ?, ?, ?, ?, ?, ?, ? ) 
2020-06-20 14:18:36.866 [http-nio-8080-exec-2] DEBUG o.jeecg.modules.system.mapper.SysLogMapper.insert:143 - ==> Parameters: 1274225118486257666(String), 2020-06-20 14:18:36.863(Timestamp), 4(Long), 192.168.1.9(String),   pid: 0(String), org.jeecg.modules.readhappy.categories.controller.CategoriesController.cateType()(String), categories-查询文章分类(String), 2(Integer), 1(Integer)
2020-06-20 14:18:36.868 [http-nio-8080-exec-2] DEBUG o.jeecg.modules.system.mapper.SysLogMapper.insert:143 - <==    Updates: 1
2020-06-20 14:18:36.878 [http-nio-8080-exec-1] DEBUG o.jeecg.modules.system.mapper.SysLogMapper.insert:143 - ==>  Preparing: INSERT INTO sys_log ( id, create_time, cost_time, ip, request_param, method, log_content, log_type, operate_type ) VALUES ( ?, ?, ?, ?, ?, ?, ?, ?, ? ) 
2020-06-20 14:18:36.881 [http-nio-8080-exec-1] DEBUG o.jeecg.modules.system.mapper.SysLogMapper.insert:143 - ==> Parameters: 1274225118486257667(String), 2020-06-20 14:18:36.877(Timestamp), 7(Long), 192.168.1.9(String),   cate: 0  pageNo: 1  pageSize: 4(String), org.jeecg.modules.readhappy.article.controller.ArticleController.artListByCate()(String), article-根据文章类别查询列表(String), 2(Integer), 1(Integer)
2020-06-20 14:18:36.883 [http-nio-8080-exec-1] DEBUG o.jeecg.modules.system.mapper.SysLogMapper.insert:143 - <==    Updates: 1
2020-06-20 14:27:01.427 [http-nio-8080-exec-5] DEBUG o.jeecg.modules.system.mapper.SysLogMapper.insert:143 - ==>  Preparing: INSERT INTO sys_log ( id, create_time, cost_time, ip, request_param, method, log_content, log_type, operate_type ) VALUES ( ?, ?, ?, ?, ?, ?, ?, ?, ? ) 
2020-06-20 14:27:01.428 [http-nio-8080-exec-5] DEBUG o.jeecg.modules.system.mapper.SysLogMapper.insert:143 - ==> Parameters: 1274227234739118081(String), 2020-06-20 14:27:01.425(Timestamp), 5(Long), 192.168.1.9(String),   pid: 0(String), org.jeecg.modules.readhappy.categories.controller.CategoriesController.cateType()(String), categories-查询文章分类(String), 2(Integer), 1(Integer)
2020-06-20 14:27:01.430 [http-nio-8080-exec-5] DEBUG o.jeecg.modules.system.mapper.SysLogMapper.insert:143 - <==    Updates: 1
2020-06-20 14:27:01.432 [http-nio-8080-exec-6] DEBUG o.jeecg.modules.system.mapper.SysLogMapper.insert:143 - ==>  Preparing: INSERT INTO sys_log ( id, create_time, cost_time, ip, request_param, method, log_content, log_type, operate_type ) VALUES ( ?, ?, ?, ?, ?, ?, ?, ?, ? ) 
2020-06-20 14:27:01.433 [http-nio-8080-exec-6] DEBUG o.jeecg.modules.system.mapper.SysLogMapper.insert:143 - ==> Parameters: 1274227234739118082(String), 2020-06-20 14:27:01.431(Timestamp), 10(Long), 192.168.1.9(String),   cate: 0  pageNo: 1  pageSize: 4(String), org.jeecg.modules.readhappy.article.controller.ArticleController.artListByCate()(String), article-根据文章类别查询列表(String), 2(Integer), 1(Integer)
2020-06-20 14:27:01.434 [http-nio-8080-exec-6] DEBUG o.jeecg.modules.system.mapper.SysLogMapper.insert:143 - <==    Updates: 1
2020-06-20 14:27:04.390 [http-nio-8080-exec-8] DEBUG o.jeecg.modules.system.mapper.SysLogMapper.insert:143 - ==>  Preparing: INSERT INTO sys_log ( id, create_time, cost_time, ip, request_param, method, log_content, log_type, operate_type ) VALUES ( ?, ?, ?, ?, ?, ?, ?, ?, ? ) 
2020-06-20 14:27:04.390 [http-nio-8080-exec-8] DEBUG o.jeecg.modules.system.mapper.SysLogMapper.insert:143 - ==> Parameters: 1274227247179423746(String), 2020-06-20 14:27:04.389(Timestamp), 9(Long), 192.168.1.9(String),   artid: 60(String), org.jeecg.modules.readhappy.article.controller.ArticleController.artInfo()(String), article-根据文章id获取文章信息(String), 2(Integer), 1(Integer)
2020-06-20 14:27:04.392 [http-nio-8080-exec-8] DEBUG o.jeecg.modules.system.mapper.SysLogMapper.insert:143 - <==    Updates: 1
2020-06-20 14:28:17.184 [http-nio-8080-exec-10] DEBUG o.jeecg.modules.system.mapper.SysLogMapper.insert:143 - ==>  Preparing: INSERT INTO sys_log ( id, create_time, cost_time, ip, request_param, method, log_content, log_type, operate_type ) VALUES ( ?, ?, ?, ?, ?, ?, ?, ?, ? ) 
2020-06-20 14:28:17.185 [http-nio-8080-exec-10] DEBUG o.jeecg.modules.system.mapper.SysLogMapper.insert:143 - ==> Parameters: 1274227552524754945(String), 2020-06-20 14:28:17.182(Timestamp), 3(Long), 192.168.1.9(String),   pid: 0(String), org.jeecg.modules.readhappy.categories.controller.CategoriesController.cateType()(String), categories-查询文章分类(String), 2(Integer), 1(Integer)
2020-06-20 14:28:17.186 [http-nio-8080-exec-10] DEBUG o.jeecg.modules.system.mapper.SysLogMapper.insert:143 - <==    Updates: 1
2020-06-20 14:28:17.196 [http-nio-8080-exec-2] DEBUG o.jeecg.modules.system.mapper.SysLogMapper.insert:143 - ==>  Preparing: INSERT INTO sys_log ( id, create_time, cost_time, ip, request_param, method, log_content, log_type, operate_type ) VALUES ( ?, ?, ?, ?, ?, ?, ?, ?, ? ) 
2020-06-20 14:28:17.197 [http-nio-8080-exec-2] DEBUG o.jeecg.modules.system.mapper.SysLogMapper.insert:143 - ==> Parameters: 1274227552579280897(String), 2020-06-20 14:28:17.195(Timestamp), 7(Long), 192.168.1.9(String),   cate: 0  pageNo: 1  pageSize: 4(String), org.jeecg.modules.readhappy.article.controller.ArticleController.artListByCate()(String), article-根据文章类别查询列表(String), 2(Integer), 1(Integer)
2020-06-20 14:28:17.198 [http-nio-8080-exec-2] DEBUG o.jeecg.modules.system.mapper.SysLogMapper.insert:143 - <==    Updates: 1
2020-06-20 14:28:57.930 [http-nio-8080-exec-1] DEBUG o.jeecg.modules.system.mapper.SysLogMapper.insert:143 - ==>  Preparing: INSERT INTO sys_log ( id, create_time, cost_time, ip, request_param, method, log_content, log_type, operate_type ) VALUES ( ?, ?, ?, ?, ?, ?, ?, ?, ? ) 
2020-06-20 14:28:57.931 [http-nio-8080-exec-1] DEBUG o.jeecg.modules.system.mapper.SysLogMapper.insert:143 - ==> Parameters: 1274227723430060034(String), 2020-06-20 14:28:57.93(Timestamp), 3(Long), 192.168.1.9(String),   pid: 0(String), org.jeecg.modules.readhappy.categories.controller.CategoriesController.cateType()(String), categories-查询文章分类(String), 2(Integer), 1(Integer)
2020-06-20 14:28:57.933 [http-nio-8080-exec-1] DEBUG o.jeecg.modules.system.mapper.SysLogMapper.insert:143 - <==    Updates: 1
2020-06-20 14:28:57.937 [http-nio-8080-exec-4] DEBUG o.jeecg.modules.system.mapper.SysLogMapper.insert:143 - ==>  Preparing: INSERT INTO sys_log ( id, create_time, cost_time, ip, request_param, method, log_content, log_type, operate_type ) VALUES ( ?, ?, ?, ?, ?, ?, ?, ?, ? ) 
2020-06-20 14:28:57.938 [http-nio-8080-exec-4] DEBUG o.jeecg.modules.system.mapper.SysLogMapper.insert:143 - ==> Parameters: 1274227723455225857(String), 2020-06-20 14:28:57.936(Timestamp), 6(Long), 192.168.1.9(String),   cate: 0  pageNo: 1  pageSize: 4(String), org.jeecg.modules.readhappy.article.controller.ArticleController.artListByCate()(String), article-根据文章类别查询列表(String), 2(Integer), 1(Integer)
2020-06-20 14:28:57.939 [http-nio-8080-exec-4] DEBUG o.jeecg.modules.system.mapper.SysLogMapper.insert:143 - <==    Updates: 1
2020-06-20 14:31:06.114 [http-nio-8080-exec-6] DEBUG o.jeecg.modules.system.mapper.SysLogMapper.insert:143 - ==>  Preparing: INSERT INTO sys_log ( id, create_time, cost_time, ip, request_param, method, log_content, log_type, operate_type ) VALUES ( ?, ?, ?, ?, ?, ?, ?, ?, ? ) 
2020-06-20 14:31:06.115 [http-nio-8080-exec-6] DEBUG o.jeecg.modules.system.mapper.SysLogMapper.insert:143 - ==> Parameters: 1274228261026586625(String), 2020-06-20 14:31:06.113(Timestamp), 2(Long), 192.168.1.9(String),   pid: 0(String), org.jeecg.modules.readhappy.categories.controller.CategoriesController.cateType()(String), categories-查询文章分类(String), 2(Integer), 1(Integer)
2020-06-20 14:31:06.117 [http-nio-8080-exec-6] DEBUG o.jeecg.modules.system.mapper.SysLogMapper.insert:143 - <==    Updates: 1
2020-06-20 14:31:06.137 [http-nio-8080-exec-8] DEBUG o.jeecg.modules.system.mapper.SysLogMapper.insert:143 - ==>  Preparing: INSERT INTO sys_log ( id, create_time, cost_time, ip, request_param, method, log_content, log_type, operate_type ) VALUES ( ?, ?, ?, ?, ?, ?, ?, ?, ? ) 
2020-06-20 14:31:06.138 [http-nio-8080-exec-8] DEBUG o.jeecg.modules.system.mapper.SysLogMapper.insert:143 - ==> Parameters: 1274228261110472706(String), 2020-06-20 14:31:06.136(Timestamp), 7(Long), 192.168.1.9(String),   cate: 0  pageNo: 1  pageSize: 4(String), org.jeecg.modules.readhappy.article.controller.ArticleController.artListByCate()(String), article-根据文章类别查询列表(String), 2(Integer), 1(Integer)
2020-06-20 14:31:06.139 [http-nio-8080-exec-8] DEBUG o.jeecg.modules.system.mapper.SysLogMapper.insert:143 - <==    Updates: 1
2020-06-20 14:32:01.164 [http-nio-8080-exec-7] DEBUG o.jeecg.modules.system.mapper.SysLogMapper.insert:143 - ==>  Preparing: INSERT INTO sys_log ( id, create_time, cost_time, ip, request_param, method, log_content, log_type, operate_type ) VALUES ( ?, ?, ?, ?, ?, ?, ?, ?, ? ) 
2020-06-20 14:32:01.165 [http-nio-8080-exec-7] DEBUG o.jeecg.modules.system.mapper.SysLogMapper.insert:143 - ==> Parameters: 1274228491973353473(String), 2020-06-20 14:32:01.164(Timestamp), 2(Long), 192.168.1.9(String),   pid: 0(String), org.jeecg.modules.readhappy.categories.controller.CategoriesController.cateType()(String), categories-查询文章分类(String), 2(Integer), 1(Integer)
2020-06-20 14:32:01.167 [http-nio-8080-exec-7] DEBUG o.jeecg.modules.system.mapper.SysLogMapper.insert:143 - <==    Updates: 1
2020-06-20 14:32:01.183 [http-nio-8080-exec-9] DEBUG o.jeecg.modules.system.mapper.SysLogMapper.insert:143 - ==>  Preparing: INSERT INTO sys_log ( id, create_time, cost_time, ip, request_param, method, log_content, log_type, operate_type ) VALUES ( ?, ?, ?, ?, ?, ?, ?, ?, ? ) 
2020-06-20 14:32:01.184 [http-nio-8080-exec-9] DEBUG o.jeecg.modules.system.mapper.SysLogMapper.insert:143 - ==> Parameters: 1274228492048850945(String), 2020-06-20 14:32:01.183(Timestamp), 7(Long), 192.168.1.9(String),   cate: 0  pageNo: 1  pageSize: 4(String), org.jeecg.modules.readhappy.article.controller.ArticleController.artListByCate()(String), article-根据文章类别查询列表(String), 2(Integer), 1(Integer)
2020-06-20 14:32:01.185 [http-nio-8080-exec-9] DEBUG o.jeecg.modules.system.mapper.SysLogMapper.insert:143 - <==    Updates: 1
2020-06-20 14:33:02.036 [http-nio-8080-exec-1] DEBUG o.jeecg.modules.system.mapper.SysLogMapper.insert:143 - ==>  Preparing: INSERT INTO sys_log ( id, create_time, cost_time, ip, request_param, method, log_content, log_type, operate_type ) VALUES ( ?, ?, ?, ?, ?, ?, ?, ?, ? ) 
2020-06-20 14:33:02.036 [http-nio-8080-exec-1] DEBUG o.jeecg.modules.system.mapper.SysLogMapper.insert:143 - ==> Parameters: 1274228747284832258(String), 2020-06-20 14:33:02.035(Timestamp), 2(Long), 192.168.1.9(String),   pid: 0(String), org.jeecg.modules.readhappy.categories.controller.CategoriesController.cateType()(String), categories-查询文章分类(String), 2(Integer), 1(Integer)
2020-06-20 14:33:02.038 [http-nio-8080-exec-1] DEBUG o.jeecg.modules.system.mapper.SysLogMapper.insert:143 - <==    Updates: 1
2020-06-20 14:33:02.059 [http-nio-8080-exec-4] DEBUG o.jeecg.modules.system.mapper.SysLogMapper.insert:143 - ==>  Preparing: INSERT INTO sys_log ( id, create_time, cost_time, ip, request_param, method, log_content, log_type, operate_type ) VALUES ( ?, ?, ?, ?, ?, ?, ?, ?, ? ) 
2020-06-20 14:33:02.060 [http-nio-8080-exec-4] DEBUG o.jeecg.modules.system.mapper.SysLogMapper.insert:143 - ==> Parameters: 1274228747385495553(String), 2020-06-20 14:33:02.058(Timestamp), 6(Long), 192.168.1.9(String),   cate: 0  pageNo: 1  pageSize: 4(String), org.jeecg.modules.readhappy.article.controller.ArticleController.artListByCate()(String), article-根据文章类别查询列表(String), 2(Integer), 1(Integer)
2020-06-20 14:33:02.061 [http-nio-8080-exec-4] DEBUG o.jeecg.modules.system.mapper.SysLogMapper.insert:143 - <==    Updates: 1
2020-06-20 14:33:06.336 [http-nio-8080-exec-3] DEBUG o.jeecg.modules.system.mapper.SysLogMapper.insert:143 - ==>  Preparing: INSERT INTO sys_log ( id, create_time, cost_time, ip, request_param, method, log_content, log_type, operate_type ) VALUES ( ?, ?, ?, ?, ?, ?, ?, ?, ? ) 
2020-06-20 14:33:06.337 [http-nio-8080-exec-3] DEBUG o.jeecg.modules.system.mapper.SysLogMapper.insert:143 - ==> Parameters: 1274228765324533761(String), 2020-06-20 14:33:06.335(Timestamp), 12(Long), 192.168.1.9(String),   uid: 4  pageNo: 1  pageSize: 3(String), org.jeecg.modules.readhappy.article.controller.ArticleController.artList()(String), article-分页列表查询(String), 2(Integer), 1(Integer)
2020-06-20 14:33:06.338 [http-nio-8080-exec-3] DEBUG o.jeecg.modules.system.mapper.SysLogMapper.insert:143 - <==    Updates: 1
2020-06-20 14:33:06.524 [http-nio-8080-exec-5] DEBUG o.jeecg.modules.system.mapper.SysLogMapper.insert:143 - ==>  Preparing: INSERT INTO sys_log ( id, create_time, cost_time, ip, request_param, method, log_content, log_type, operate_type ) VALUES ( ?, ?, ?, ?, ?, ?, ?, ?, ? ) 
2020-06-20 14:33:06.525 [http-nio-8080-exec-5] DEBUG o.jeecg.modules.system.mapper.SysLogMapper.insert:143 - ==> Parameters: 1274228766108868610(String), 2020-06-20 14:33:06.524(Timestamp), 10(Long), 192.168.1.9(String), ["4"](String), org.jeecg.modules.readhappy.member.controller.MemberController.info()(String), member-会员信息统计(String), 2(Integer), 1(Integer)
2020-06-20 14:33:06.527 [http-nio-8080-exec-5] DEBUG o.jeecg.modules.system.mapper.SysLogMapper.insert:143 - <==    Updates: 1
2020-06-20 14:33:10.047 [http-nio-8080-exec-8] DEBUG o.jeecg.modules.system.mapper.SysLogMapper.insert:143 - ==>  Preparing: INSERT INTO sys_log ( id, create_time, cost_time, ip, request_param, method, log_content, log_type, operate_type ) VALUES ( ?, ?, ?, ?, ?, ?, ?, ?, ? ) 
2020-06-20 14:33:10.048 [http-nio-8080-exec-8] DEBUG o.jeecg.modules.system.mapper.SysLogMapper.insert:143 - ==> Parameters: 1274228780889595906(String), 2020-06-20 14:33:10.046(Timestamp), 5(Long), 192.168.1.9(String),   pid: 0(String), org.jeecg.modules.readhappy.categories.controller.CategoriesController.cateType()(String), categories-查询文章分类(String), 2(Integer), 1(Integer)
2020-06-20 14:33:10.049 [http-nio-8080-exec-8] DEBUG o.jeecg.modules.system.mapper.SysLogMapper.insert:143 - <==    Updates: 1
2020-06-20 14:33:10.050 [http-nio-8080-exec-6] DEBUG o.jeecg.modules.system.mapper.SysLogMapper.insert:143 - ==>  Preparing: INSERT INTO sys_log ( id, create_time, cost_time, ip, request_param, method, log_content, log_type, operate_type ) VALUES ( ?, ?, ?, ?, ?, ?, ?, ?, ? ) 
2020-06-20 14:33:10.051 [http-nio-8080-exec-6] DEBUG o.jeecg.modules.system.mapper.SysLogMapper.insert:143 - ==> Parameters: 1274228780897984514(String), 2020-06-20 14:33:10.049(Timestamp), 4(Long), 192.168.1.9(String), (String), org.jeecg.modules.readhappy.token.controller.TokenController.getAccessToken()(String), getAccessToken-获取生成token(String), 2(Integer), 1(Integer)
2020-06-20 14:33:10.053 [http-nio-8080-exec-6] DEBUG o.jeecg.modules.system.mapper.SysLogMapper.insert:143 - <==    Updates: 1
2020-06-20 14:35:09.936 [http-nio-8080-exec-10] DEBUG o.jeecg.modules.system.mapper.SysLogMapper.insert:143 - ==>  Preparing: INSERT INTO sys_log ( id, create_time, cost_time, ip, request_param, method, log_content, log_type, operate_type ) VALUES ( ?, ?, ?, ?, ?, ?, ?, ?, ? ) 
2020-06-20 14:35:09.937 [http-nio-8080-exec-10] DEBUG o.jeecg.modules.system.mapper.SysLogMapper.insert:143 - ==> Parameters: 1274229283706953730(String), 2020-06-20 14:35:09.936(Timestamp), 3(Long), 192.168.1.9(String),   pid: 0(String), org.jeecg.modules.readhappy.categories.controller.CategoriesController.cateType()(String), categories-查询文章分类(String), 2(Integer), 1(Integer)
2020-06-20 14:35:09.938 [http-nio-8080-exec-10] DEBUG o.jeecg.modules.system.mapper.SysLogMapper.insert:143 - <==    Updates: 1
2020-06-20 14:35:09.956 [http-nio-8080-exec-2] DEBUG o.jeecg.modules.system.mapper.SysLogMapper.insert:143 - ==>  Preparing: INSERT INTO sys_log ( id, create_time, cost_time, ip, request_param, method, log_content, log_type, operate_type ) VALUES ( ?, ?, ?, ?, ?, ?, ?, ?, ? ) 
2020-06-20 14:35:09.956 [http-nio-8080-exec-2] DEBUG o.jeecg.modules.system.mapper.SysLogMapper.insert:143 - ==> Parameters: 1274229283790839809(String), 2020-06-20 14:35:09.955(Timestamp), 7(Long), 192.168.1.9(String),   cate: 0  pageNo: 1  pageSize: 4(String), org.jeecg.modules.readhappy.article.controller.ArticleController.artListByCate()(String), article-根据文章类别查询列表(String), 2(Integer), 1(Integer)
2020-06-20 14:35:09.957 [http-nio-8080-exec-2] DEBUG o.jeecg.modules.system.mapper.SysLogMapper.insert:143 - <==    Updates: 1
2020-06-20 14:36:28.135 [http-nio-8080-exec-4] DEBUG o.jeecg.modules.system.mapper.SysLogMapper.insert:143 - ==>  Preparing: INSERT INTO sys_log ( id, create_time, cost_time, ip, request_param, method, log_content, log_type, operate_type ) VALUES ( ?, ?, ?, ?, ?, ?, ?, ?, ? ) 
2020-06-20 14:36:28.136 [http-nio-8080-exec-4] DEBUG o.jeecg.modules.system.mapper.SysLogMapper.insert:143 - ==> Parameters: 1274229611705720833(String), 2020-06-20 14:36:28.134(Timestamp), 3(Long), 192.168.1.9(String),   pid: 0(String), org.jeecg.modules.readhappy.categories.controller.CategoriesController.cateType()(String), categories-查询文章分类(String), 2(Integer), 1(Integer)
2020-06-20 14:36:28.139 [http-nio-8080-exec-4] DEBUG o.jeecg.modules.system.mapper.SysLogMapper.insert:143 - <==    Updates: 1
2020-06-20 14:36:28.141 [http-nio-8080-exec-3] DEBUG o.jeecg.modules.system.mapper.SysLogMapper.insert:143 - ==>  Preparing: INSERT INTO sys_log ( id, create_time, cost_time, ip, request_param, method, log_content, log_type, operate_type ) VALUES ( ?, ?, ?, ?, ?, ?, ?, ?, ? ) 
2020-06-20 14:36:28.141 [http-nio-8080-exec-3] DEBUG o.jeecg.modules.system.mapper.SysLogMapper.insert:143 - ==> Parameters: 1274229611747663874(String), 2020-06-20 14:36:28.14(Timestamp), 7(Long), 192.168.1.9(String),   cate: 0  pageNo: 1  pageSize: 4(String), org.jeecg.modules.readhappy.article.controller.ArticleController.artListByCate()(String), article-根据文章类别查询列表(String), 2(Integer), 1(Integer)
2020-06-20 14:36:28.143 [http-nio-8080-exec-3] DEBUG o.jeecg.modules.system.mapper.SysLogMapper.insert:143 - <==    Updates: 1
2020-06-20 14:38:22.317 [http-nio-8080-exec-6] DEBUG o.jeecg.modules.system.mapper.SysLogMapper.insert:143 - ==>  Preparing: INSERT INTO sys_log ( id, create_time, cost_time, ip, request_param, method, log_content, log_type, operate_type ) VALUES ( ?, ?, ?, ?, ?, ?, ?, ?, ? ) 
2020-06-20 14:38:22.318 [http-nio-8080-exec-6] DEBUG o.jeecg.modules.system.mapper.SysLogMapper.insert:143 - ==> Parameters: 1274230090636517377(String), 2020-06-20 14:38:22.316(Timestamp), 3(Long), 192.168.1.9(String), (String), org.jeecg.modules.readhappy.token.controller.TokenController.getAccessToken()(String), getAccessToken-获取生成token(String), 2(Integer), 1(Integer)
2020-06-20 14:38:22.319 [http-nio-8080-exec-6] DEBUG o.jeecg.modules.system.mapper.SysLogMapper.insert:143 - <==    Updates: 1
2020-06-20 14:38:22.320 [http-nio-8080-exec-7] DEBUG o.jeecg.modules.system.mapper.SysLogMapper.insert:143 - ==>  Preparing: INSERT INTO sys_log ( id, create_time, cost_time, ip, request_param, method, log_content, log_type, operate_type ) VALUES ( ?, ?, ?, ?, ?, ?, ?, ?, ? ) 
2020-06-20 14:38:22.321 [http-nio-8080-exec-7] DEBUG o.jeecg.modules.system.mapper.SysLogMapper.insert:143 - ==> Parameters: 1274230090636517378(String), 2020-06-20 14:38:22.319(Timestamp), 3(Long), 192.168.1.9(String),   pid: 0(String), org.jeecg.modules.readhappy.categories.controller.CategoriesController.cateType()(String), categories-查询文章分类(String), 2(Integer), 1(Integer)
2020-06-20 14:38:22.322 [http-nio-8080-exec-7] DEBUG o.jeecg.modules.system.mapper.SysLogMapper.insert:143 - <==    Updates: 1
2020-06-20 14:38:32.492 [http-nio-8080-exec-9] DEBUG o.jeecg.modules.system.mapper.SysLogMapper.insert:143 - ==>  Preparing: INSERT INTO sys_log ( id, create_time, cost_time, ip, request_param, method, log_content, log_type, operate_type ) VALUES ( ?, ?, ?, ?, ?, ?, ?, ?, ? ) 
2020-06-20 14:38:32.493 [http-nio-8080-exec-9] DEBUG o.jeecg.modules.system.mapper.SysLogMapper.insert:143 - ==> Parameters: 1274230133300977666(String), 2020-06-20 14:38:32.491(Timestamp), 3(Long), 192.168.1.9(String),   pid: 0(String), org.jeecg.modules.readhappy.categories.controller.CategoriesController.cateType()(String), categories-查询文章分类(String), 2(Integer), 1(Integer)
2020-06-20 14:38:32.494 [http-nio-8080-exec-9] DEBUG o.jeecg.modules.system.mapper.SysLogMapper.insert:143 - <==    Updates: 1
2020-06-20 14:38:32.496 [http-nio-8080-exec-10] DEBUG o.jeecg.modules.system.mapper.SysLogMapper.insert:143 - ==>  Preparing: INSERT INTO sys_log ( id, create_time, cost_time, ip, request_param, method, log_content, log_type, operate_type ) VALUES ( ?, ?, ?, ?, ?, ?, ?, ?, ? ) 
2020-06-20 14:38:32.497 [http-nio-8080-exec-10] DEBUG o.jeecg.modules.system.mapper.SysLogMapper.insert:143 - ==> Parameters: 1274230133300977667(String), 2020-06-20 14:38:32.496(Timestamp), 5(Long), 192.168.1.9(String),   cate: 0  pageNo: 1  pageSize: 4(String), org.jeecg.modules.readhappy.article.controller.ArticleController.artListByCate()(String), article-根据文章类别查询列表(String), 2(Integer), 1(Integer)
2020-06-20 14:38:32.498 [http-nio-8080-exec-10] DEBUG o.jeecg.modules.system.mapper.SysLogMapper.insert:143 - <==    Updates: 1
2020-06-20 14:38:40.180 [http-nio-8080-exec-2] DEBUG o.jeecg.modules.system.mapper.SysLogMapper.insert:143 - ==>  Preparing: INSERT INTO sys_log ( id, create_time, cost_time, ip, request_param, method, log_content, log_type, operate_type ) VALUES ( ?, ?, ?, ?, ?, ?, ?, ?, ? ) 
2020-06-20 14:38:40.182 [http-nio-8080-exec-1] DEBUG o.jeecg.modules.system.mapper.SysLogMapper.insert:143 - ==>  Preparing: INSERT INTO sys_log ( id, create_time, cost_time, ip, request_param, method, log_content, log_type, operate_type ) VALUES ( ?, ?, ?, ?, ?, ?, ?, ?, ? ) 
2020-06-20 14:38:40.182 [http-nio-8080-exec-2] DEBUG o.jeecg.modules.system.mapper.SysLogMapper.insert:143 - ==> Parameters: 1274230165563564033(String), 2020-06-20 14:38:40.179(Timestamp), 3(Long), 192.168.1.9(String), (String), org.jeecg.modules.readhappy.token.controller.TokenController.getAccessToken()(String), getAccessToken-获取生成token(String), 2(Integer), 1(Integer)
2020-06-20 14:38:40.183 [http-nio-8080-exec-1] DEBUG o.jeecg.modules.system.mapper.SysLogMapper.insert:143 - ==> Parameters: 1274230165571952641(String), 2020-06-20 14:38:40.181(Timestamp), 3(Long), 192.168.1.9(String),   pid: 0(String), org.jeecg.modules.readhappy.categories.controller.CategoriesController.cateType()(String), categories-查询文章分类(String), 2(Integer), 1(Integer)
2020-06-20 14:38:40.184 [http-nio-8080-exec-1] DEBUG o.jeecg.modules.system.mapper.SysLogMapper.insert:143 - <==    Updates: 1
2020-06-20 14:38:40.184 [http-nio-8080-exec-2] DEBUG o.jeecg.modules.system.mapper.SysLogMapper.insert:143 - <==    Updates: 1
