2021-09-23 09:57:15.391 [main] INFO  org.jeecg.JeecgApplication:50 - Starting JeecgApplication on helloWorld with PID 10396 (D:\IDEA_space\jeecg-jeecg-boot-master\jeecg-boot\jeecg-boot\jeecg-boot-module-system\target\classes started by helloWorld in D:\IDEA_space\jeecg-jeecg-boot-master\jeecg-boot\jeecg-boot)
2021-09-23 09:57:15.394 [main] INFO  org.jeecg.JeecgApplication:679 - The following profiles are active: dev
2021-09-23 09:57:16.788 [main] INFO  o.s.d.r.config.RepositoryConfigurationDelegate:244 - Multiple Spring Data modules found, entering strict repository configuration mode!
2021-09-23 09:57:16.790 [main] INFO  o.s.d.r.config.RepositoryConfigurationDelegate:126 - Bootstrapping Spring Data repositories in DEFAULT mode.
2021-09-23 09:57:16.868 [main] INFO  o.s.d.r.config.RepositoryConfigurationDelegate:182 - Finished Spring Data repository scanning in 66ms. Found 0 repository interfaces.
2021-09-23 09:57:17.146 [main] INFO  o.s.c.s.PostProcessorRegistrationDelegate$BeanPostProcessorChecker:330 - Bean 'shiroConfig' of type [org.jeecg.config.ShiroConfig$$EnhancerBySpringCGLIB$$b4f768d9] is not eligible for getting processed by all BeanPostProcessors (for example: not eligible for auto-proxying)
2021-09-23 09:57:17.285 [main] INFO  o.s.c.s.PostProcessorRegistrationDelegate$BeanPostProcessorChecker:330 - Bean 'shiroRealm' of type [org.jeecg.modules.shiro.authc.ShiroRealm] is not eligible for getting processed by all BeanPostProcessors (for example: not eligible for auto-proxying)
2021-09-23 09:57:17.710 [main] INFO  org.jeecg.config.ShiroConfig:207 - ===============(1)创建缓存管理器RedisCacheManager
2021-09-23 09:57:17.712 [main] INFO  org.jeecg.config.ShiroConfig:225 - ===============(2)创建RedisManager,连接Redis..URL= 127.0.0.1:6379
2021-09-23 09:57:17.716 [main] INFO  o.s.c.s.PostProcessorRegistrationDelegate$BeanPostProcessorChecker:330 - Bean 'redisManager' of type [org.crazycake.shiro.RedisManager] is not eligible for getting processed by all BeanPostProcessors (for example: not eligible for auto-proxying)
2021-09-23 09:57:17.721 [main] INFO  o.s.c.s.PostProcessorRegistrationDelegate$BeanPostProcessorChecker:330 - Bean 'securityManager' of type [org.apache.shiro.web.mgt.DefaultWebSecurityManager] is not eligible for getting processed by all BeanPostProcessors (for example: not eligible for auto-proxying)
2021-09-23 09:57:17.748 [main] INFO  o.s.c.s.PostProcessorRegistrationDelegate$BeanPostProcessorChecker:330 - Bean 'authorizationAttributeSourceAdvisor' of type [org.apache.shiro.spring.security.interceptor.AuthorizationAttributeSourceAdvisor] is not eligible for getting processed by all BeanPostProcessors (for example: not eligible for auto-proxying)
2021-09-23 09:57:17.813 [main] INFO  o.s.c.s.PostProcessorRegistrationDelegate$BeanPostProcessorChecker:330 - Bean 'org.springframework.transaction.annotation.ProxyTransactionManagementConfiguration' of type [org.springframework.transaction.annotation.ProxyTransactionManagementConfiguration$$EnhancerBySpringCGLIB$$94f1ff43] is not eligible for getting processed by all BeanPostProcessors (for example: not eligible for auto-proxying)
2021-09-23 09:57:17.952 [main] INFO  o.s.c.s.PostProcessorRegistrationDelegate$BeanPostProcessorChecker:330 - Bean 'spring.datasource.dynamic-com.baomidou.dynamic.datasource.spring.boot.autoconfigure.DynamicDataSourceProperties' of type [com.baomidou.dynamic.datasource.spring.boot.autoconfigure.DynamicDataSourceProperties] is not eligible for getting processed by all BeanPostProcessors (for example: not eligible for auto-proxying)
2021-09-23 09:57:17.957 [main] INFO  o.s.c.s.PostProcessorRegistrationDelegate$BeanPostProcessorChecker:330 - Bean 'com.baomidou.dynamic.datasource.spring.boot.autoconfigure.DynamicDataSourceAutoConfiguration' of type [com.baomidou.dynamic.datasource.spring.boot.autoconfigure.DynamicDataSourceAutoConfiguration$$EnhancerBySpringCGLIB$$fe807014] is not eligible for getting processed by all BeanPostProcessors (for example: not eligible for auto-proxying)
2021-09-23 09:57:17.969 [main] INFO  o.s.c.s.PostProcessorRegistrationDelegate$BeanPostProcessorChecker:330 - Bean 'dsProcessor' of type [com.baomidou.dynamic.datasource.processor.DsHeaderProcessor] is not eligible for getting processed by all BeanPostProcessors (for example: not eligible for auto-proxying)
2021-09-23 09:57:17.976 [main] INFO  o.s.c.s.PostProcessorRegistrationDelegate$BeanPostProcessorChecker:330 - Bean 'dynamicDatasourceAnnotationAdvisor' of type [com.baomidou.dynamic.datasource.aop.DynamicDataSourceAnnotationAdvisor] is not eligible for getting processed by all BeanPostProcessors (for example: not eligible for auto-proxying)
2021-09-23 09:57:17.998 [main] INFO  o.s.c.s.PostProcessorRegistrationDelegate$BeanPostProcessorChecker:330 - Bean 'spring.redis-org.springframework.boot.autoconfigure.data.redis.RedisProperties' of type [org.springframework.boot.autoconfigure.data.redis.RedisProperties] is not eligible for getting processed by all BeanPostProcessors (for example: not eligible for auto-proxying)
2021-09-23 09:57:18.007 [main] INFO  o.s.c.s.PostProcessorRegistrationDelegate$BeanPostProcessorChecker:330 - Bean 'org.springframework.boot.autoconfigure.data.redis.LettuceConnectionConfiguration' of type [org.springframework.boot.autoconfigure.data.redis.LettuceConnectionConfiguration$$EnhancerBySpringCGLIB$$aa0bbd8d] is not eligible for getting processed by all BeanPostProcessors (for example: not eligible for auto-proxying)
2021-09-23 09:57:18.124 [main] INFO  o.s.c.s.PostProcessorRegistrationDelegate$BeanPostProcessorChecker:330 - Bean 'lettuceClientResources' of type [io.lettuce.core.resource.DefaultClientResources] is not eligible for getting processed by all BeanPostProcessors (for example: not eligible for auto-proxying)
2021-09-23 09:57:18.192 [main] INFO  o.s.c.s.PostProcessorRegistrationDelegate$BeanPostProcessorChecker:330 - Bean 'redisConnectionFactory' of type [org.springframework.data.redis.connection.lettuce.LettuceConnectionFactory] is not eligible for getting processed by all BeanPostProcessors (for example: not eligible for auto-proxying)
2021-09-23 09:57:18.203 [main] INFO  o.s.c.s.PostProcessorRegistrationDelegate$BeanPostProcessorChecker:330 - Bean 'redisConfig' of type [org.jeecg.config.RedisConfig$$EnhancerBySpringCGLIB$$ffc5f023] is not eligible for getting processed by all BeanPostProcessors (for example: not eligible for auto-proxying)
2021-09-23 09:57:18.232 [main] INFO  o.s.c.s.PostProcessorRegistrationDelegate$BeanPostProcessorChecker:330 - Bean 'org.apache.shiro.spring.boot.autoconfigure.ShiroBeanAutoConfiguration' of type [org.apache.shiro.spring.boot.autoconfigure.ShiroBeanAutoConfiguration$$EnhancerBySpringCGLIB$$a80adcf3] is not eligible for getting processed by all BeanPostProcessors (for example: not eligible for auto-proxying)
2021-09-23 09:57:18.236 [main] INFO  o.s.c.s.PostProcessorRegistrationDelegate$BeanPostProcessorChecker:330 - Bean 'eventBus' of type [org.apache.shiro.event.support.DefaultEventBus] is not eligible for getting processed by all BeanPostProcessors (for example: not eligible for auto-proxying)
2021-09-23 09:57:18.556 [main] INFO  o.s.boot.web.embedded.tomcat.TomcatWebServer:90 - Tomcat initialized with port(s): 8080 (http)
2021-09-23 09:57:18.573 [main] INFO  org.apache.coyote.http11.Http11NioProtocol:173 - Initializing ProtocolHandler ["http-nio-8080"]
2021-09-23 09:57:18.583 [main] INFO  org.apache.catalina.core.StandardService:173 - Starting service [Tomcat]
2021-09-23 09:57:18.583 [main] INFO  org.apache.catalina.core.StandardEngine:173 - Starting Servlet engine: [Apache Tomcat/9.0.16]
2021-09-23 09:57:18.590 [main] INFO  org.apache.catalina.core.AprLifecycleListener:173 - Loaded APR based Apache Tomcat Native library [1.2.25] using APR version [1.7.0].
2021-09-23 09:57:18.590 [main] INFO  org.apache.catalina.core.AprLifecycleListener:173 - APR capabilities: IPv6 [true], sendfile [true], accept filters [false], random [true].
2021-09-23 09:57:18.590 [main] INFO  org.apache.catalina.core.AprLifecycleListener:173 - APR/OpenSSL configuration: useAprConnector [false], useOpenSSL [true]
2021-09-23 09:57:18.594 [main] INFO  org.apache.catalina.core.AprLifecycleListener:173 - OpenSSL successfully initialized [OpenSSL 1.1.1g  21 Apr 2020]
2021-09-23 09:57:18.766 [main] INFO  o.a.c.c.C.[Tomcat].[localhost].[/jeecg-boot]:173 - Initializing Spring embedded WebApplicationContext
2021-09-23 09:57:18.766 [main] INFO  org.springframework.web.context.ContextLoader:296 - Root WebApplicationContext: initialization completed in 3306 ms
2021-09-23 09:57:19.018 [main] INFO  c.b.dynamic.datasource.DynamicDataSourceCreator:113 - 动态数据源-检测到druid存在,如配置中未指定type,druid会默认配置
2021-09-23 09:57:19.227 [main] INFO  com.alibaba.druid.pool.DruidDataSource:1003 - {dataSource-1,master} inited
2021-09-23 09:57:19.228 [main] INFO  c.b.dynamic.datasource.DynamicRoutingDataSource:203 - 初始共加载 1 个数据源
2021-09-23 09:57:19.228 [main] INFO  c.b.dynamic.datasource.DynamicRoutingDataSource:142 - 动态数据源-加载 master 成功
2021-09-23 09:57:19.228 [main] INFO  c.b.dynamic.datasource.DynamicRoutingDataSource:212 - 当前的默认数据源是单数据源，数据源名为 master
2021-09-23 09:57:21.571 [main] INFO  org.quartz.impl.StdSchedulerFactory:1208 - Using default implementation for ThreadExecutor
2021-09-23 09:57:21.573 [main] INFO  org.quartz.simpl.SimpleThreadPool:268 - Job execution threads will use class loader of thread: main
2021-09-23 09:57:21.583 [main] INFO  org.quartz.core.SchedulerSignalerImpl:61 - Initialized Scheduler Signaller of type: class org.quartz.core.SchedulerSignalerImpl
2021-09-23 09:57:21.583 [main] INFO  org.quartz.core.QuartzScheduler:229 - Quartz Scheduler v.2.3.0 created.
2021-09-23 09:57:21.586 [main] INFO  o.s.scheduling.quartz.LocalDataSourceJobStore:672 - Using db table-based data access locking (synchronization).
2021-09-23 09:57:21.588 [main] INFO  o.s.scheduling.quartz.LocalDataSourceJobStore:145 - JobStoreCMT initialized.
2021-09-23 09:57:21.589 [main] INFO  org.quartz.core.QuartzScheduler:294 - Scheduler meta-data: Quartz Scheduler (v2.3.0) 'MyScheduler' with instanceId 'helloWorld1632362241572'
  Scheduler class: 'org.quartz.core.QuartzScheduler' - running locally.
  NOT STARTED.
  Currently in standby mode.
  Number of jobs executed: 0
  Using thread pool 'org.quartz.simpl.SimpleThreadPool' - with 10 threads.
  Using job-store 'org.springframework.scheduling.quartz.LocalDataSourceJobStore' - which supports persistence. and is clustered.

2021-09-23 09:57:21.589 [main] INFO  org.quartz.impl.StdSchedulerFactory:1362 - Quartz scheduler 'MyScheduler' initialized from an externally provided properties instance.
2021-09-23 09:57:21.589 [main] INFO  org.quartz.impl.StdSchedulerFactory:1366 - Quartz scheduler version: 2.3.0
2021-09-23 09:57:21.589 [main] INFO  org.quartz.core.QuartzScheduler:2287 - JobFactory set to: org.springframework.scheduling.quartz.SpringBeanJobFactory@14c5283
2021-09-23 09:57:23.440 [main] INFO  o.s.b.actuate.endpoint.web.EndpointLinksResolver:59 - Exposing 2 endpoint(s) beneath base path '/actuator'
2021-09-23 09:57:23.599 [main] INFO  s.d.s.w.PropertySourcedRequestMappingHandlerMapping:69 - Mapped URL path [/v2/api-docs] onto method [public org.springframework.http.ResponseEntity<springfox.documentation.spring.web.json.Json> springfox.documentation.swagger2.web.Swagger2Controller.getDocumentation(java.lang.String,javax.servlet.http.HttpServletRequest)]
2021-09-23 09:57:23.827 [main] INFO  o.s.scheduling.concurrent.ThreadPoolTaskExecutor:171 - Initializing ExecutorService 'applicationTaskExecutor'
2021-09-23 09:57:24.477 [main] INFO  s.d.s.web.plugins.DocumentationPluginsBootstrapper:160 - Context refreshed
2021-09-23 09:57:24.488 [main] INFO  s.d.s.web.plugins.DocumentationPluginsBootstrapper:163 - Found 3 custom documentation plugin(s)
2021-09-23 09:57:24.547 [main] INFO  s.d.spring.web.scanners.ApiListingReferenceScanner:41 - Scanning for api listing references
2021-09-23 09:57:24.671 [main] INFO  s.d.spring.web.scanners.ApiListingReferenceScanner:41 - Scanning for api listing references
2021-09-23 09:57:24.717 [main] INFO  s.d.s.w.r.operation.CachingOperationNameGenerator:40 - Generating unique operation named: addUsingPOST_1
2021-09-23 09:57:24.719 [main] INFO  s.d.s.w.r.operation.CachingOperationNameGenerator:40 - Generating unique operation named: deleteUsingDELETE_1
2021-09-23 09:57:24.721 [main] INFO  s.d.s.w.r.operation.CachingOperationNameGenerator:40 - Generating unique operation named: deleteBatchUsingDELETE_1
2021-09-23 09:57:24.722 [main] INFO  s.d.s.w.r.operation.CachingOperationNameGenerator:40 - Generating unique operation named: editUsingPUT_1
2021-09-23 09:57:24.723 [main] INFO  s.d.s.w.r.operation.CachingOperationNameGenerator:40 - Generating unique operation named: queryByIdUsingGET_1
2021-09-23 09:57:24.726 [main] INFO  s.d.s.w.r.operation.CachingOperationNameGenerator:40 - Generating unique operation named: queryPageListUsingGET_1
2021-09-23 09:57:24.731 [main] INFO  s.d.s.w.r.operation.CachingOperationNameGenerator:40 - Generating unique operation named: addUsingPOST_2
2021-09-23 09:57:24.734 [main] INFO  s.d.s.w.r.operation.CachingOperationNameGenerator:40 - Generating unique operation named: deleteUsingDELETE_2
2021-09-23 09:57:24.735 [main] INFO  s.d.s.w.r.operation.CachingOperationNameGenerator:40 - Generating unique operation named: deleteBatchUsingDELETE_2
2021-09-23 09:57:24.736 [main] INFO  s.d.s.w.r.operation.CachingOperationNameGenerator:40 - Generating unique operation named: editUsingPUT_2
2021-09-23 09:57:24.740 [main] INFO  s.d.s.w.r.operation.CachingOperationNameGenerator:40 - Generating unique operation named: queryByIdUsingGET_2
2021-09-23 09:57:24.742 [main] INFO  s.d.s.w.r.operation.CachingOperationNameGenerator:40 - Generating unique operation named: queryPageListUsingGET_2
2021-09-23 09:57:24.746 [main] INFO  s.d.s.w.r.operation.CachingOperationNameGenerator:40 - Generating unique operation named: addUsingPOST_3
2021-09-23 09:57:24.747 [main] INFO  s.d.s.w.r.operation.CachingOperationNameGenerator:40 - Generating unique operation named: deleteUsingDELETE_3
2021-09-23 09:57:24.748 [main] INFO  s.d.s.w.r.operation.CachingOperationNameGenerator:40 - Generating unique operation named: deleteBatchUsingDELETE_3
2021-09-23 09:57:24.749 [main] INFO  s.d.s.w.r.operation.CachingOperationNameGenerator:40 - Generating unique operation named: editUsingPUT_3
2021-09-23 09:57:24.751 [main] INFO  s.d.s.w.r.operation.CachingOperationNameGenerator:40 - Generating unique operation named: queryByIdUsingGET_3
2021-09-23 09:57:24.754 [main] INFO  s.d.s.w.r.operation.CachingOperationNameGenerator:40 - Generating unique operation named: queryPageListUsingGET_3
2021-09-23 09:57:24.760 [main] INFO  s.d.spring.web.scanners.ApiListingReferenceScanner:41 - Scanning for api listing references
2021-09-23 09:57:24.782 [main] INFO  s.d.s.w.r.operation.CachingOperationNameGenerator:40 - Generating unique operation named: loginUsingPOST_1
2021-09-23 09:57:24.791 [main] INFO  s.d.s.w.r.operation.CachingOperationNameGenerator:40 - Generating unique operation named: addUsingPOST_4
2021-09-23 09:57:24.793 [main] INFO  s.d.s.w.r.operation.CachingOperationNameGenerator:40 - Generating unique operation named: deleteUsingDELETE_4
2021-09-23 09:57:24.794 [main] INFO  s.d.s.w.r.operation.CachingOperationNameGenerator:40 - Generating unique operation named: deleteBatchUsingDELETE_4
2021-09-23 09:57:24.796 [main] INFO  s.d.s.w.r.operation.CachingOperationNameGenerator:40 - Generating unique operation named: editUsingPUT_4
2021-09-23 09:57:24.797 [main] INFO  s.d.s.w.r.operation.CachingOperationNameGenerator:40 - Generating unique operation named: queryByIdUsingGET_4
2021-09-23 09:57:24.800 [main] INFO  s.d.s.w.r.operation.CachingOperationNameGenerator:40 - Generating unique operation named: queryPageListUsingGET_4
2021-09-23 09:57:24.804 [main] INFO  s.d.s.w.r.operation.CachingOperationNameGenerator:40 - Generating unique operation named: addUsingPOST_5
2021-09-23 09:57:24.805 [main] INFO  s.d.s.w.r.operation.CachingOperationNameGenerator:40 - Generating unique operation named: deleteUsingDELETE_5
2021-09-23 09:57:24.807 [main] INFO  s.d.s.w.r.operation.CachingOperationNameGenerator:40 - Generating unique operation named: deleteBatchUsingDELETE_5
2021-09-23 09:57:24.808 [main] INFO  s.d.s.w.r.operation.CachingOperationNameGenerator:40 - Generating unique operation named: editUsingPUT_5
2021-09-23 09:57:24.810 [main] INFO  s.d.s.w.r.operation.CachingOperationNameGenerator:40 - Generating unique operation named: queryByIdUsingGET_5
2021-09-23 09:57:24.814 [main] INFO  s.d.s.w.r.operation.CachingOperationNameGenerator:40 - Generating unique operation named: queryPageListUsingGET_5
2021-09-23 09:57:24.817 [main] INFO  s.d.s.w.r.operation.CachingOperationNameGenerator:40 - Generating unique operation named: addUsingPOST_6
2021-09-23 09:57:24.818 [main] INFO  s.d.s.w.r.operation.CachingOperationNameGenerator:40 - Generating unique operation named: deleteUsingDELETE_6
2021-09-23 09:57:24.819 [main] INFO  s.d.s.w.r.operation.CachingOperationNameGenerator:40 - Generating unique operation named: deleteBatchUsingDELETE_6
2021-09-23 09:57:24.820 [main] INFO  s.d.s.w.r.operation.CachingOperationNameGenerator:40 - Generating unique operation named: editUsingPUT_6
2021-09-23 09:57:24.821 [main] INFO  s.d.s.w.r.operation.CachingOperationNameGenerator:40 - Generating unique operation named: queryByIdUsingGET_6
2021-09-23 09:57:24.824 [main] INFO  s.d.s.w.r.operation.CachingOperationNameGenerator:40 - Generating unique operation named: queryPageListUsingGET_6
2021-09-23 09:57:24.828 [main] INFO  s.d.s.w.r.operation.CachingOperationNameGenerator:40 - Generating unique operation named: addUsingPOST_7
2021-09-23 09:57:24.829 [main] INFO  s.d.s.w.r.operation.CachingOperationNameGenerator:40 - Generating unique operation named: deleteUsingDELETE_7
2021-09-23 09:57:24.830 [main] INFO  s.d.s.w.r.operation.CachingOperationNameGenerator:40 - Generating unique operation named: deleteBatchUsingDELETE_7
2021-09-23 09:57:24.832 [main] INFO  s.d.s.w.r.operation.CachingOperationNameGenerator:40 - Generating unique operation named: editUsingPUT_7
2021-09-23 09:57:24.833 [main] INFO  s.d.s.w.r.operation.CachingOperationNameGenerator:40 - Generating unique operation named: queryByIdUsingGET_7
2021-09-23 09:57:24.837 [main] INFO  s.d.s.w.r.operation.CachingOperationNameGenerator:40 - Generating unique operation named: queryPageListUsingGET_7
2021-09-23 09:57:24.841 [main] INFO  s.d.s.w.r.operation.CachingOperationNameGenerator:40 - Generating unique operation named: addUsingPOST_8
2021-09-23 09:57:24.842 [main] INFO  s.d.s.w.r.operation.CachingOperationNameGenerator:40 - Generating unique operation named: deleteUsingDELETE_8
2021-09-23 09:57:24.843 [main] INFO  s.d.s.w.r.operation.CachingOperationNameGenerator:40 - Generating unique operation named: deleteBatchUsingDELETE_8
2021-09-23 09:57:24.844 [main] INFO  s.d.s.w.r.operation.CachingOperationNameGenerator:40 - Generating unique operation named: editUsingPUT_8
2021-09-23 09:57:24.845 [main] INFO  s.d.s.w.r.operation.CachingOperationNameGenerator:40 - Generating unique operation named: queryByIdUsingGET_8
2021-09-23 09:57:24.848 [main] INFO  s.d.s.w.r.operation.CachingOperationNameGenerator:40 - Generating unique operation named: queryPageListUsingGET_8
2021-09-23 09:57:24.854 [main] INFO  s.d.s.w.r.operation.CachingOperationNameGenerator:40 - Generating unique operation named: addUsingPOST_9
2021-09-23 09:57:24.855 [main] INFO  s.d.s.w.r.operation.CachingOperationNameGenerator:40 - Generating unique operation named: deleteUsingDELETE_9
2021-09-23 09:57:24.856 [main] INFO  s.d.s.w.r.operation.CachingOperationNameGenerator:40 - Generating unique operation named: deleteBatchUsingDELETE_9
2021-09-23 09:57:24.857 [main] INFO  s.d.s.w.r.operation.CachingOperationNameGenerator:40 - Generating unique operation named: editUsingPUT_9
2021-09-23 09:57:24.858 [main] INFO  s.d.s.w.r.operation.CachingOperationNameGenerator:40 - Generating unique operation named: queryByIdUsingGET_9
2021-09-23 09:57:24.864 [main] INFO  s.d.s.w.r.operation.CachingOperationNameGenerator:40 - Generating unique operation named: queryPageListUsingGET_9
2021-09-23 09:57:24.865 [main] INFO  o.s.scheduling.quartz.SchedulerFactoryBean:726 - Starting Quartz Scheduler now
2021-09-23 09:57:24.979 [main] INFO  o.s.scheduling.quartz.LocalDataSourceJobStore:3629 - ClusterManager: detected 1 failed or restarted instances.
2021-09-23 09:57:24.980 [main] INFO  o.s.scheduling.quartz.LocalDataSourceJobStore:3488 - ClusterManager: Scanning for instance "helloWorld1627435275814"'s failed in-progress jobs.
2021-09-23 09:57:24.984 [main] INFO  org.quartz.core.QuartzScheduler:547 - Scheduler MyScheduler_$_helloWorld1632362241572 started.
2021-09-23 09:57:24.996 [main] INFO  org.apache.coyote.http11.Http11NioProtocol:173 - Starting ProtocolHandler ["http-nio-8080"]
2021-09-23 09:57:25.018 [main] INFO  o.s.boot.web.embedded.tomcat.TomcatWebServer:204 - Tomcat started on port(s): 8080 (http) with context path '/jeecg-boot'
2021-09-23 09:57:25.020 [main] INFO  org.jeecg.JeecgApplication:59 - Started JeecgApplication in 10.12 seconds (JVM running for 11.028)
2021-09-23 09:57:25.031 [main] INFO  org.jeecg.JeecgApplication:29 - 
----------------------------------------------------------
	Application Jeecg-Boot is running! Access URLs:
	Local: 		http://localhost:8080/jeecg-boot/
	External: 	http://192.168.153.1:8080/jeecg-boot/
	Swagger-UI: 		http://192.168.153.1:8080/jeecg-boot/doc.html
----------------------------------------------------------
2021-09-23 09:57:25.232 [RMI TCP Connection(3)-192.168.153.1] INFO  o.a.c.c.C.[Tomcat].[localhost].[/jeecg-boot]:173 - Initializing Spring DispatcherServlet 'dispatcherServlet'
2021-09-23 09:57:25.232 [RMI TCP Connection(3)-192.168.153.1] INFO  org.springframework.web.servlet.DispatcherServlet:524 - Initializing Servlet 'dispatcherServlet'
2021-09-23 09:57:25.244 [RMI TCP Connection(3)-192.168.153.1] INFO  org.springframework.web.servlet.DispatcherServlet:546 - Completed initialization in 12 ms
2021-09-23 09:57:25.875 [RMI TCP Connection(5)-192.168.153.1] INFO  io.lettuce.core.EpollProvider:68 - Starting without optional epoll library
2021-09-23 09:57:25.877 [RMI TCP Connection(5)-192.168.153.1] INFO  io.lettuce.core.KqueueProvider:70 - Starting without optional kqueue library
2021-09-23 10:02:46.312 [http-nio-8080-exec-1] DEBUG o.jeecg.modules.system.mapper.SysLogMapper.insert:143 - ==>  Preparing: INSERT INTO sys_log ( id, create_time, cost_time, ip, request_param, method, log_content, log_type, operate_type ) VALUES ( ?, ?, ?, ?, ?, ?, ?, ?, ? ) 
2021-09-23 10:02:46.312 [http-nio-8080-exec-2] DEBUG o.jeecg.modules.system.mapper.SysLogMapper.insert:143 - ==>  Preparing: INSERT INTO sys_log ( id, create_time, cost_time, ip, request_param, method, log_content, log_type, operate_type ) VALUES ( ?, ?, ?, ?, ?, ?, ?, ?, ? ) 
2021-09-23 10:02:46.321 [http-nio-8080-exec-2] DEBUG o.jeecg.modules.system.mapper.SysLogMapper.insert:143 - ==> Parameters: 1440859151772160002(String), 2021-09-23 10:02:46.026(Timestamp), 150(Long), 192.168.153.1(String),   cate: 0  pageNo: 1  pageSize: 2(String), org.jeecg.modules.readhappy.article.controller.ArticleController.artListByCate()(String), article-根据文章类别查询列表(String), 2(Integer), 1(Integer)
2021-09-23 10:02:46.321 [http-nio-8080-exec-1] DEBUG o.jeecg.modules.system.mapper.SysLogMapper.insert:143 - ==> Parameters: 1440859151772160001(String), 2021-09-23 10:02:45.947(Timestamp), 68(Long), 192.168.153.1(String),   pid: 0(String), org.jeecg.modules.readhappy.categories.controller.CategoriesController.cateType()(String), categories-查询文章分类(String), 2(Integer), 1(Integer)
2021-09-23 10:02:46.324 [http-nio-8080-exec-2] DEBUG o.jeecg.modules.system.mapper.SysLogMapper.insert:143 - <==    Updates: 1
2021-09-23 10:02:46.324 [http-nio-8080-exec-1] DEBUG o.jeecg.modules.system.mapper.SysLogMapper.insert:143 - <==    Updates: 1
2021-09-23 10:02:56.093 [http-nio-8080-exec-6] DEBUG o.jeecg.modules.system.mapper.SysLogMapper.insert:143 - ==>  Preparing: INSERT INTO sys_log ( id, create_time, cost_time, ip, request_param, method, log_content, log_type, operate_type ) VALUES ( ?, ?, ?, ?, ?, ?, ?, ?, ? ) 
2021-09-23 10:02:56.094 [http-nio-8080-exec-6] DEBUG o.jeecg.modules.system.mapper.SysLogMapper.insert:143 - ==> Parameters: 1440859192809230337(String), 2021-09-23 10:02:56.092(Timestamp), 2(Long), 192.168.153.1(String),   pid: 0(String), org.jeecg.modules.readhappy.categories.controller.CategoriesController.cateType()(String), categories-查询文章分类(String), 2(Integer), 1(Integer)
2021-09-23 10:02:56.096 [http-nio-8080-exec-6] DEBUG o.jeecg.modules.system.mapper.SysLogMapper.insert:143 - <==    Updates: 1
2021-09-23 10:02:56.107 [http-nio-8080-exec-9] DEBUG o.jeecg.modules.system.mapper.SysLogMapper.insert:143 - ==>  Preparing: INSERT INTO sys_log ( id, create_time, cost_time, ip, request_param, method, log_content, log_type, operate_type ) VALUES ( ?, ?, ?, ?, ?, ?, ?, ?, ? ) 
2021-09-23 10:02:56.109 [http-nio-8080-exec-9] DEBUG o.jeecg.modules.system.mapper.SysLogMapper.insert:143 - ==> Parameters: 1440859192872144897(String), 2021-09-23 10:02:56.106(Timestamp), 18(Long), 192.168.153.1(String), (String), org.jeecg.modules.readhappy.token.controller.TokenController.getAccessToken()(String), getAccessToken-获取生成token(String), 2(Integer), 1(Integer)
2021-09-23 10:02:56.110 [http-nio-8080-exec-9] DEBUG o.jeecg.modules.system.mapper.SysLogMapper.insert:143 - <==    Updates: 1
2021-09-23 10:02:58.309 [http-nio-8080-exec-10] DEBUG o.jeecg.modules.system.mapper.SysLogMapper.insert:143 - ==>  Preparing: INSERT INTO sys_log ( id, create_time, cost_time, ip, request_param, method, log_content, log_type, operate_type ) VALUES ( ?, ?, ?, ?, ?, ?, ?, ?, ? ) 
2021-09-23 10:02:58.310 [http-nio-8080-exec-10] DEBUG o.jeecg.modules.system.mapper.SysLogMapper.insert:143 - ==> Parameters: 1440859202108002306(String), 2021-09-23 10:02:58.308(Timestamp), 7(Long), 192.168.153.1(String),   uid: 9  pageNo: 1  pageSize: 3(String), org.jeecg.modules.readhappy.article.controller.ArticleController.artList()(String), article-分页列表查询(String), 2(Integer), 1(Integer)
2021-09-23 10:02:58.311 [http-nio-8080-exec-10] DEBUG o.jeecg.modules.system.mapper.SysLogMapper.insert:143 - <==    Updates: 1
2021-09-23 10:02:58.324 [http-nio-8080-exec-3] DEBUG o.jeecg.modules.system.mapper.SysLogMapper.insert:143 - ==>  Preparing: INSERT INTO sys_log ( id, create_time, cost_time, ip, request_param, method, log_content, log_type, operate_type ) VALUES ( ?, ?, ?, ?, ?, ?, ?, ?, ? ) 
2021-09-23 10:02:58.325 [http-nio-8080-exec-3] DEBUG o.jeecg.modules.system.mapper.SysLogMapper.insert:143 - ==> Parameters: 1440859202166722562(String), 2021-09-23 10:02:58.323(Timestamp), 13(Long), 192.168.153.1(String), ["9"](String), org.jeecg.modules.readhappy.member.controller.MemberController.info()(String), member-会员信息统计(String), 2(Integer), 1(Integer)
2021-09-23 10:02:58.326 [http-nio-8080-exec-3] DEBUG o.jeecg.modules.system.mapper.SysLogMapper.insert:143 - <==    Updates: 1
2021-09-23 10:04:41.426 [http-nio-8080-exec-2] DEBUG o.j.m.system.mapper.SysUserMapper.getUserByName:143 - ==>  Preparing: select * from sys_user where username = ? and del_flag = 0 
2021-09-23 10:04:41.427 [http-nio-8080-exec-2] DEBUG o.j.m.system.mapper.SysUserMapper.getUserByName:143 - ==> Parameters: admin(String)
2021-09-23 10:04:41.437 [http-nio-8080-exec-2] DEBUG o.j.m.system.mapper.SysUserMapper.getUserByName:143 - <==      Total: 1
2021-09-23 10:04:41.468 [http-nio-8080-exec-2] DEBUG o.j.m.s.mapper.SysDepartMapper.queryUserDeparts:143 - ==>  Preparing: select * from sys_depart where id IN ( select dep_id from sys_user_depart where user_id = ? ) 
2021-09-23 10:04:41.470 [http-nio-8080-exec-2] DEBUG o.j.m.s.mapper.SysDepartMapper.queryUserDeparts:143 - ==> Parameters: e9ca23d68d884d4ebb19d07889727dae(String)
2021-09-23 10:04:41.477 [http-nio-8080-exec-2] DEBUG o.j.m.s.mapper.SysDepartMapper.queryUserDeparts:143 - <==      Total: 1
2021-09-23 10:04:41.480 [http-nio-8080-exec-2] DEBUG o.j.m.system.mapper.SysUserMapper.updateUserDepart:143 - ==>  Preparing: UPDATE sys_user SET org_code = ? where username = ? 
2021-09-23 10:04:41.481 [http-nio-8080-exec-2] DEBUG o.j.m.system.mapper.SysUserMapper.updateUserDepart:143 - ==> Parameters: A01(String), admin(String)
2021-09-23 10:04:41.483 [http-nio-8080-exec-2] DEBUG o.j.m.system.mapper.SysUserMapper.updateUserDepart:143 - <==    Updates: 1
2021-09-23 10:04:41.496 [http-nio-8080-exec-2] DEBUG o.j.modules.system.mapper.SysDictMapper.selectList:143 - ==>  Preparing: SELECT id,type,dict_name,dict_code,description,del_flag,create_by,create_time,update_by,update_time FROM sys_dict WHERE del_flag=0 
2021-09-23 10:04:41.497 [http-nio-8080-exec-2] DEBUG o.j.modules.system.mapper.SysDictMapper.selectList:143 - ==> Parameters: 
2021-09-23 10:04:41.507 [http-nio-8080-exec-2] DEBUG o.j.modules.system.mapper.SysDictMapper.selectList:143 - <==      Total: 39
2021-09-23 10:04:41.517 [http-nio-8080-exec-2] DEBUG o.j.m.system.mapper.SysDictItemMapper.selectList:143 - ==>  Preparing: SELECT id,dict_id,item_text,item_value,description,sort_order,status,create_by,create_time,update_by,update_time FROM sys_dict_item WHERE status = ? ORDER BY sort_order ASC 
2021-09-23 10:04:41.518 [http-nio-8080-exec-2] DEBUG o.j.m.system.mapper.SysDictItemMapper.selectList:143 - ==> Parameters: 1(Integer)
2021-09-23 10:04:41.530 [http-nio-8080-exec-2] DEBUG o.j.m.system.mapper.SysDictItemMapper.selectList:143 - <==      Total: 115
2021-09-23 10:04:41.536 [http-nio-8080-exec-2] DEBUG o.jeecg.modules.system.mapper.SysLogMapper.insert:143 - ==>  Preparing: INSERT INTO sys_log ( id, create_time, ip, log_content, log_type ) VALUES ( ?, ?, ?, ?, ? ) 
2021-09-23 10:04:41.537 [http-nio-8080-exec-2] DEBUG o.jeecg.modules.system.mapper.SysLogMapper.insert:143 - ==> Parameters: 1440859635073421314(String), 2021-09-23 10:04:41.535(Timestamp), 127.0.0.1(String), 用户名: admin,登录成功！(String), 1(Integer)
2021-09-23 10:04:41.539 [http-nio-8080-exec-2] DEBUG o.jeecg.modules.system.mapper.SysLogMapper.insert:143 - <==    Updates: 1
2021-09-23 10:04:41.573 [http-nio-8080-exec-6] DEBUG o.j.m.system.mapper.SysUserMapper.getUserByName:143 - ==>  Preparing: select * from sys_user where username = ? and del_flag = 0 
2021-09-23 10:04:41.573 [http-nio-8080-exec-6] DEBUG o.j.m.system.mapper.SysUserMapper.getUserByName:143 - ==> Parameters: admin(String)
2021-09-23 10:04:41.575 [http-nio-8080-exec-6] DEBUG o.j.m.system.mapper.SysUserMapper.getUserByName:143 - <==      Total: 1
2021-09-23 10:04:41.618 [http-nio-8080-exec-6] INFO  o.j.m.system.controller.SysPermissionController:206 -  ------ 通过令牌获取用户拥有的访问菜单 ---- TOKEN ------ eyJ0eXAiOiJKV1QiLCJhbGciOiJIUzI1NiJ9.eyJleHAiOjE2MzIzNjQ0ODEsInVzZXJuYW1lIjoiYWRtaW4ifQ.aSCxIgMwcQvQOAd6O5gmpCR70OwB2I5DEYkyZU1DwFk
2021-09-23 10:04:41.625 [http-nio-8080-exec-6] DEBUG o.j.m.s.mapper.SysPermissionMapper.queryByUser:143 - ==>  Preparing: SELECT * FROM ( SELECT p.* FROM sys_permission p WHERE (exists( select a.id from sys_role_permission a join sys_role b on a.role_id = b.id join sys_user_role c on c.role_id = b.id join sys_user d on d.id = c.user_id where p.id = a.permission_id AND d.username = ? ) or (p.url like '%:code' and p.url like '/online%' and p.hidden = 1) or p.url = '/online') and p.del_flag = 0 UNION SELECT p.* FROM sys_permission p WHERE exists( select a.id from sys_depart_role_permission a join sys_depart_role b on a.role_id = b.id join sys_depart_role_user c on c.drole_id = b.id join sys_user d on d.id = c.user_id where p.id = a.permission_id AND d.username = ? ) and p.del_flag = 0 ) h order by h.sort_no ASC 
2021-09-23 10:04:41.632 [http-nio-8080-exec-6] DEBUG o.j.m.s.mapper.SysPermissionMapper.queryByUser:143 - ==> Parameters: admin(String), admin(String)
2021-09-23 10:04:41.669 [http-nio-8080-exec-6] DEBUG o.j.m.s.mapper.SysPermissionMapper.queryByUser:143 - <==      Total: 107
2021-09-23 10:04:41.679 [http-nio-8080-exec-6] DEBUG o.j.m.system.mapper.SysPermissionMapper.selectList:143 - ==>  Preparing: SELECT id,parent_id,name,perms,perms_type,icon,component,component_name,url,redirect,sort_no,menu_type,is_leaf AS leaf,is_route AS route,keep_alive,description,create_by,del_flag,rule_flag,hidden,create_time,update_by,update_time,status,always_show,internal_or_external FROM sys_permission WHERE del_flag = ? AND menu_type = ? 
2021-09-23 10:04:41.681 [http-nio-8080-exec-6] DEBUG o.j.m.system.mapper.SysPermissionMapper.selectList:143 - ==> Parameters: 0(Integer), 2(Integer)
2021-09-23 10:04:41.683 [http-nio-8080-exec-6] DEBUG o.j.m.system.mapper.SysPermissionMapper.selectList:143 - <==      Total: 3
2021-09-23 10:04:42.208 [http-nio-8080-exec-9] INFO  org.jeecg.modules.message.websocket.WebSocket:42 - 【websocket消息】有新的连接，总数为:1
2021-09-23 10:04:42.268 [http-nio-8080-exec-4] DEBUG o.j.m.s.mapper.SysLogMapper.findTotalVisitCount:143 - ==>  Preparing: select count(1) from sys_log where log_type = 1 
2021-09-23 10:04:42.269 [http-nio-8080-exec-4] DEBUG o.j.m.s.mapper.SysLogMapper.findTotalVisitCount:143 - ==> Parameters: 
2021-09-23 10:04:42.271 [http-nio-8080-exec-5] DEBUG o.j.m.system.mapper.SysLogMapper.findVisitCount:143 - ==>  Preparing: select count(*) as visit ,count(distinct(ip)) as ip ,DATE_FORMAT(create_time, '%Y-%m-%d') as tian ,DATE_FORMAT(create_time, '%m-%d') as type from sys_log where log_type = 1 and create_time >= ? and create_time < ? group by tian,type order by tian asc 
2021-09-23 10:04:42.271 [http-nio-8080-exec-4] DEBUG o.j.m.s.mapper.SysLogMapper.findTotalVisitCount:143 - <==      Total: 1
2021-09-23 10:04:42.273 [http-nio-8080-exec-8] DEBUG o.j.m.s.m.SysAnnouncementSendMapper.queryByUserId:143 - ==>  Preparing: select sas.annt_id from sys_announcement_send sas where sas.user_id = ? 
2021-09-23 10:04:42.274 [http-nio-8080-exec-4] DEBUG o.j.m.s.mapper.SysLogMapper.findTodayVisitCount:143 - ==>  Preparing: select count(1) from sys_log where log_type = 1 and create_time >= ? and create_time < ? 
2021-09-23 10:04:42.275 [http-nio-8080-exec-8] DEBUG o.j.m.s.m.SysAnnouncementSendMapper.queryByUserId:143 - ==> Parameters: e9ca23d68d884d4ebb19d07889727dae(String)
2021-09-23 10:04:42.276 [http-nio-8080-exec-4] DEBUG o.j.m.s.mapper.SysLogMapper.findTodayVisitCount:143 - ==> Parameters: 2021-09-23 00:00:00.0(Timestamp), 2021-09-24 00:00:00.0(Timestamp)
2021-09-23 10:04:42.277 [http-nio-8080-exec-5] DEBUG o.j.m.system.mapper.SysLogMapper.findVisitCount:143 - ==> Parameters: 2021-09-17 00:00:00.0(Timestamp), 2021-09-24 00:00:00.0(Timestamp)
2021-09-23 10:04:42.277 [http-nio-8080-exec-4] DEBUG o.j.m.s.mapper.SysLogMapper.findTodayVisitCount:143 - <==      Total: 1
2021-09-23 10:04:42.279 [http-nio-8080-exec-4] DEBUG o.j.modules.system.mapper.SysLogMapper.findTodayIp:143 - ==>  Preparing: select count(distinct(ip)) from sys_log where log_type = 1 and create_time >= ? and create_time < ? 
2021-09-23 10:04:42.280 [http-nio-8080-exec-5] DEBUG o.j.m.system.mapper.SysLogMapper.findVisitCount:143 - <==      Total: 1
2021-09-23 10:04:42.281 [http-nio-8080-exec-4] DEBUG o.j.modules.system.mapper.SysLogMapper.findTodayIp:143 - ==> Parameters: 2021-09-23 00:00:00.0(Timestamp), 2021-09-24 00:00:00.0(Timestamp)
2021-09-23 10:04:42.281 [http-nio-8080-exec-8] DEBUG o.j.m.s.m.SysAnnouncementSendMapper.queryByUserId:143 - <==      Total: 3
2021-09-23 10:04:42.282 [http-nio-8080-exec-4] DEBUG o.j.modules.system.mapper.SysLogMapper.findTodayIp:143 - <==      Total: 1
2021-09-23 10:04:42.293 [http-nio-8080-exec-8] DEBUG o.j.m.s.mapper.SysAnnouncementMapper.selectList:143 - ==>  Preparing: SELECT id,titile,msg_content,start_time,end_time,sender,priority,msg_category,msg_type,send_status,send_time,cancel_time,del_flag,create_by,create_time,update_by,update_time,user_ids,bus_type,bus_id,open_type,open_page,msg_abstract FROM sys_announcement WHERE msg_type = ? AND del_flag = ? AND send_status = ? AND end_time >= ? AND id NOT IN (?,?,?) 
2021-09-23 10:04:42.295 [http-nio-8080-exec-8] DEBUG o.j.m.s.mapper.SysAnnouncementMapper.selectList:143 - ==> Parameters: ALL(String), 0(String), 1(String), 2038-06-21 17:54:10.0(Timestamp), 93a9060a1c20e4bf98b3f768a02c2ff9(String), 1256486817286418434(String), 1256486502931722242(String)
2021-09-23 10:04:42.300 [http-nio-8080-exec-8] DEBUG o.j.m.s.mapper.SysAnnouncementMapper.selectList:143 - <==      Total: 0
2021-09-23 10:04:42.307 [http-nio-8080-exec-8] DEBUG o.j.m.s.m.S.querySysCementListByUserId:143 - ==>  Preparing: SELECT COUNT(1) FROM sys_announcement WHERE send_status = '1' AND del_flag = '0' AND msg_category = ? AND id IN (SELECT annt_id FROM sys_announcement_send WHERE user_id = ? AND read_flag = '0') 
2021-09-23 10:04:42.309 [http-nio-8080-exec-8] DEBUG o.j.m.s.m.S.querySysCementListByUserId:143 - ==> Parameters: 1(String), e9ca23d68d884d4ebb19d07889727dae(String)
2021-09-23 10:04:42.313 [http-nio-8080-exec-8] DEBUG o.j.m.s.m.S.querySysCementListByUserId:143 - ==>  Preparing: SELECT COUNT(1) FROM sys_announcement WHERE send_status = '1' AND del_flag = '0' AND msg_category = ? AND id IN (SELECT annt_id FROM sys_announcement_send WHERE user_id = ? AND read_flag = '0') 
2021-09-23 10:04:42.314 [http-nio-8080-exec-8] DEBUG o.j.m.s.m.S.querySysCementListByUserId:143 - ==> Parameters: 2(String), e9ca23d68d884d4ebb19d07889727dae(String)
2021-09-23 10:04:51.889 [http-nio-8080-exec-2] INFO  org.jeecg.modules.message.websocket.WebSocket:51 - 【websocket消息】连接断开，总数为:0
