2023-01-11 16:03:49.472 [main] INFO  org.jeecg.JeecgApplication:50 - Starting JeecgApplication on helloWorld with PID 24124 (started by helloWorld in D:\Project\JetBrains\IntelliJ IDEA\jeecg-boot-master\jeecg-boot-parent)
2023-01-11 16:03:49.475 [main] INFO  org.jeecg.JeecgApplication:679 - The following profiles are active: dev
2023-01-11 16:03:51.166 [main] INFO  o.s.d.r.config.RepositoryConfigurationDelegate:244 - Multiple Spring Data modules found, entering strict repository configuration mode!
2023-01-11 16:03:51.168 [main] INFO  o.s.d.r.config.RepositoryConfigurationDelegate:126 - Bootstrapping Spring Data repositories in DEFAULT mode.
2023-01-11 16:03:51.258 [main] INFO  o.s.d.r.config.RepositoryConfigurationDelegate:182 - Finished Spring Data repository scanning in 73ms. Found 0 repository interfaces.
2023-01-11 16:03:51.598 [main] INFO  o.s.c.s.PostProcessorRegistrationDelegate$BeanPostProcessorChecker:330 - Bean 'shiroConfig' of type [org.jeecg.config.ShiroConfig$$EnhancerBySpringCGLIB$$ab9f52cf] is not eligible for getting processed by all BeanPostProcessors (for example: not eligible for auto-proxying)
2023-01-11 16:03:51.720 [main] INFO  o.s.c.s.PostProcessorRegistrationDelegate$BeanPostProcessorChecker:330 - Bean 'shiroRealm' of type [org.jeecg.modules.shiro.authc.ShiroRealm] is not eligible for getting processed by all BeanPostProcessors (for example: not eligible for auto-proxying)
2023-01-11 16:03:52.235 [main] INFO  org.jeecg.config.ShiroConfig:207 - ===============(1)创建缓存管理器RedisCacheManager
2023-01-11 16:03:52.238 [main] INFO  org.jeecg.config.ShiroConfig:225 - ===============(2)创建RedisManager,连接Redis..URL= 127.0.0.1:6379
2023-01-11 16:03:52.242 [main] INFO  o.s.c.s.PostProcessorRegistrationDelegate$BeanPostProcessorChecker:330 - Bean 'redisManager' of type [org.crazycake.shiro.RedisManager] is not eligible for getting processed by all BeanPostProcessors (for example: not eligible for auto-proxying)
2023-01-11 16:03:52.246 [main] INFO  o.s.c.s.PostProcessorRegistrationDelegate$BeanPostProcessorChecker:330 - Bean 'securityManager' of type [org.apache.shiro.web.mgt.DefaultWebSecurityManager] is not eligible for getting processed by all BeanPostProcessors (for example: not eligible for auto-proxying)
2023-01-11 16:03:52.272 [main] INFO  o.s.c.s.PostProcessorRegistrationDelegate$BeanPostProcessorChecker:330 - Bean 'authorizationAttributeSourceAdvisor' of type [org.apache.shiro.spring.security.interceptor.AuthorizationAttributeSourceAdvisor] is not eligible for getting processed by all BeanPostProcessors (for example: not eligible for auto-proxying)
2023-01-11 16:03:52.334 [main] INFO  o.s.c.s.PostProcessorRegistrationDelegate$BeanPostProcessorChecker:330 - Bean 'org.springframework.transaction.annotation.ProxyTransactionManagementConfiguration' of type [org.springframework.transaction.annotation.ProxyTransactionManagementConfiguration$$EnhancerBySpringCGLIB$$8b99e939] is not eligible for getting processed by all BeanPostProcessors (for example: not eligible for auto-proxying)
2023-01-11 16:03:52.474 [main] INFO  o.s.c.s.PostProcessorRegistrationDelegate$BeanPostProcessorChecker:330 - Bean 'spring.datasource.dynamic-com.baomidou.dynamic.datasource.spring.boot.autoconfigure.DynamicDataSourceProperties' of type [com.baomidou.dynamic.datasource.spring.boot.autoconfigure.DynamicDataSourceProperties] is not eligible for getting processed by all BeanPostProcessors (for example: not eligible for auto-proxying)
2023-01-11 16:03:52.479 [main] INFO  o.s.c.s.PostProcessorRegistrationDelegate$BeanPostProcessorChecker:330 - Bean 'com.baomidou.dynamic.datasource.spring.boot.autoconfigure.DynamicDataSourceAutoConfiguration' of type [com.baomidou.dynamic.datasource.spring.boot.autoconfigure.DynamicDataSourceAutoConfiguration$$EnhancerBySpringCGLIB$$f5285a0a] is not eligible for getting processed by all BeanPostProcessors (for example: not eligible for auto-proxying)
2023-01-11 16:03:52.488 [main] INFO  o.s.c.s.PostProcessorRegistrationDelegate$BeanPostProcessorChecker:330 - Bean 'dsProcessor' of type [com.baomidou.dynamic.datasource.processor.DsHeaderProcessor] is not eligible for getting processed by all BeanPostProcessors (for example: not eligible for auto-proxying)
2023-01-11 16:03:52.494 [main] INFO  o.s.c.s.PostProcessorRegistrationDelegate$BeanPostProcessorChecker:330 - Bean 'dynamicDatasourceAnnotationAdvisor' of type [com.baomidou.dynamic.datasource.aop.DynamicDataSourceAnnotationAdvisor] is not eligible for getting processed by all BeanPostProcessors (for example: not eligible for auto-proxying)
2023-01-11 16:03:52.514 [main] INFO  o.s.c.s.PostProcessorRegistrationDelegate$BeanPostProcessorChecker:330 - Bean 'spring.redis-org.springframework.boot.autoconfigure.data.redis.RedisProperties' of type [org.springframework.boot.autoconfigure.data.redis.RedisProperties] is not eligible for getting processed by all BeanPostProcessors (for example: not eligible for auto-proxying)
2023-01-11 16:03:52.520 [main] INFO  o.s.c.s.PostProcessorRegistrationDelegate$BeanPostProcessorChecker:330 - Bean 'org.springframework.boot.autoconfigure.data.redis.LettuceConnectionConfiguration' of type [org.springframework.boot.autoconfigure.data.redis.LettuceConnectionConfiguration$$EnhancerBySpringCGLIB$$a0b3a783] is not eligible for getting processed by all BeanPostProcessors (for example: not eligible for auto-proxying)
2023-01-11 16:03:52.620 [main] INFO  o.s.c.s.PostProcessorRegistrationDelegate$BeanPostProcessorChecker:330 - Bean 'lettuceClientResources' of type [io.lettuce.core.resource.DefaultClientResources] is not eligible for getting processed by all BeanPostProcessors (for example: not eligible for auto-proxying)
2023-01-11 16:03:52.698 [main] INFO  o.s.c.s.PostProcessorRegistrationDelegate$BeanPostProcessorChecker:330 - Bean 'redisConnectionFactory' of type [org.springframework.data.redis.connection.lettuce.LettuceConnectionFactory] is not eligible for getting processed by all BeanPostProcessors (for example: not eligible for auto-proxying)
2023-01-11 16:03:52.708 [main] INFO  o.s.c.s.PostProcessorRegistrationDelegate$BeanPostProcessorChecker:330 - Bean 'redisConfig' of type [org.jeecg.config.RedisConfig$$EnhancerBySpringCGLIB$$f66dda19] is not eligible for getting processed by all BeanPostProcessors (for example: not eligible for auto-proxying)
2023-01-11 16:03:52.733 [main] INFO  o.s.c.s.PostProcessorRegistrationDelegate$BeanPostProcessorChecker:330 - Bean 'org.apache.shiro.spring.boot.autoconfigure.ShiroBeanAutoConfiguration' of type [org.apache.shiro.spring.boot.autoconfigure.ShiroBeanAutoConfiguration$$EnhancerBySpringCGLIB$$9eb2c6e9] is not eligible for getting processed by all BeanPostProcessors (for example: not eligible for auto-proxying)
2023-01-11 16:03:52.737 [main] INFO  o.s.c.s.PostProcessorRegistrationDelegate$BeanPostProcessorChecker:330 - Bean 'eventBus' of type [org.apache.shiro.event.support.DefaultEventBus] is not eligible for getting processed by all BeanPostProcessors (for example: not eligible for auto-proxying)
2023-01-11 16:03:53.077 [main] INFO  o.s.boot.web.embedded.tomcat.TomcatWebServer:90 - Tomcat initialized with port(s): 8080 (http)
2023-01-11 16:03:53.092 [main] INFO  org.apache.coyote.http11.Http11NioProtocol:173 - Initializing ProtocolHandler ["http-nio-8080"]
2023-01-11 16:03:53.101 [main] INFO  org.apache.catalina.core.StandardService:173 - Starting service [Tomcat]
2023-01-11 16:03:53.101 [main] INFO  org.apache.catalina.core.StandardEngine:173 - Starting Servlet engine: [Apache Tomcat/9.0.16]
2023-01-11 16:03:53.107 [main] INFO  org.apache.catalina.core.AprLifecycleListener:173 - Loaded APR based Apache Tomcat Native library [1.2.25] using APR version [1.7.0].
2023-01-11 16:03:53.107 [main] INFO  org.apache.catalina.core.AprLifecycleListener:173 - APR capabilities: IPv6 [true], sendfile [true], accept filters [false], random [true].
2023-01-11 16:03:53.107 [main] INFO  org.apache.catalina.core.AprLifecycleListener:173 - APR/OpenSSL configuration: useAprConnector [false], useOpenSSL [true]
2023-01-11 16:03:53.120 [main] INFO  org.apache.catalina.core.AprLifecycleListener:173 - OpenSSL successfully initialized [OpenSSL 1.1.1g  21 Apr 2020]
2023-01-11 16:03:53.267 [main] INFO  o.a.c.c.C.[Tomcat].[localhost].[/jeecg-boot]:173 - Initializing Spring embedded WebApplicationContext
2023-01-11 16:03:53.267 [main] INFO  org.springframework.web.context.ContextLoader:296 - Root WebApplicationContext: initialization completed in 3725 ms
2023-01-11 16:03:53.581 [main] INFO  c.b.dynamic.datasource.DynamicDataSourceCreator:113 - 动态数据源-检测到druid存在,如配置中未指定type,druid会默认配置
2023-01-11 16:03:53.841 [main] INFO  com.alibaba.druid.pool.DruidDataSource:1003 - {dataSource-1,master} inited
2023-01-11 16:03:53.842 [main] INFO  c.b.dynamic.datasource.DynamicRoutingDataSource:203 - 初始共加载 1 个数据源
2023-01-11 16:03:53.842 [main] INFO  c.b.dynamic.datasource.DynamicRoutingDataSource:142 - 动态数据源-加载 master 成功
2023-01-11 16:03:53.842 [main] INFO  c.b.dynamic.datasource.DynamicRoutingDataSource:212 - 当前的默认数据源是单数据源，数据源名为 master
2023-01-11 16:03:56.326 [main] INFO  org.quartz.impl.StdSchedulerFactory:1208 - Using default implementation for ThreadExecutor
2023-01-11 16:03:56.329 [main] INFO  org.quartz.simpl.SimpleThreadPool:268 - Job execution threads will use class loader of thread: main
2023-01-11 16:03:56.337 [main] INFO  org.quartz.core.SchedulerSignalerImpl:61 - Initialized Scheduler Signaller of type: class org.quartz.core.SchedulerSignalerImpl
2023-01-11 16:03:56.337 [main] INFO  org.quartz.core.QuartzScheduler:229 - Quartz Scheduler v.2.3.0 created.
2023-01-11 16:03:56.341 [main] INFO  o.s.scheduling.quartz.LocalDataSourceJobStore:672 - Using db table-based data access locking (synchronization).
2023-01-11 16:03:56.343 [main] INFO  o.s.scheduling.quartz.LocalDataSourceJobStore:145 - JobStoreCMT initialized.
2023-01-11 16:03:56.343 [main] INFO  org.quartz.core.QuartzScheduler:294 - Scheduler meta-data: Quartz Scheduler (v2.3.0) 'MyScheduler' with instanceId 'helloWorld1673424236328'
  Scheduler class: 'org.quartz.core.QuartzScheduler' - running locally.
  NOT STARTED.
  Currently in standby mode.
  Number of jobs executed: 0
  Using thread pool 'org.quartz.simpl.SimpleThreadPool' - with 10 threads.
  Using job-store 'org.springframework.scheduling.quartz.LocalDataSourceJobStore' - which supports persistence. and is clustered.

2023-01-11 16:03:56.344 [main] INFO  org.quartz.impl.StdSchedulerFactory:1362 - Quartz scheduler 'MyScheduler' initialized from an externally provided properties instance.
2023-01-11 16:03:56.344 [main] INFO  org.quartz.impl.StdSchedulerFactory:1366 - Quartz scheduler version: 2.3.0
2023-01-11 16:03:56.344 [main] INFO  org.quartz.core.QuartzScheduler:2287 - JobFactory set to: org.springframework.scheduling.quartz.SpringBeanJobFactory@f6bc75c
2023-01-11 16:03:58.528 [main] INFO  o.s.b.actuate.endpoint.web.EndpointLinksResolver:59 - Exposing 2 endpoint(s) beneath base path '/actuator'
2023-01-11 16:03:58.716 [main] INFO  s.d.s.w.PropertySourcedRequestMappingHandlerMapping:69 - Mapped URL path [/v2/api-docs] onto method [public org.springframework.http.ResponseEntity<springfox.documentation.spring.web.json.Json> springfox.documentation.swagger2.web.Swagger2Controller.getDocumentation(java.lang.String,javax.servlet.http.HttpServletRequest)]
2023-01-11 16:03:58.992 [main] INFO  o.s.scheduling.concurrent.ThreadPoolTaskExecutor:171 - Initializing ExecutorService 'applicationTaskExecutor'
2023-01-11 16:03:59.692 [main] INFO  s.d.s.web.plugins.DocumentationPluginsBootstrapper:160 - Context refreshed
2023-01-11 16:03:59.707 [main] INFO  s.d.s.web.plugins.DocumentationPluginsBootstrapper:163 - Found 3 custom documentation plugin(s)
2023-01-11 16:03:59.767 [main] INFO  s.d.spring.web.scanners.ApiListingReferenceScanner:41 - Scanning for api listing references
2023-01-11 16:03:59.910 [main] INFO  s.d.spring.web.scanners.ApiListingReferenceScanner:41 - Scanning for api listing references
2023-01-11 16:03:59.958 [main] INFO  s.d.s.w.r.operation.CachingOperationNameGenerator:40 - Generating unique operation named: addUsingPOST_1
2023-01-11 16:03:59.961 [main] INFO  s.d.s.w.r.operation.CachingOperationNameGenerator:40 - Generating unique operation named: deleteUsingDELETE_1
2023-01-11 16:03:59.962 [main] INFO  s.d.s.w.r.operation.CachingOperationNameGenerator:40 - Generating unique operation named: deleteBatchUsingDELETE_1
2023-01-11 16:03:59.963 [main] INFO  s.d.s.w.r.operation.CachingOperationNameGenerator:40 - Generating unique operation named: editUsingPUT_1
2023-01-11 16:03:59.965 [main] INFO  s.d.s.w.r.operation.CachingOperationNameGenerator:40 - Generating unique operation named: queryByIdUsingGET_1
2023-01-11 16:03:59.968 [main] INFO  s.d.s.w.r.operation.CachingOperationNameGenerator:40 - Generating unique operation named: queryPageListUsingGET_1
2023-01-11 16:03:59.972 [main] INFO  s.d.s.w.r.operation.CachingOperationNameGenerator:40 - Generating unique operation named: addUsingPOST_2
2023-01-11 16:03:59.975 [main] INFO  s.d.s.w.r.operation.CachingOperationNameGenerator:40 - Generating unique operation named: deleteUsingDELETE_2
2023-01-11 16:03:59.976 [main] INFO  s.d.s.w.r.operation.CachingOperationNameGenerator:40 - Generating unique operation named: deleteBatchUsingDELETE_2
2023-01-11 16:03:59.978 [main] INFO  s.d.s.w.r.operation.CachingOperationNameGenerator:40 - Generating unique operation named: editUsingPUT_2
2023-01-11 16:03:59.981 [main] INFO  s.d.s.w.r.operation.CachingOperationNameGenerator:40 - Generating unique operation named: queryByIdUsingGET_2
2023-01-11 16:03:59.984 [main] INFO  s.d.s.w.r.operation.CachingOperationNameGenerator:40 - Generating unique operation named: queryPageListUsingGET_2
2023-01-11 16:03:59.988 [main] INFO  s.d.s.w.r.operation.CachingOperationNameGenerator:40 - Generating unique operation named: addUsingPOST_3
2023-01-11 16:03:59.989 [main] INFO  s.d.s.w.r.operation.CachingOperationNameGenerator:40 - Generating unique operation named: deleteUsingDELETE_3
2023-01-11 16:03:59.991 [main] INFO  s.d.s.w.r.operation.CachingOperationNameGenerator:40 - Generating unique operation named: deleteBatchUsingDELETE_3
2023-01-11 16:03:59.992 [main] INFO  s.d.s.w.r.operation.CachingOperationNameGenerator:40 - Generating unique operation named: editUsingPUT_3
2023-01-11 16:03:59.994 [main] INFO  s.d.s.w.r.operation.CachingOperationNameGenerator:40 - Generating unique operation named: queryByIdUsingGET_3
2023-01-11 16:03:59.997 [main] INFO  s.d.s.w.r.operation.CachingOperationNameGenerator:40 - Generating unique operation named: queryPageListUsingGET_3
2023-01-11 16:04:00.004 [main] INFO  s.d.spring.web.scanners.ApiListingReferenceScanner:41 - Scanning for api listing references
2023-01-11 16:04:00.028 [main] INFO  s.d.s.w.r.operation.CachingOperationNameGenerator:40 - Generating unique operation named: loginUsingPOST_1
2023-01-11 16:04:00.040 [main] INFO  s.d.s.w.r.operation.CachingOperationNameGenerator:40 - Generating unique operation named: addUsingPOST_4
2023-01-11 16:04:00.042 [main] INFO  s.d.s.w.r.operation.CachingOperationNameGenerator:40 - Generating unique operation named: deleteUsingDELETE_4
2023-01-11 16:04:00.044 [main] INFO  s.d.s.w.r.operation.CachingOperationNameGenerator:40 - Generating unique operation named: deleteBatchUsingDELETE_4
2023-01-11 16:04:00.045 [main] INFO  s.d.s.w.r.operation.CachingOperationNameGenerator:40 - Generating unique operation named: editUsingPUT_4
2023-01-11 16:04:00.046 [main] INFO  s.d.s.w.r.operation.CachingOperationNameGenerator:40 - Generating unique operation named: queryByIdUsingGET_4
2023-01-11 16:04:00.049 [main] INFO  s.d.s.w.r.operation.CachingOperationNameGenerator:40 - Generating unique operation named: queryPageListUsingGET_4
2023-01-11 16:04:00.054 [main] INFO  s.d.s.w.r.operation.CachingOperationNameGenerator:40 - Generating unique operation named: addUsingPOST_5
2023-01-11 16:04:00.055 [main] INFO  s.d.s.w.r.operation.CachingOperationNameGenerator:40 - Generating unique operation named: deleteUsingDELETE_5
2023-01-11 16:04:00.057 [main] INFO  s.d.s.w.r.operation.CachingOperationNameGenerator:40 - Generating unique operation named: deleteBatchUsingDELETE_5
2023-01-11 16:04:00.058 [main] INFO  s.d.s.w.r.operation.CachingOperationNameGenerator:40 - Generating unique operation named: editUsingPUT_5
2023-01-11 16:04:00.060 [main] INFO  s.d.s.w.r.operation.CachingOperationNameGenerator:40 - Generating unique operation named: queryByIdUsingGET_5
2023-01-11 16:04:00.063 [main] INFO  s.d.s.w.r.operation.CachingOperationNameGenerator:40 - Generating unique operation named: queryPageListUsingGET_5
2023-01-11 16:04:00.066 [main] INFO  s.d.s.w.r.operation.CachingOperationNameGenerator:40 - Generating unique operation named: addUsingPOST_6
2023-01-11 16:04:00.068 [main] INFO  s.d.s.w.r.operation.CachingOperationNameGenerator:40 - Generating unique operation named: deleteUsingDELETE_6
2023-01-11 16:04:00.069 [main] INFO  s.d.s.w.r.operation.CachingOperationNameGenerator:40 - Generating unique operation named: deleteBatchUsingDELETE_6
2023-01-11 16:04:00.070 [main] INFO  s.d.s.w.r.operation.CachingOperationNameGenerator:40 - Generating unique operation named: editUsingPUT_6
2023-01-11 16:04:00.071 [main] INFO  s.d.s.w.r.operation.CachingOperationNameGenerator:40 - Generating unique operation named: queryByIdUsingGET_6
2023-01-11 16:04:00.074 [main] INFO  s.d.s.w.r.operation.CachingOperationNameGenerator:40 - Generating unique operation named: queryPageListUsingGET_6
2023-01-11 16:04:00.078 [main] INFO  s.d.s.w.r.operation.CachingOperationNameGenerator:40 - Generating unique operation named: addUsingPOST_7
2023-01-11 16:04:00.079 [main] INFO  s.d.s.w.r.operation.CachingOperationNameGenerator:40 - Generating unique operation named: deleteUsingDELETE_7
2023-01-11 16:04:00.081 [main] INFO  s.d.s.w.r.operation.CachingOperationNameGenerator:40 - Generating unique operation named: deleteBatchUsingDELETE_7
2023-01-11 16:04:00.083 [main] INFO  s.d.s.w.r.operation.CachingOperationNameGenerator:40 - Generating unique operation named: editUsingPUT_7
2023-01-11 16:04:00.084 [main] INFO  s.d.s.w.r.operation.CachingOperationNameGenerator:40 - Generating unique operation named: queryByIdUsingGET_7
2023-01-11 16:04:00.087 [main] INFO  s.d.s.w.r.operation.CachingOperationNameGenerator:40 - Generating unique operation named: queryPageListUsingGET_7
2023-01-11 16:04:00.091 [main] INFO  s.d.s.w.r.operation.CachingOperationNameGenerator:40 - Generating unique operation named: addUsingPOST_8
2023-01-11 16:04:00.092 [main] INFO  s.d.s.w.r.operation.CachingOperationNameGenerator:40 - Generating unique operation named: deleteUsingDELETE_8
2023-01-11 16:04:00.094 [main] INFO  s.d.s.w.r.operation.CachingOperationNameGenerator:40 - Generating unique operation named: deleteBatchUsingDELETE_8
2023-01-11 16:04:00.095 [main] INFO  s.d.s.w.r.operation.CachingOperationNameGenerator:40 - Generating unique operation named: editUsingPUT_8
2023-01-11 16:04:00.096 [main] INFO  s.d.s.w.r.operation.CachingOperationNameGenerator:40 - Generating unique operation named: queryByIdUsingGET_8
2023-01-11 16:04:00.099 [main] INFO  s.d.s.w.r.operation.CachingOperationNameGenerator:40 - Generating unique operation named: queryPageListUsingGET_8
2023-01-11 16:04:00.106 [main] INFO  s.d.s.w.r.operation.CachingOperationNameGenerator:40 - Generating unique operation named: addUsingPOST_9
2023-01-11 16:04:00.107 [main] INFO  s.d.s.w.r.operation.CachingOperationNameGenerator:40 - Generating unique operation named: deleteUsingDELETE_9
2023-01-11 16:04:00.108 [main] INFO  s.d.s.w.r.operation.CachingOperationNameGenerator:40 - Generating unique operation named: deleteBatchUsingDELETE_9
2023-01-11 16:04:00.109 [main] INFO  s.d.s.w.r.operation.CachingOperationNameGenerator:40 - Generating unique operation named: editUsingPUT_9
2023-01-11 16:04:00.110 [main] INFO  s.d.s.w.r.operation.CachingOperationNameGenerator:40 - Generating unique operation named: queryByIdUsingGET_9
2023-01-11 16:04:00.118 [main] INFO  s.d.s.w.r.operation.CachingOperationNameGenerator:40 - Generating unique operation named: queryPageListUsingGET_9
2023-01-11 16:04:00.119 [main] INFO  o.s.scheduling.quartz.SchedulerFactoryBean:726 - Starting Quartz Scheduler now
2023-01-11 16:04:00.256 [main] INFO  o.s.scheduling.quartz.LocalDataSourceJobStore:3629 - ClusterManager: detected 1 failed or restarted instances.
2023-01-11 16:04:00.256 [main] INFO  o.s.scheduling.quartz.LocalDataSourceJobStore:3488 - ClusterManager: Scanning for instance "helloWorld1673361740072"'s failed in-progress jobs.
2023-01-11 16:04:00.262 [main] INFO  org.quartz.core.QuartzScheduler:547 - Scheduler MyScheduler_$_helloWorld1673424236328 started.
2023-01-11 16:04:00.274 [main] INFO  org.apache.coyote.http11.Http11NioProtocol:173 - Starting ProtocolHandler ["http-nio-8080"]
2023-01-11 16:04:00.297 [main] INFO  o.s.boot.web.embedded.tomcat.TomcatWebServer:204 - Tomcat started on port(s): 8080 (http) with context path '/jeecg-boot'
2023-01-11 16:04:00.300 [main] INFO  org.jeecg.JeecgApplication:59 - Started JeecgApplication in 11.517 seconds (JVM running for 12.829)
2023-01-11 16:04:00.311 [main] INFO  org.jeecg.JeecgApplication:29 - 
----------------------------------------------------------
	Application Jeecg-Boot is running! Access URLs:
	Local: 		http://localhost:8080/jeecg-boot/
	External: 	http://192.168.153.1:8080/jeecg-boot/
	Swagger-UI: 		http://192.168.153.1:8080/jeecg-boot/doc.html
----------------------------------------------------------
2023-01-11 16:04:00.496 [RMI TCP Connection(3)-192.168.153.1] INFO  io.lettuce.core.EpollProvider:68 - Starting without optional epoll library
2023-01-11 16:04:00.498 [RMI TCP Connection(3)-192.168.153.1] INFO  io.lettuce.core.KqueueProvider:70 - Starting without optional kqueue library
2023-01-11 16:04:01.468 [RMI TCP Connection(5)-192.168.153.1] INFO  o.a.c.c.C.[Tomcat].[localhost].[/jeecg-boot]:173 - Initializing Spring DispatcherServlet 'dispatcherServlet'
2023-01-11 16:04:01.468 [RMI TCP Connection(5)-192.168.153.1] INFO  org.springframework.web.servlet.DispatcherServlet:524 - Initializing Servlet 'dispatcherServlet'
2023-01-11 16:04:01.481 [RMI TCP Connection(5)-192.168.153.1] INFO  org.springframework.web.servlet.DispatcherServlet:546 - Completed initialization in 13 ms
2023-01-11 16:05:50.367 [http-nio-8080-exec-7] DEBUG o.jeecg.modules.system.mapper.SysLogMapper.insert:143 - ==>  Preparing: INSERT INTO sys_log ( id, create_time, cost_time, ip, request_param, method, log_content, log_type, operate_type ) VALUES ( ?, ?, ?, ?, ?, ?, ?, ?, ? ) 
2023-01-11 16:05:50.367 [http-nio-8080-exec-1] DEBUG o.jeecg.modules.system.mapper.SysLogMapper.insert:143 - ==>  Preparing: INSERT INTO sys_log ( id, create_time, cost_time, ip, request_param, method, log_content, log_type, operate_type ) VALUES ( ?, ?, ?, ?, ?, ?, ?, ?, ? ) 
2023-01-11 16:05:50.376 [http-nio-8080-exec-7] DEBUG o.jeecg.modules.system.mapper.SysLogMapper.insert:143 - ==> Parameters: 1613084756881182722(String), 2023-01-11 16:05:50.025(Timestamp), 182(Long), 192.168.153.1(String),   cate: 0  pageNo: 1  pageSize: 10(String), org.jeecg.modules.readhappy.article.controller.ArticleController.artListByCate()(String), article-根据文章类别查询列表(String), 2(Integer), 1(Integer)
2023-01-11 16:05:50.376 [http-nio-8080-exec-1] DEBUG o.jeecg.modules.system.mapper.SysLogMapper.insert:143 - ==> Parameters: 1613084756881182721(String), 2023-01-11 16:05:49.93(Timestamp), 84(Long), 192.168.153.1(String),   pid: 0(String), org.jeecg.modules.readhappy.categories.controller.CategoriesController.cateType()(String), categories-查询文章分类(String), 2(Integer), 1(Integer)
2023-01-11 16:05:50.378 [http-nio-8080-exec-7] DEBUG o.jeecg.modules.system.mapper.SysLogMapper.insert:143 - <==    Updates: 1
2023-01-11 16:05:50.378 [http-nio-8080-exec-1] DEBUG o.jeecg.modules.system.mapper.SysLogMapper.insert:143 - <==    Updates: 1
2023-01-11 16:06:20.718 [http-nio-8080-exec-2] DEBUG o.jeecg.modules.system.mapper.SysLogMapper.insert:143 - ==>  Preparing: INSERT INTO sys_log ( id, create_time, cost_time, ip, request_param, method, log_content, log_type, operate_type ) VALUES ( ?, ?, ?, ?, ?, ?, ?, ?, ? ) 
2023-01-11 16:06:20.719 [http-nio-8080-exec-2] DEBUG o.jeecg.modules.system.mapper.SysLogMapper.insert:143 - ==> Parameters: 1613084884195086338(String), 2023-01-11 16:06:20.717(Timestamp), 9(Long), 192.168.153.1(String),   artid: 57(String), org.jeecg.modules.readhappy.article.controller.ArticleController.artInfo()(String), article-根据文章id获取文章信息(String), 2(Integer), 1(Integer)
2023-01-11 16:06:20.721 [http-nio-8080-exec-2] DEBUG o.jeecg.modules.system.mapper.SysLogMapper.insert:143 - <==    Updates: 1
2023-01-11 16:06:32.798 [http-nio-8080-exec-6] DEBUG o.jeecg.modules.system.mapper.SysLogMapper.insert:143 - ==>  Preparing: INSERT INTO sys_log ( id, create_time, cost_time, ip, request_param, method, log_content, log_type, operate_type ) VALUES ( ?, ?, ?, ?, ?, ?, ?, ?, ? ) 
2023-01-11 16:06:32.800 [http-nio-8080-exec-6] DEBUG o.jeecg.modules.system.mapper.SysLogMapper.insert:143 - ==> Parameters: 1613084934862278657(String), 2023-01-11 16:06:32.797(Timestamp), 3(Long), 192.168.153.1(String),   pid: 0(String), org.jeecg.modules.readhappy.categories.controller.CategoriesController.cateType()(String), categories-查询文章分类(String), 2(Integer), 1(Integer)
2023-01-11 16:06:32.802 [http-nio-8080-exec-6] DEBUG o.jeecg.modules.system.mapper.SysLogMapper.insert:143 - <==    Updates: 1
2023-01-11 16:06:34.105 [http-nio-8080-exec-4] DEBUG o.jeecg.modules.system.mapper.SysLogMapper.insert:143 - ==>  Preparing: INSERT INTO sys_log ( id, create_time, cost_time, ip, request_param, method, log_content, log_type, operate_type ) VALUES ( ?, ?, ?, ?, ?, ?, ?, ?, ? ) 
2023-01-11 16:06:34.106 [http-nio-8080-exec-4] DEBUG o.jeecg.modules.system.mapper.SysLogMapper.insert:143 - ==> Parameters: 1613084940344233985(String), 2023-01-11 16:06:34.104(Timestamp), 12(Long), 192.168.153.1(String),   uid: 9  pageNo: 1  pageSize: 3(String), org.jeecg.modules.readhappy.article.controller.ArticleController.artList()(String), article-分页列表查询(String), 2(Integer), 1(Integer)
2023-01-11 16:06:34.108 [http-nio-8080-exec-4] DEBUG o.jeecg.modules.system.mapper.SysLogMapper.insert:143 - <==    Updates: 1
2023-01-11 16:06:34.113 [http-nio-8080-exec-3] DEBUG o.jeecg.modules.system.mapper.SysLogMapper.insert:143 - ==>  Preparing: INSERT INTO sys_log ( id, create_time, cost_time, ip, request_param, method, log_content, log_type, operate_type ) VALUES ( ?, ?, ?, ?, ?, ?, ?, ?, ? ) 
2023-01-11 16:06:34.114 [http-nio-8080-exec-3] DEBUG o.jeecg.modules.system.mapper.SysLogMapper.insert:143 - ==> Parameters: 1613084940381982722(String), 2023-01-11 16:06:34.111(Timestamp), 11(Long), 192.168.153.1(String), ["9"](String), org.jeecg.modules.readhappy.member.controller.MemberController.info()(String), member-会员信息统计(String), 2(Integer), 1(Integer)
2023-01-11 16:06:34.116 [http-nio-8080-exec-3] DEBUG o.jeecg.modules.system.mapper.SysLogMapper.insert:143 - <==    Updates: 1
2023-01-11 16:06:34.123 [http-nio-8080-exec-9] DEBUG o.jeecg.modules.system.mapper.SysLogMapper.insert:143 - ==>  Preparing: INSERT INTO sys_log ( id, create_time, cost_time, ip, request_param, method, log_content, log_type, operate_type ) VALUES ( ?, ?, ?, ?, ?, ?, ?, ?, ? ) 
2023-01-11 16:06:34.124 [http-nio-8080-exec-9] DEBUG o.jeecg.modules.system.mapper.SysLogMapper.insert:143 - ==> Parameters: 1613084940415537153(String), 2023-01-11 16:06:34.121(Timestamp), 7(Long), 192.168.153.1(String),   uid: 9  pageNo: 1  pageSize: 3(String), org.jeecg.modules.readhappy.article.controller.ArticleController.artList()(String), article-分页列表查询(String), 2(Integer), 1(Integer)
2023-01-11 16:06:34.125 [http-nio-8080-exec-9] DEBUG o.jeecg.modules.system.mapper.SysLogMapper.insert:143 - <==    Updates: 1
2023-01-11 16:06:34.830 [http-nio-8080-exec-5] DEBUG o.jeecg.modules.system.mapper.SysLogMapper.insert:143 - ==>  Preparing: INSERT INTO sys_log ( id, create_time, cost_time, ip, request_param, method, log_content, log_type, operate_type ) VALUES ( ?, ?, ?, ?, ?, ?, ?, ?, ? ) 
2023-01-11 16:06:34.831 [http-nio-8080-exec-5] DEBUG o.jeecg.modules.system.mapper.SysLogMapper.insert:143 - ==> Parameters: 1613084943385104385(String), 2023-01-11 16:06:34.827(Timestamp), 2033(Long), 192.168.153.1(String), (String), org.jeecg.modules.readhappy.token.controller.TokenController.getAccessToken()(String), getAccessToken-获取生成token(String), 2(Integer), 1(Integer)
2023-01-11 16:06:34.832 [http-nio-8080-exec-5] DEBUG o.jeecg.modules.system.mapper.SysLogMapper.insert:143 - <==    Updates: 1
2023-01-11 16:06:41.026 [http-nio-8080-exec-1] DEBUG o.jeecg.modules.system.mapper.SysLogMapper.insert:143 - ==>  Preparing: INSERT INTO sys_log ( id, create_time, cost_time, ip, request_param, method, log_content, log_type, operate_type ) VALUES ( ?, ?, ?, ?, ?, ?, ?, ?, ? ) 
2023-01-11 16:06:41.027 [http-nio-8080-exec-1] DEBUG o.jeecg.modules.system.mapper.SysLogMapper.insert:143 - ==> Parameters: 1613084969377206274(String), 2023-01-11 16:06:41.025(Timestamp), 5(Long), 192.168.153.1(String),   artid: 59(String), org.jeecg.modules.readhappy.article.controller.ArticleController.artInfo()(String), article-根据文章id获取文章信息(String), 2(Integer), 1(Integer)
2023-01-11 16:06:41.029 [http-nio-8080-exec-1] DEBUG o.jeecg.modules.system.mapper.SysLogMapper.insert:143 - <==    Updates: 1
2023-01-11 16:06:41.043 [http-nio-8080-exec-7] DEBUG o.jeecg.modules.system.mapper.SysLogMapper.insert:143 - ==>  Preparing: INSERT INTO sys_log ( id, create_time, cost_time, ip, request_param, method, log_content, log_type, operate_type ) VALUES ( ?, ?, ?, ?, ?, ?, ?, ?, ? ) 
2023-01-11 16:06:41.044 [http-nio-8080-exec-7] DEBUG o.jeecg.modules.system.mapper.SysLogMapper.insert:143 - ==> Parameters: 1613084969444315137(String), 2023-01-11 16:06:41.043(Timestamp), 2(Long), 192.168.153.1(String),   pid: 0(String), org.jeecg.modules.readhappy.categories.controller.CategoriesController.cateType()(String), categories-查询文章分类(String), 2(Integer), 1(Integer)
2023-01-11 16:06:41.046 [http-nio-8080-exec-7] DEBUG o.jeecg.modules.system.mapper.SysLogMapper.insert:143 - <==    Updates: 1
2023-01-11 16:06:43.044 [http-nio-8080-exec-10] DEBUG o.jeecg.modules.system.mapper.SysLogMapper.insert:143 - ==>  Preparing: INSERT INTO sys_log ( id, create_time, cost_time, ip, request_param, method, log_content, log_type, operate_type ) VALUES ( ?, ?, ?, ?, ?, ?, ?, ?, ? ) 
2023-01-11 16:06:43.044 [http-nio-8080-exec-10] DEBUG o.jeecg.modules.system.mapper.SysLogMapper.insert:143 - ==> Parameters: 1613084977837117441(String), 2023-01-11 16:06:43.043(Timestamp), 2022(Long), 192.168.153.1(String), (String), org.jeecg.modules.readhappy.token.controller.TokenController.getAccessToken()(String), getAccessToken-获取生成token(String), 2(Integer), 1(Integer)
2023-01-11 16:06:43.046 [http-nio-8080-exec-10] DEBUG o.jeecg.modules.system.mapper.SysLogMapper.insert:143 - <==    Updates: 1
2023-01-11 16:06:43.546 [http-nio-8080-exec-2] DEBUG o.jeecg.modules.system.mapper.SysLogMapper.insert:143 - ==>  Preparing: INSERT INTO sys_log ( id, create_time, cost_time, ip, request_param, method, log_content, log_type, operate_type ) VALUES ( ?, ?, ?, ?, ?, ?, ?, ?, ? ) 
2023-01-11 16:06:43.547 [http-nio-8080-exec-2] DEBUG o.jeecg.modules.system.mapper.SysLogMapper.insert:143 - ==> Parameters: 1613084979938463746(String), 2023-01-11 16:06:43.544(Timestamp), 4(Long), 192.168.153.1(String), ["9"](String), org.jeecg.modules.readhappy.member.controller.MemberController.info()(String), member-会员信息统计(String), 2(Integer), 1(Integer)
2023-01-11 16:06:43.548 [http-nio-8080-exec-8] DEBUG o.jeecg.modules.system.mapper.SysLogMapper.insert:143 - ==>  Preparing: INSERT INTO sys_log ( id, create_time, cost_time, ip, request_param, method, log_content, log_type, operate_type ) VALUES ( ?, ?, ?, ?, ?, ?, ?, ?, ? ) 
2023-01-11 16:06:43.549 [http-nio-8080-exec-2] DEBUG o.jeecg.modules.system.mapper.SysLogMapper.insert:143 - <==    Updates: 1
2023-01-11 16:06:43.549 [http-nio-8080-exec-8] DEBUG o.jeecg.modules.system.mapper.SysLogMapper.insert:143 - ==> Parameters: 1613084979955240962(String), 2023-01-11 16:06:43.547(Timestamp), 5(Long), 192.168.153.1(String),   uid: 9  pageNo: 1  pageSize: 3(String), org.jeecg.modules.readhappy.article.controller.ArticleController.artList()(String), article-分页列表查询(String), 2(Integer), 1(Integer)
2023-01-11 16:06:43.550 [http-nio-8080-exec-8] DEBUG o.jeecg.modules.system.mapper.SysLogMapper.insert:143 - <==    Updates: 1
2023-01-11 16:06:53.328 [http-nio-8080-exec-4] DEBUG o.jeecg.modules.system.mapper.SysLogMapper.insert:143 - ==>  Preparing: INSERT INTO sys_log ( id, create_time, cost_time, ip, request_param, method, log_content, log_type, operate_type ) VALUES ( ?, ?, ?, ?, ?, ?, ?, ?, ? ) 
2023-01-11 16:06:53.329 [http-nio-8080-exec-4] DEBUG o.jeecg.modules.system.mapper.SysLogMapper.insert:143 - ==> Parameters: 1613085020967145473(String), 2023-01-11 16:06:53.327(Timestamp), 7(Long), 192.168.153.1(String),   artid: 59(String), org.jeecg.modules.readhappy.article.controller.ArticleController.artInfo()(String), article-根据文章id获取文章信息(String), 2(Integer), 1(Integer)
2023-01-11 16:06:53.330 [http-nio-8080-exec-4] DEBUG o.jeecg.modules.system.mapper.SysLogMapper.insert:143 - <==    Updates: 1
2023-01-11 16:06:53.345 [http-nio-8080-exec-3] DEBUG o.jeecg.modules.system.mapper.SysLogMapper.insert:143 - ==>  Preparing: INSERT INTO sys_log ( id, create_time, cost_time, ip, request_param, method, log_content, log_type, operate_type ) VALUES ( ?, ?, ?, ?, ?, ?, ?, ?, ? ) 
2023-01-11 16:06:53.347 [http-nio-8080-exec-3] DEBUG o.jeecg.modules.system.mapper.SysLogMapper.insert:143 - ==> Parameters: 1613085021042642946(String), 2023-01-11 16:06:53.345(Timestamp), 3(Long), 192.168.153.1(String),   pid: 0(String), org.jeecg.modules.readhappy.categories.controller.CategoriesController.cateType()(String), categories-查询文章分类(String), 2(Integer), 1(Integer)
2023-01-11 16:06:53.349 [http-nio-8080-exec-3] DEBUG o.jeecg.modules.system.mapper.SysLogMapper.insert:143 - <==    Updates: 1
2023-01-11 16:06:55.351 [http-nio-8080-exec-6] DEBUG o.jeecg.modules.system.mapper.SysLogMapper.insert:143 - ==>  Preparing: INSERT INTO sys_log ( id, create_time, cost_time, ip, request_param, method, log_content, log_type, operate_type ) VALUES ( ?, ?, ?, ?, ?, ?, ?, ?, ? ) 
2023-01-11 16:06:55.353 [http-nio-8080-exec-6] DEBUG o.jeecg.modules.system.mapper.SysLogMapper.insert:143 - ==> Parameters: 1613085029456416770(String), 2023-01-11 16:06:55.349(Timestamp), 2030(Long), 192.168.153.1(String), (String), org.jeecg.modules.readhappy.token.controller.TokenController.getAccessToken()(String), getAccessToken-获取生成token(String), 2(Integer), 1(Integer)
2023-01-11 16:06:55.354 [http-nio-8080-exec-6] DEBUG o.jeecg.modules.system.mapper.SysLogMapper.insert:143 - <==    Updates: 1
2023-01-11 16:06:55.631 [http-nio-8080-exec-9] DEBUG o.jeecg.modules.system.mapper.SysLogMapper.insert:143 - ==>  Preparing: INSERT INTO sys_log ( id, create_time, cost_time, ip, request_param, method, log_content, log_type, operate_type ) VALUES ( ?, ?, ?, ?, ?, ?, ?, ?, ? ) 
2023-01-11 16:06:55.632 [http-nio-8080-exec-9] DEBUG o.jeecg.modules.system.mapper.SysLogMapper.insert:143 - ==> Parameters: 1613085030630821890(String), 2023-01-11 16:06:55.63(Timestamp), 4(Long), 192.168.153.1(String), ["9"](String), org.jeecg.modules.readhappy.member.controller.MemberController.info()(String), member-会员信息统计(String), 2(Integer), 1(Integer)
2023-01-11 16:06:55.633 [http-nio-8080-exec-9] DEBUG o.jeecg.modules.system.mapper.SysLogMapper.insert:143 - <==    Updates: 1
2023-01-11 16:06:55.636 [http-nio-8080-exec-5] DEBUG o.jeecg.modules.system.mapper.SysLogMapper.insert:143 - ==>  Preparing: INSERT INTO sys_log ( id, create_time, cost_time, ip, request_param, method, log_content, log_type, operate_type ) VALUES ( ?, ?, ?, ?, ?, ?, ?, ?, ? ) 
2023-01-11 16:06:55.637 [http-nio-8080-exec-5] DEBUG o.jeecg.modules.system.mapper.SysLogMapper.insert:143 - ==> Parameters: 1613085030655987713(String), 2023-01-11 16:06:55.636(Timestamp), 5(Long), 192.168.153.1(String),   uid: 9  pageNo: 1  pageSize: 3(String), org.jeecg.modules.readhappy.article.controller.ArticleController.artList()(String), article-分页列表查询(String), 2(Integer), 1(Integer)
2023-01-11 16:06:55.639 [http-nio-8080-exec-5] DEBUG o.jeecg.modules.system.mapper.SysLogMapper.insert:143 - <==    Updates: 1
2023-01-11 16:06:57.621 [http-nio-8080-exec-1] DEBUG o.jeecg.modules.system.mapper.SysLogMapper.insert:143 - ==>  Preparing: INSERT INTO sys_log ( id, create_time, cost_time, ip, request_param, method, log_content, log_type, operate_type ) VALUES ( ?, ?, ?, ?, ?, ?, ?, ?, ? ) 
2023-01-11 16:06:57.622 [http-nio-8080-exec-1] DEBUG o.jeecg.modules.system.mapper.SysLogMapper.insert:143 - ==> Parameters: 1613085038981681153(String), 2023-01-11 16:06:57.62(Timestamp), 3(Long), 192.168.153.1(String), ["9"](String), org.jeecg.modules.readhappy.member.controller.MemberController.info()(String), member-会员信息统计(String), 2(Integer), 1(Integer)
2023-01-11 16:06:57.624 [http-nio-8080-exec-1] DEBUG o.jeecg.modules.system.mapper.SysLogMapper.insert:143 - <==    Updates: 1
2023-01-11 16:06:57.625 [http-nio-8080-exec-7] DEBUG o.jeecg.modules.system.mapper.SysLogMapper.insert:143 - ==>  Preparing: INSERT INTO sys_log ( id, create_time, cost_time, ip, request_param, method, log_content, log_type, operate_type ) VALUES ( ?, ?, ?, ?, ?, ?, ?, ?, ? ) 
2023-01-11 16:06:57.626 [http-nio-8080-exec-7] DEBUG o.jeecg.modules.system.mapper.SysLogMapper.insert:143 - ==> Parameters: 1613085038994264066(String), 2023-01-11 16:06:57.625(Timestamp), 5(Long), 192.168.153.1(String),   uid: 9  pageNo: 1  pageSize: 3(String), org.jeecg.modules.readhappy.article.controller.ArticleController.artList()(String), article-分页列表查询(String), 2(Integer), 1(Integer)
2023-01-11 16:06:57.627 [http-nio-8080-exec-7] DEBUG o.jeecg.modules.system.mapper.SysLogMapper.insert:143 - <==    Updates: 1
2023-01-11 16:16:35.288 [http-nio-8080-exec-7] DEBUG o.jeecg.modules.system.mapper.SysLogMapper.insert:143 - ==>  Preparing: INSERT INTO sys_log ( id, create_time, cost_time, ip, request_param, method, log_content, log_type, operate_type ) VALUES ( ?, ?, ?, ?, ?, ?, ?, ?, ? ) 
2023-01-11 16:16:35.289 [http-nio-8080-exec-7] DEBUG o.jeecg.modules.system.mapper.SysLogMapper.insert:143 - ==> Parameters: 1613087461884301314(String), 2023-01-11 16:16:35.287(Timestamp), 3(Long), 192.168.153.1(String),   pid: 0(String), org.jeecg.modules.readhappy.categories.controller.CategoriesController.cateType()(String), categories-查询文章分类(String), 2(Integer), 1(Integer)
2023-01-11 16:16:35.291 [http-nio-8080-exec-7] DEBUG o.jeecg.modules.system.mapper.SysLogMapper.insert:143 - <==    Updates: 1
2023-01-11 16:16:35.310 [http-nio-8080-exec-10] DEBUG o.jeecg.modules.system.mapper.SysLogMapper.insert:143 - ==>  Preparing: INSERT INTO sys_log ( id, create_time, cost_time, ip, request_param, method, log_content, log_type, operate_type ) VALUES ( ?, ?, ?, ?, ?, ?, ?, ?, ? ) 
2023-01-11 16:16:35.311 [http-nio-8080-exec-10] DEBUG o.jeecg.modules.system.mapper.SysLogMapper.insert:143 - ==> Parameters: 1613087461984964609(String), 2023-01-11 16:16:35.31(Timestamp), 14(Long), 192.168.153.1(String),   cate: 0  pageNo: 1  pageSize: 10(String), org.jeecg.modules.readhappy.article.controller.ArticleController.artListByCate()(String), article-根据文章类别查询列表(String), 2(Integer), 1(Integer)
2023-01-11 16:16:35.313 [http-nio-8080-exec-10] DEBUG o.jeecg.modules.system.mapper.SysLogMapper.insert:143 - <==    Updates: 1
2023-01-11 16:17:25.831 [http-nio-8080-exec-2] DEBUG o.jeecg.modules.system.mapper.SysLogMapper.insert:143 - ==>  Preparing: INSERT INTO sys_log ( id, create_time, cost_time, ip, request_param, method, log_content, log_type, operate_type ) VALUES ( ?, ?, ?, ?, ?, ?, ?, ?, ? ) 
2023-01-11 16:17:25.832 [http-nio-8080-exec-8] DEBUG o.jeecg.modules.system.mapper.SysLogMapper.insert:143 - ==>  Preparing: INSERT INTO sys_log ( id, create_time, cost_time, ip, request_param, method, log_content, log_type, operate_type ) VALUES ( ?, ?, ?, ?, ?, ?, ?, ?, ? ) 
2023-01-11 16:17:25.832 [http-nio-8080-exec-2] DEBUG o.jeecg.modules.system.mapper.SysLogMapper.insert:143 - ==> Parameters: 1613087673881202689(String), 2023-01-11 16:17:25.83(Timestamp), 5(Long), 192.168.153.1(String),   uid: 9  pageNo: 1  pageSize: 3(String), org.jeecg.modules.readhappy.article.controller.ArticleController.artList()(String), article-分页列表查询(String), 2(Integer), 1(Integer)
2023-01-11 16:17:25.833 [http-nio-8080-exec-8] DEBUG o.jeecg.modules.system.mapper.SysLogMapper.insert:143 - ==> Parameters: 1613087673881202690(String), 2023-01-11 16:17:25.831(Timestamp), 5(Long), 192.168.153.1(String), ["9"](String), org.jeecg.modules.readhappy.member.controller.MemberController.info()(String), member-会员信息统计(String), 2(Integer), 1(Integer)
2023-01-11 16:17:25.833 [http-nio-8080-exec-2] DEBUG o.jeecg.modules.system.mapper.SysLogMapper.insert:143 - <==    Updates: 1
2023-01-11 16:17:25.835 [http-nio-8080-exec-8] DEBUG o.jeecg.modules.system.mapper.SysLogMapper.insert:143 - <==    Updates: 1
2023-01-11 16:17:25.847 [http-nio-8080-exec-4] DEBUG o.jeecg.modules.system.mapper.SysLogMapper.insert:143 - ==>  Preparing: INSERT INTO sys_log ( id, create_time, cost_time, ip, request_param, method, log_content, log_type, operate_type ) VALUES ( ?, ?, ?, ?, ?, ?, ?, ?, ? ) 
2023-01-11 16:17:25.847 [http-nio-8080-exec-4] DEBUG o.jeecg.modules.system.mapper.SysLogMapper.insert:143 - ==> Parameters: 1613087673948311553(String), 2023-01-11 16:17:25.846(Timestamp), 6(Long), 192.168.153.1(String),   uid: 9  pageNo: 1  pageSize: 3(String), org.jeecg.modules.readhappy.article.controller.ArticleController.artList()(String), article-分页列表查询(String), 2(Integer), 1(Integer)
2023-01-11 16:17:25.849 [http-nio-8080-exec-4] DEBUG o.jeecg.modules.system.mapper.SysLogMapper.insert:143 - <==    Updates: 1
2023-01-11 16:17:28.769 [http-nio-8080-exec-6] DEBUG o.jeecg.modules.system.mapper.SysLogMapper.insert:143 - ==>  Preparing: INSERT INTO sys_log ( id, create_time, cost_time, ip, request_param, method, log_content, log_type, operate_type ) VALUES ( ?, ?, ?, ?, ?, ?, ?, ?, ? ) 
2023-01-11 16:17:28.770 [http-nio-8080-exec-6] DEBUG o.jeecg.modules.system.mapper.SysLogMapper.insert:143 - ==> Parameters: 1613087686208262145(String), 2023-01-11 16:17:28.769(Timestamp), 4(Long), 192.168.153.1(String),   pid: 0(String), org.jeecg.modules.readhappy.categories.controller.CategoriesController.cateType()(String), categories-查询文章分类(String), 2(Integer), 1(Integer)
2023-01-11 16:17:28.772 [http-nio-8080-exec-6] DEBUG o.jeecg.modules.system.mapper.SysLogMapper.insert:143 - <==    Updates: 1
2023-01-11 16:17:29.314 [http-nio-8080-exec-9] DEBUG o.jeecg.modules.system.mapper.SysLogMapper.insert:143 - ==>  Preparing: INSERT INTO sys_log ( id, create_time, cost_time, ip, request_param, method, log_content, log_type, operate_type ) VALUES ( ?, ?, ?, ?, ?, ?, ?, ?, ? ) 
2023-01-11 16:17:29.315 [http-nio-8080-exec-9] DEBUG o.jeecg.modules.system.mapper.SysLogMapper.insert:143 - ==> Parameters: 1613087688489963521(String), 2023-01-11 16:17:29.313(Timestamp), 4(Long), 192.168.153.1(String), ["9"](String), org.jeecg.modules.readhappy.member.controller.MemberController.info()(String), member-会员信息统计(String), 2(Integer), 1(Integer)
2023-01-11 16:17:29.316 [http-nio-8080-exec-5] DEBUG o.jeecg.modules.system.mapper.SysLogMapper.insert:143 - ==>  Preparing: INSERT INTO sys_log ( id, create_time, cost_time, ip, request_param, method, log_content, log_type, operate_type ) VALUES ( ?, ?, ?, ?, ?, ?, ?, ?, ? ) 
2023-01-11 16:17:29.316 [http-nio-8080-exec-9] DEBUG o.jeecg.modules.system.mapper.SysLogMapper.insert:143 - <==    Updates: 1
2023-01-11 16:17:29.316 [http-nio-8080-exec-5] DEBUG o.jeecg.modules.system.mapper.SysLogMapper.insert:143 - ==> Parameters: 1613087688498352129(String), 2023-01-11 16:17:29.315(Timestamp), 4(Long), 192.168.153.1(String),   uid: 9  pageNo: 1  pageSize: 3(String), org.jeecg.modules.readhappy.article.controller.ArticleController.artList()(String), article-分页列表查询(String), 2(Integer), 1(Integer)
2023-01-11 16:17:29.317 [http-nio-8080-exec-5] DEBUG o.jeecg.modules.system.mapper.SysLogMapper.insert:143 - <==    Updates: 1
2023-01-11 16:17:30.797 [http-nio-8080-exec-3] DEBUG o.jeecg.modules.system.mapper.SysLogMapper.insert:143 - ==>  Preparing: INSERT INTO sys_log ( id, create_time, cost_time, ip, request_param, method, log_content, log_type, operate_type ) VALUES ( ?, ?, ?, ?, ?, ?, ?, ?, ? ) 
2023-01-11 16:17:30.798 [http-nio-8080-exec-3] DEBUG o.jeecg.modules.system.mapper.SysLogMapper.insert:143 - ==> Parameters: 1613087694714310658(String), 2023-01-11 16:17:30.797(Timestamp), 2032(Long), 192.168.153.1(String), (String), org.jeecg.modules.readhappy.token.controller.TokenController.getAccessToken()(String), getAccessToken-获取生成token(String), 2(Integer), 1(Integer)
2023-01-11 16:17:30.799 [http-nio-8080-exec-3] DEBUG o.jeecg.modules.system.mapper.SysLogMapper.insert:143 - <==    Updates: 1
2023-01-11 16:17:32.815 [http-nio-8080-exec-7] DEBUG o.jeecg.modules.system.mapper.SysLogMapper.insert:143 - ==>  Preparing: INSERT INTO sys_log ( id, create_time, cost_time, ip, request_param, method, log_content, log_type, operate_type ) VALUES ( ?, ?, ?, ?, ?, ?, ?, ?, ? ) 
2023-01-11 16:17:32.816 [http-nio-8080-exec-7] DEBUG o.jeecg.modules.system.mapper.SysLogMapper.insert:143 - ==> Parameters: 1613087703178416129(String), 2023-01-11 16:17:32.814(Timestamp), 5(Long), 192.168.153.1(String),   artid: 59(String), org.jeecg.modules.readhappy.article.controller.ArticleController.artInfo()(String), article-根据文章id获取文章信息(String), 2(Integer), 1(Integer)
2023-01-11 16:17:32.817 [http-nio-8080-exec-7] DEBUG o.jeecg.modules.system.mapper.SysLogMapper.insert:143 - <==    Updates: 1
2023-01-11 16:17:32.831 [http-nio-8080-exec-10] DEBUG o.jeecg.modules.system.mapper.SysLogMapper.insert:143 - ==>  Preparing: INSERT INTO sys_log ( id, create_time, cost_time, ip, request_param, method, log_content, log_type, operate_type ) VALUES ( ?, ?, ?, ?, ?, ?, ?, ?, ? ) 
2023-01-11 16:17:32.832 [http-nio-8080-exec-10] DEBUG o.jeecg.modules.system.mapper.SysLogMapper.insert:143 - ==> Parameters: 1613087703241330689(String), 2023-01-11 16:17:32.83(Timestamp), 2(Long), 192.168.153.1(String),   pid: 0(String), org.jeecg.modules.readhappy.categories.controller.CategoriesController.cateType()(String), categories-查询文章分类(String), 2(Integer), 1(Integer)
2023-01-11 16:17:32.833 [http-nio-8080-exec-10] DEBUG o.jeecg.modules.system.mapper.SysLogMapper.insert:143 - <==    Updates: 1
2023-01-11 16:17:34.848 [http-nio-8080-exec-1] DEBUG o.jeecg.modules.system.mapper.SysLogMapper.insert:143 - ==>  Preparing: INSERT INTO sys_log ( id, create_time, cost_time, ip, request_param, method, log_content, log_type, operate_type ) VALUES ( ?, ?, ?, ?, ?, ?, ?, ?, ? ) 
2023-01-11 16:17:34.849 [http-nio-8080-exec-1] DEBUG o.jeecg.modules.system.mapper.SysLogMapper.insert:143 - ==> Parameters: 1613087711705436162(String), 2023-01-11 16:17:34.848(Timestamp), 2038(Long), 192.168.153.1(String), (String), org.jeecg.modules.readhappy.token.controller.TokenController.getAccessToken()(String), getAccessToken-获取生成token(String), 2(Integer), 1(Integer)
2023-01-11 16:17:34.850 [http-nio-8080-exec-1] DEBUG o.jeecg.modules.system.mapper.SysLogMapper.insert:143 - <==    Updates: 1
2023-01-11 16:17:50.085 [http-nio-8080-exec-2] DEBUG o.jeecg.modules.system.mapper.SysLogMapper.insert:143 - ==>  Preparing: INSERT INTO sys_log ( id, create_time, cost_time, ip, request_param, method, log_content, log_type, operate_type ) VALUES ( ?, ?, ?, ?, ?, ?, ?, ?, ? ) 
2023-01-11 16:17:50.086 [http-nio-8080-exec-2] DEBUG o.jeecg.modules.system.mapper.SysLogMapper.insert:143 - ==> Parameters: 1613087775614046210(String), 2023-01-11 16:17:50.085(Timestamp), 4(Long), 192.168.153.1(String), ["9"](String), org.jeecg.modules.readhappy.member.controller.MemberController.info()(String), member-会员信息统计(String), 2(Integer), 1(Integer)
2023-01-11 16:17:50.087 [http-nio-8080-exec-2] DEBUG o.jeecg.modules.system.mapper.SysLogMapper.insert:143 - <==    Updates: 1
2023-01-11 16:17:50.088 [http-nio-8080-exec-8] DEBUG o.jeecg.modules.system.mapper.SysLogMapper.insert:143 - ==>  Preparing: INSERT INTO sys_log ( id, create_time, cost_time, ip, request_param, method, log_content, log_type, operate_type ) VALUES ( ?, ?, ?, ?, ?, ?, ?, ?, ? ) 
2023-01-11 16:17:50.089 [http-nio-8080-exec-8] DEBUG o.jeecg.modules.system.mapper.SysLogMapper.insert:143 - ==> Parameters: 1613087775626629121(String), 2023-01-11 16:17:50.087(Timestamp), 5(Long), 192.168.153.1(String),   uid: 9  pageNo: 1  pageSize: 3(String), org.jeecg.modules.readhappy.article.controller.ArticleController.artList()(String), article-分页列表查询(String), 2(Integer), 1(Integer)
2023-01-11 16:17:50.090 [http-nio-8080-exec-8] DEBUG o.jeecg.modules.system.mapper.SysLogMapper.insert:143 - <==    Updates: 1
2023-01-11 16:17:54.412 [http-nio-8080-exec-4] DEBUG o.jeecg.modules.system.mapper.SysLogMapper.insert:143 - ==>  Preparing: INSERT INTO sys_log ( id, create_time, cost_time, ip, request_param, method, log_content, log_type, operate_type ) VALUES ( ?, ?, ?, ?, ?, ?, ?, ?, ? ) 
2023-01-11 16:17:54.412 [http-nio-8080-exec-4] DEBUG o.jeecg.modules.system.mapper.SysLogMapper.insert:143 - ==> Parameters: 1613087793758605313(String), 2023-01-11 16:17:54.411(Timestamp), 4(Long), 192.168.153.1(String),   artid: 53(String), org.jeecg.modules.readhappy.article.controller.ArticleController.artInfo()(String), article-根据文章id获取文章信息(String), 2(Integer), 1(Integer)
2023-01-11 16:17:54.413 [http-nio-8080-exec-4] DEBUG o.jeecg.modules.system.mapper.SysLogMapper.insert:143 - <==    Updates: 1
2023-01-11 16:18:02.193 [http-nio-8080-exec-6] DEBUG o.jeecg.modules.system.mapper.SysLogMapper.insert:143 - ==>  Preparing: INSERT INTO sys_log ( id, create_time, cost_time, ip, request_param, method, log_content, log_type, operate_type ) VALUES ( ?, ?, ?, ?, ?, ?, ?, ?, ? ) 
2023-01-11 16:18:02.193 [http-nio-8080-exec-6] DEBUG o.jeecg.modules.system.mapper.SysLogMapper.insert:143 - ==> Parameters: 1613087826394484738(String), 2023-01-11 16:18:02.192(Timestamp), 3(Long), 192.168.153.1(String),   artid: 57(String), org.jeecg.modules.readhappy.article.controller.ArticleController.artInfo()(String), article-根据文章id获取文章信息(String), 2(Integer), 1(Integer)
2023-01-11 16:18:02.195 [http-nio-8080-exec-6] DEBUG o.jeecg.modules.system.mapper.SysLogMapper.insert:143 - <==    Updates: 1
2023-01-11 16:18:11.216 [http-nio-8080-exec-9] DEBUG o.jeecg.modules.system.mapper.SysLogMapper.insert:143 - ==>  Preparing: INSERT INTO sys_log ( id, create_time, cost_time, ip, request_param, method, log_content, log_type, operate_type ) VALUES ( ?, ?, ?, ?, ?, ?, ?, ?, ? ) 
2023-01-11 16:18:11.217 [http-nio-8080-exec-9] DEBUG o.jeecg.modules.system.mapper.SysLogMapper.insert:143 - ==> Parameters: 1613087864239689729(String), 2023-01-11 16:18:11.215(Timestamp), 6(Long), 192.168.153.1(String),   cate: 3  pageNo: 1  pageSize: 10(String), org.jeecg.modules.readhappy.article.controller.ArticleController.artListByCate()(String), article-根据文章类别查询列表(String), 2(Integer), 1(Integer)
2023-01-11 16:18:11.218 [http-nio-8080-exec-9] DEBUG o.jeecg.modules.system.mapper.SysLogMapper.insert:143 - <==    Updates: 1
2023-01-11 16:18:12.998 [http-nio-8080-exec-5] DEBUG o.jeecg.modules.system.mapper.SysLogMapper.insert:143 - ==>  Preparing: INSERT INTO sys_log ( id, create_time, cost_time, ip, request_param, method, log_content, log_type, operate_type ) VALUES ( ?, ?, ?, ?, ?, ?, ?, ?, ? ) 
2023-01-11 16:18:12.999 [http-nio-8080-exec-5] DEBUG o.jeecg.modules.system.mapper.SysLogMapper.insert:143 - ==> Parameters: 1613087871713939457(String), 2023-01-11 16:18:12.997(Timestamp), 5(Long), 192.168.153.1(String), ["9"](String), org.jeecg.modules.readhappy.member.controller.MemberController.info()(String), member-会员信息统计(String), 2(Integer), 1(Integer)
2023-01-11 16:18:13.000 [http-nio-8080-exec-5] DEBUG o.jeecg.modules.system.mapper.SysLogMapper.insert:143 - <==    Updates: 1
2023-01-11 16:18:13.001 [http-nio-8080-exec-3] DEBUG o.jeecg.modules.system.mapper.SysLogMapper.insert:143 - ==>  Preparing: INSERT INTO sys_log ( id, create_time, cost_time, ip, request_param, method, log_content, log_type, operate_type ) VALUES ( ?, ?, ?, ?, ?, ?, ?, ?, ? ) 
2023-01-11 16:18:13.001 [http-nio-8080-exec-3] DEBUG o.jeecg.modules.system.mapper.SysLogMapper.insert:143 - ==> Parameters: 1613087871726522369(String), 2023-01-11 16:18:13.0(Timestamp), 4(Long), 192.168.153.1(String),   uid: 9  pageNo: 1  pageSize: 3(String), org.jeecg.modules.readhappy.article.controller.ArticleController.artList()(String), article-分页列表查询(String), 2(Integer), 1(Integer)
2023-01-11 16:18:13.002 [http-nio-8080-exec-3] DEBUG o.jeecg.modules.system.mapper.SysLogMapper.insert:143 - <==    Updates: 1
2023-01-11 19:57:22.184 [Thread-27] INFO  org.quartz.core.QuartzScheduler:585 - Scheduler MyScheduler_$_helloWorld1673424236328 paused.
2023-01-11 19:57:22.195 [Thread-27] INFO  o.s.scheduling.concurrent.ThreadPoolTaskExecutor:208 - Shutting down ExecutorService 'applicationTaskExecutor'
2023-01-11 19:57:22.200 [Thread-27] INFO  o.s.scheduling.quartz.SchedulerFactoryBean:844 - Shutting down Quartz Scheduler
2023-01-11 19:57:22.200 [Thread-27] INFO  org.quartz.core.QuartzScheduler:666 - Scheduler MyScheduler_$_helloWorld1673424236328 shutting down.
2023-01-11 19:57:22.200 [Thread-27] INFO  org.quartz.core.QuartzScheduler:585 - Scheduler MyScheduler_$_helloWorld1673424236328 paused.
2023-01-11 19:57:22.202 [Thread-27] INFO  org.quartz.core.QuartzScheduler:740 - Scheduler MyScheduler_$_helloWorld1673424236328 shutdown complete.
2023-01-11 19:57:22.207 [Thread-27] INFO  c.b.dynamic.datasource.DynamicRoutingDataSource:182 - closing dynamicDatasource  ing....
2023-01-11 19:57:22.219 [Thread-27] INFO  com.alibaba.druid.pool.DruidDataSource:1948 - {dataSource-1} closing ...
2023-01-11 19:57:22.229 [Thread-27] INFO  com.alibaba.druid.pool.DruidDataSource:2020 - {dataSource-1} closed
