2023-05-26 14:21:48.723 [main] INFO  org.jeecg.JeecgApplication:50 - Starting JeecgApplication on helloWorld with PID 13672 (started by helloWorld in D:\Project\JetBrains\IntelliJ IDEA\jeecg-boot-master\jeecg-boot-parent)
2023-05-26 14:21:48.726 [main] INFO  org.jeecg.JeecgApplication:679 - The following profiles are active: dev
2023-05-26 14:21:50.250 [main] INFO  o.s.d.r.config.RepositoryConfigurationDelegate:244 - Multiple Spring Data modules found, entering strict repository configuration mode!
2023-05-26 14:21:50.253 [main] INFO  o.s.d.r.config.RepositoryConfigurationDelegate:126 - Bootstrapping Spring Data repositories in DEFAULT mode.
2023-05-26 14:21:50.341 [main] INFO  o.s.d.r.config.RepositoryConfigurationDelegate:182 - Finished Spring Data repository scanning in 73ms. Found 0 repository interfaces.
2023-05-26 14:21:50.662 [main] INFO  o.s.c.s.PostProcessorRegistrationDelegate$BeanPostProcessorChecker:330 - Bean 'shiroConfig' of type [org.jeecg.config.ShiroConfig$$EnhancerBySpringCGLIB$$1949b4c3] is not eligible for getting processed by all BeanPostProcessors (for example: not eligible for auto-proxying)
2023-05-26 14:21:50.814 [main] INFO  o.s.c.s.PostProcessorRegistrationDelegate$BeanPostProcessorChecker:330 - Bean 'shiroRealm' of type [org.jeecg.modules.shiro.authc.ShiroRealm] is not eligible for getting processed by all BeanPostProcessors (for example: not eligible for auto-proxying)
2023-05-26 14:21:51.252 [main] INFO  org.jeecg.config.ShiroConfig:207 - ===============(1)创建缓存管理器RedisCacheManager
2023-05-26 14:21:51.254 [main] INFO  org.jeecg.config.ShiroConfig:225 - ===============(2)创建RedisManager,连接Redis..URL= 127.0.0.1:6379
2023-05-26 14:21:51.258 [main] INFO  o.s.c.s.PostProcessorRegistrationDelegate$BeanPostProcessorChecker:330 - Bean 'redisManager' of type [org.crazycake.shiro.RedisManager] is not eligible for getting processed by all BeanPostProcessors (for example: not eligible for auto-proxying)
2023-05-26 14:21:51.261 [main] INFO  o.s.c.s.PostProcessorRegistrationDelegate$BeanPostProcessorChecker:330 - Bean 'securityManager' of type [org.apache.shiro.web.mgt.DefaultWebSecurityManager] is not eligible for getting processed by all BeanPostProcessors (for example: not eligible for auto-proxying)
2023-05-26 14:21:51.285 [main] INFO  o.s.c.s.PostProcessorRegistrationDelegate$BeanPostProcessorChecker:330 - Bean 'authorizationAttributeSourceAdvisor' of type [org.apache.shiro.spring.security.interceptor.AuthorizationAttributeSourceAdvisor] is not eligible for getting processed by all BeanPostProcessors (for example: not eligible for auto-proxying)
2023-05-26 14:21:51.341 [main] INFO  o.s.c.s.PostProcessorRegistrationDelegate$BeanPostProcessorChecker:330 - Bean 'org.springframework.transaction.annotation.ProxyTransactionManagementConfiguration' of type [org.springframework.transaction.annotation.ProxyTransactionManagementConfiguration$$EnhancerBySpringCGLIB$$f9444b2d] is not eligible for getting processed by all BeanPostProcessors (for example: not eligible for auto-proxying)
2023-05-26 14:21:51.471 [main] INFO  o.s.c.s.PostProcessorRegistrationDelegate$BeanPostProcessorChecker:330 - Bean 'spring.datasource.dynamic-com.baomidou.dynamic.datasource.spring.boot.autoconfigure.DynamicDataSourceProperties' of type [com.baomidou.dynamic.datasource.spring.boot.autoconfigure.DynamicDataSourceProperties] is not eligible for getting processed by all BeanPostProcessors (for example: not eligible for auto-proxying)
2023-05-26 14:21:51.476 [main] INFO  o.s.c.s.PostProcessorRegistrationDelegate$BeanPostProcessorChecker:330 - Bean 'com.baomidou.dynamic.datasource.spring.boot.autoconfigure.DynamicDataSourceAutoConfiguration' of type [com.baomidou.dynamic.datasource.spring.boot.autoconfigure.DynamicDataSourceAutoConfiguration$$EnhancerBySpringCGLIB$$62d2bbfe] is not eligible for getting processed by all BeanPostProcessors (for example: not eligible for auto-proxying)
2023-05-26 14:21:51.484 [main] INFO  o.s.c.s.PostProcessorRegistrationDelegate$BeanPostProcessorChecker:330 - Bean 'dsProcessor' of type [com.baomidou.dynamic.datasource.processor.DsHeaderProcessor] is not eligible for getting processed by all BeanPostProcessors (for example: not eligible for auto-proxying)
2023-05-26 14:21:51.491 [main] INFO  o.s.c.s.PostProcessorRegistrationDelegate$BeanPostProcessorChecker:330 - Bean 'dynamicDatasourceAnnotationAdvisor' of type [com.baomidou.dynamic.datasource.aop.DynamicDataSourceAnnotationAdvisor] is not eligible for getting processed by all BeanPostProcessors (for example: not eligible for auto-proxying)
2023-05-26 14:21:51.511 [main] INFO  o.s.c.s.PostProcessorRegistrationDelegate$BeanPostProcessorChecker:330 - Bean 'spring.redis-org.springframework.boot.autoconfigure.data.redis.RedisProperties' of type [org.springframework.boot.autoconfigure.data.redis.RedisProperties] is not eligible for getting processed by all BeanPostProcessors (for example: not eligible for auto-proxying)
2023-05-26 14:21:51.518 [main] INFO  o.s.c.s.PostProcessorRegistrationDelegate$BeanPostProcessorChecker:330 - Bean 'org.springframework.boot.autoconfigure.data.redis.LettuceConnectionConfiguration' of type [org.springframework.boot.autoconfigure.data.redis.LettuceConnectionConfiguration$$EnhancerBySpringCGLIB$$e5e0977] is not eligible for getting processed by all BeanPostProcessors (for example: not eligible for auto-proxying)
2023-05-26 14:21:51.612 [main] INFO  o.s.c.s.PostProcessorRegistrationDelegate$BeanPostProcessorChecker:330 - Bean 'lettuceClientResources' of type [io.lettuce.core.resource.DefaultClientResources] is not eligible for getting processed by all BeanPostProcessors (for example: not eligible for auto-proxying)
2023-05-26 14:21:51.687 [main] INFO  o.s.c.s.PostProcessorRegistrationDelegate$BeanPostProcessorChecker:330 - Bean 'redisConnectionFactory' of type [org.springframework.data.redis.connection.lettuce.LettuceConnectionFactory] is not eligible for getting processed by all BeanPostProcessors (for example: not eligible for auto-proxying)
2023-05-26 14:21:51.698 [main] INFO  o.s.c.s.PostProcessorRegistrationDelegate$BeanPostProcessorChecker:330 - Bean 'redisConfig' of type [org.jeecg.config.RedisConfig$$EnhancerBySpringCGLIB$$64183c0d] is not eligible for getting processed by all BeanPostProcessors (for example: not eligible for auto-proxying)
2023-05-26 14:21:51.724 [main] INFO  o.s.c.s.PostProcessorRegistrationDelegate$BeanPostProcessorChecker:330 - Bean 'org.apache.shiro.spring.boot.autoconfigure.ShiroBeanAutoConfiguration' of type [org.apache.shiro.spring.boot.autoconfigure.ShiroBeanAutoConfiguration$$EnhancerBySpringCGLIB$$c5d28dd] is not eligible for getting processed by all BeanPostProcessors (for example: not eligible for auto-proxying)
2023-05-26 14:21:51.728 [main] INFO  o.s.c.s.PostProcessorRegistrationDelegate$BeanPostProcessorChecker:330 - Bean 'eventBus' of type [org.apache.shiro.event.support.DefaultEventBus] is not eligible for getting processed by all BeanPostProcessors (for example: not eligible for auto-proxying)
2023-05-26 14:21:52.440 [main] INFO  o.s.boot.web.embedded.tomcat.TomcatWebServer:90 - Tomcat initialized with port(s): 8080 (http)
2023-05-26 14:21:52.455 [main] INFO  org.apache.coyote.http11.Http11NioProtocol:173 - Initializing ProtocolHandler ["http-nio-8080"]
2023-05-26 14:21:52.465 [main] INFO  org.apache.catalina.core.StandardService:173 - Starting service [Tomcat]
2023-05-26 14:21:52.465 [main] INFO  org.apache.catalina.core.StandardEngine:173 - Starting Servlet engine: [Apache Tomcat/9.0.16]
2023-05-26 14:21:52.470 [main] INFO  org.apache.catalina.core.AprLifecycleListener:173 - Loaded APR based Apache Tomcat Native library [1.2.25] using APR version [1.7.0].
2023-05-26 14:21:52.471 [main] INFO  org.apache.catalina.core.AprLifecycleListener:173 - APR capabilities: IPv6 [true], sendfile [true], accept filters [false], random [true].
2023-05-26 14:21:52.471 [main] INFO  org.apache.catalina.core.AprLifecycleListener:173 - APR/OpenSSL configuration: useAprConnector [false], useOpenSSL [true]
2023-05-26 14:21:52.485 [main] INFO  org.apache.catalina.core.AprLifecycleListener:173 - OpenSSL successfully initialized [OpenSSL 1.1.1g  21 Apr 2020]
2023-05-26 14:21:52.622 [main] INFO  o.a.c.c.C.[Tomcat].[localhost].[/jeecg-boot]:173 - Initializing Spring embedded WebApplicationContext
2023-05-26 14:21:52.622 [main] INFO  org.springframework.web.context.ContextLoader:296 - Root WebApplicationContext: initialization completed in 3836 ms
2023-05-26 14:21:52.938 [main] INFO  c.b.dynamic.datasource.DynamicDataSourceCreator:113 - 动态数据源-检测到druid存在,如配置中未指定type,druid会默认配置
2023-05-26 14:21:53.224 [main] INFO  com.alibaba.druid.pool.DruidDataSource:1003 - {dataSource-1,master} inited
2023-05-26 14:21:53.225 [main] INFO  c.b.dynamic.datasource.DynamicRoutingDataSource:203 - 初始共加载 1 个数据源
2023-05-26 14:21:53.225 [main] INFO  c.b.dynamic.datasource.DynamicRoutingDataSource:142 - 动态数据源-加载 master 成功
2023-05-26 14:21:53.225 [main] INFO  c.b.dynamic.datasource.DynamicRoutingDataSource:212 - 当前的默认数据源是单数据源，数据源名为 master
2023-05-26 14:21:55.713 [main] INFO  org.quartz.impl.StdSchedulerFactory:1208 - Using default implementation for ThreadExecutor
2023-05-26 14:21:55.716 [main] INFO  org.quartz.simpl.SimpleThreadPool:268 - Job execution threads will use class loader of thread: main
2023-05-26 14:21:55.724 [main] INFO  org.quartz.core.SchedulerSignalerImpl:61 - Initialized Scheduler Signaller of type: class org.quartz.core.SchedulerSignalerImpl
2023-05-26 14:21:55.724 [main] INFO  org.quartz.core.QuartzScheduler:229 - Quartz Scheduler v.2.3.0 created.
2023-05-26 14:21:55.728 [main] INFO  o.s.scheduling.quartz.LocalDataSourceJobStore:672 - Using db table-based data access locking (synchronization).
2023-05-26 14:21:55.730 [main] INFO  o.s.scheduling.quartz.LocalDataSourceJobStore:145 - JobStoreCMT initialized.
2023-05-26 14:21:55.731 [main] INFO  org.quartz.core.QuartzScheduler:294 - Scheduler meta-data: Quartz Scheduler (v2.3.0) 'MyScheduler' with instanceId 'helloWorld1685082115715'
  Scheduler class: 'org.quartz.core.QuartzScheduler' - running locally.
  NOT STARTED.
  Currently in standby mode.
  Number of jobs executed: 0
  Using thread pool 'org.quartz.simpl.SimpleThreadPool' - with 10 threads.
  Using job-store 'org.springframework.scheduling.quartz.LocalDataSourceJobStore' - which supports persistence. and is clustered.

2023-05-26 14:21:55.731 [main] INFO  org.quartz.impl.StdSchedulerFactory:1362 - Quartz scheduler 'MyScheduler' initialized from an externally provided properties instance.
2023-05-26 14:21:55.731 [main] INFO  org.quartz.impl.StdSchedulerFactory:1366 - Quartz scheduler version: 2.3.0
2023-05-26 14:21:55.731 [main] INFO  org.quartz.core.QuartzScheduler:2287 - JobFactory set to: org.springframework.scheduling.quartz.SpringBeanJobFactory@637506d8
2023-05-26 14:21:57.986 [main] INFO  o.s.b.actuate.endpoint.web.EndpointLinksResolver:59 - Exposing 2 endpoint(s) beneath base path '/actuator'
2023-05-26 14:21:58.145 [main] INFO  s.d.s.w.PropertySourcedRequestMappingHandlerMapping:69 - Mapped URL path [/v2/api-docs] onto method [public org.springframework.http.ResponseEntity<springfox.documentation.spring.web.json.Json> springfox.documentation.swagger2.web.Swagger2Controller.getDocumentation(java.lang.String,javax.servlet.http.HttpServletRequest)]
2023-05-26 14:21:58.381 [main] INFO  o.s.scheduling.concurrent.ThreadPoolTaskExecutor:171 - Initializing ExecutorService 'applicationTaskExecutor'
2023-05-26 14:21:59.083 [main] INFO  s.d.s.web.plugins.DocumentationPluginsBootstrapper:160 - Context refreshed
2023-05-26 14:21:59.099 [main] INFO  s.d.s.web.plugins.DocumentationPluginsBootstrapper:163 - Found 3 custom documentation plugin(s)
2023-05-26 14:21:59.164 [main] INFO  s.d.spring.web.scanners.ApiListingReferenceScanner:41 - Scanning for api listing references
2023-05-26 14:21:59.308 [main] INFO  s.d.spring.web.scanners.ApiListingReferenceScanner:41 - Scanning for api listing references
2023-05-26 14:21:59.359 [main] INFO  s.d.s.w.r.operation.CachingOperationNameGenerator:40 - Generating unique operation named: addUsingPOST_1
2023-05-26 14:21:59.361 [main] INFO  s.d.s.w.r.operation.CachingOperationNameGenerator:40 - Generating unique operation named: deleteUsingDELETE_1
2023-05-26 14:21:59.363 [main] INFO  s.d.s.w.r.operation.CachingOperationNameGenerator:40 - Generating unique operation named: deleteBatchUsingDELETE_1
2023-05-26 14:21:59.364 [main] INFO  s.d.s.w.r.operation.CachingOperationNameGenerator:40 - Generating unique operation named: editUsingPUT_1
2023-05-26 14:21:59.365 [main] INFO  s.d.s.w.r.operation.CachingOperationNameGenerator:40 - Generating unique operation named: queryByIdUsingGET_1
2023-05-26 14:21:59.368 [main] INFO  s.d.s.w.r.operation.CachingOperationNameGenerator:40 - Generating unique operation named: queryPageListUsingGET_1
2023-05-26 14:21:59.373 [main] INFO  s.d.s.w.r.operation.CachingOperationNameGenerator:40 - Generating unique operation named: addUsingPOST_2
2023-05-26 14:21:59.376 [main] INFO  s.d.s.w.r.operation.CachingOperationNameGenerator:40 - Generating unique operation named: deleteUsingDELETE_2
2023-05-26 14:21:59.377 [main] INFO  s.d.s.w.r.operation.CachingOperationNameGenerator:40 - Generating unique operation named: deleteBatchUsingDELETE_2
2023-05-26 14:21:59.378 [main] INFO  s.d.s.w.r.operation.CachingOperationNameGenerator:40 - Generating unique operation named: editUsingPUT_2
2023-05-26 14:21:59.382 [main] INFO  s.d.s.w.r.operation.CachingOperationNameGenerator:40 - Generating unique operation named: queryByIdUsingGET_2
2023-05-26 14:21:59.385 [main] INFO  s.d.s.w.r.operation.CachingOperationNameGenerator:40 - Generating unique operation named: queryPageListUsingGET_2
2023-05-26 14:21:59.388 [main] INFO  s.d.s.w.r.operation.CachingOperationNameGenerator:40 - Generating unique operation named: addUsingPOST_3
2023-05-26 14:21:59.390 [main] INFO  s.d.s.w.r.operation.CachingOperationNameGenerator:40 - Generating unique operation named: deleteUsingDELETE_3
2023-05-26 14:21:59.391 [main] INFO  s.d.s.w.r.operation.CachingOperationNameGenerator:40 - Generating unique operation named: deleteBatchUsingDELETE_3
2023-05-26 14:21:59.392 [main] INFO  s.d.s.w.r.operation.CachingOperationNameGenerator:40 - Generating unique operation named: editUsingPUT_3
2023-05-26 14:21:59.394 [main] INFO  s.d.s.w.r.operation.CachingOperationNameGenerator:40 - Generating unique operation named: queryByIdUsingGET_3
2023-05-26 14:21:59.397 [main] INFO  s.d.s.w.r.operation.CachingOperationNameGenerator:40 - Generating unique operation named: queryPageListUsingGET_3
2023-05-26 14:21:59.404 [main] INFO  s.d.spring.web.scanners.ApiListingReferenceScanner:41 - Scanning for api listing references
2023-05-26 14:21:59.427 [main] INFO  s.d.s.w.r.operation.CachingOperationNameGenerator:40 - Generating unique operation named: loginUsingPOST_1
2023-05-26 14:21:59.437 [main] INFO  s.d.s.w.r.operation.CachingOperationNameGenerator:40 - Generating unique operation named: addUsingPOST_4
2023-05-26 14:21:59.439 [main] INFO  s.d.s.w.r.operation.CachingOperationNameGenerator:40 - Generating unique operation named: deleteUsingDELETE_4
2023-05-26 14:21:59.441 [main] INFO  s.d.s.w.r.operation.CachingOperationNameGenerator:40 - Generating unique operation named: deleteBatchUsingDELETE_4
2023-05-26 14:21:59.442 [main] INFO  s.d.s.w.r.operation.CachingOperationNameGenerator:40 - Generating unique operation named: editUsingPUT_4
2023-05-26 14:21:59.443 [main] INFO  s.d.s.w.r.operation.CachingOperationNameGenerator:40 - Generating unique operation named: queryByIdUsingGET_4
2023-05-26 14:21:59.446 [main] INFO  s.d.s.w.r.operation.CachingOperationNameGenerator:40 - Generating unique operation named: queryPageListUsingGET_4
2023-05-26 14:21:59.452 [main] INFO  s.d.s.w.r.operation.CachingOperationNameGenerator:40 - Generating unique operation named: addUsingPOST_5
2023-05-26 14:21:59.453 [main] INFO  s.d.s.w.r.operation.CachingOperationNameGenerator:40 - Generating unique operation named: deleteUsingDELETE_5
2023-05-26 14:21:59.454 [main] INFO  s.d.s.w.r.operation.CachingOperationNameGenerator:40 - Generating unique operation named: deleteBatchUsingDELETE_5
2023-05-26 14:21:59.456 [main] INFO  s.d.s.w.r.operation.CachingOperationNameGenerator:40 - Generating unique operation named: editUsingPUT_5
2023-05-26 14:21:59.457 [main] INFO  s.d.s.w.r.operation.CachingOperationNameGenerator:40 - Generating unique operation named: queryByIdUsingGET_5
2023-05-26 14:21:59.461 [main] INFO  s.d.s.w.r.operation.CachingOperationNameGenerator:40 - Generating unique operation named: queryPageListUsingGET_5
2023-05-26 14:21:59.465 [main] INFO  s.d.s.w.r.operation.CachingOperationNameGenerator:40 - Generating unique operation named: addUsingPOST_6
2023-05-26 14:21:59.466 [main] INFO  s.d.s.w.r.operation.CachingOperationNameGenerator:40 - Generating unique operation named: deleteUsingDELETE_6
2023-05-26 14:21:59.467 [main] INFO  s.d.s.w.r.operation.CachingOperationNameGenerator:40 - Generating unique operation named: deleteBatchUsingDELETE_6
2023-05-26 14:21:59.468 [main] INFO  s.d.s.w.r.operation.CachingOperationNameGenerator:40 - Generating unique operation named: editUsingPUT_6
2023-05-26 14:21:59.469 [main] INFO  s.d.s.w.r.operation.CachingOperationNameGenerator:40 - Generating unique operation named: queryByIdUsingGET_6
2023-05-26 14:21:59.472 [main] INFO  s.d.s.w.r.operation.CachingOperationNameGenerator:40 - Generating unique operation named: queryPageListUsingGET_6
2023-05-26 14:21:59.476 [main] INFO  s.d.s.w.r.operation.CachingOperationNameGenerator:40 - Generating unique operation named: addUsingPOST_7
2023-05-26 14:21:59.477 [main] INFO  s.d.s.w.r.operation.CachingOperationNameGenerator:40 - Generating unique operation named: deleteUsingDELETE_7
2023-05-26 14:21:59.478 [main] INFO  s.d.s.w.r.operation.CachingOperationNameGenerator:40 - Generating unique operation named: deleteBatchUsingDELETE_7
2023-05-26 14:21:59.480 [main] INFO  s.d.s.w.r.operation.CachingOperationNameGenerator:40 - Generating unique operation named: editUsingPUT_7
2023-05-26 14:21:59.481 [main] INFO  s.d.s.w.r.operation.CachingOperationNameGenerator:40 - Generating unique operation named: queryByIdUsingGET_7
2023-05-26 14:21:59.484 [main] INFO  s.d.s.w.r.operation.CachingOperationNameGenerator:40 - Generating unique operation named: queryPageListUsingGET_7
2023-05-26 14:21:59.488 [main] INFO  s.d.s.w.r.operation.CachingOperationNameGenerator:40 - Generating unique operation named: addUsingPOST_8
2023-05-26 14:21:59.489 [main] INFO  s.d.s.w.r.operation.CachingOperationNameGenerator:40 - Generating unique operation named: deleteUsingDELETE_8
2023-05-26 14:21:59.490 [main] INFO  s.d.s.w.r.operation.CachingOperationNameGenerator:40 - Generating unique operation named: deleteBatchUsingDELETE_8
2023-05-26 14:21:59.491 [main] INFO  s.d.s.w.r.operation.CachingOperationNameGenerator:40 - Generating unique operation named: editUsingPUT_8
2023-05-26 14:21:59.492 [main] INFO  s.d.s.w.r.operation.CachingOperationNameGenerator:40 - Generating unique operation named: queryByIdUsingGET_8
2023-05-26 14:21:59.495 [main] INFO  s.d.s.w.r.operation.CachingOperationNameGenerator:40 - Generating unique operation named: queryPageListUsingGET_8
2023-05-26 14:21:59.502 [main] INFO  s.d.s.w.r.operation.CachingOperationNameGenerator:40 - Generating unique operation named: addUsingPOST_9
2023-05-26 14:21:59.503 [main] INFO  s.d.s.w.r.operation.CachingOperationNameGenerator:40 - Generating unique operation named: deleteUsingDELETE_9
2023-05-26 14:21:59.503 [main] INFO  s.d.s.w.r.operation.CachingOperationNameGenerator:40 - Generating unique operation named: deleteBatchUsingDELETE_9
2023-05-26 14:21:59.504 [main] INFO  s.d.s.w.r.operation.CachingOperationNameGenerator:40 - Generating unique operation named: editUsingPUT_9
2023-05-26 14:21:59.505 [main] INFO  s.d.s.w.r.operation.CachingOperationNameGenerator:40 - Generating unique operation named: queryByIdUsingGET_9
2023-05-26 14:21:59.512 [main] INFO  s.d.s.w.r.operation.CachingOperationNameGenerator:40 - Generating unique operation named: queryPageListUsingGET_9
2023-05-26 14:21:59.513 [main] INFO  o.s.scheduling.quartz.SchedulerFactoryBean:726 - Starting Quartz Scheduler now
2023-05-26 14:21:59.685 [main] INFO  o.s.scheduling.quartz.LocalDataSourceJobStore:3629 - ClusterManager: detected 1 failed or restarted instances.
2023-05-26 14:21:59.685 [main] INFO  o.s.scheduling.quartz.LocalDataSourceJobStore:3488 - ClusterManager: Scanning for instance "helloWorld1673424236328"'s failed in-progress jobs.
2023-05-26 14:21:59.691 [main] INFO  org.quartz.core.QuartzScheduler:547 - Scheduler MyScheduler_$_helloWorld1685082115715 started.
2023-05-26 14:21:59.703 [main] INFO  org.apache.coyote.http11.Http11NioProtocol:173 - Starting ProtocolHandler ["http-nio-8080"]
2023-05-26 14:21:59.728 [main] INFO  o.s.boot.web.embedded.tomcat.TomcatWebServer:204 - Tomcat started on port(s): 8080 (http) with context path '/jeecg-boot'
2023-05-26 14:21:59.731 [main] INFO  org.jeecg.JeecgApplication:59 - Started JeecgApplication in 11.63 seconds (JVM running for 12.863)
2023-05-26 14:21:59.744 [main] INFO  org.jeecg.JeecgApplication:29 - 
----------------------------------------------------------
	Application Jeecg-Boot is running! Access URLs:
	Local: 		http://localhost:8080/jeecg-boot/
	External: 	http://192.168.153.1:8080/jeecg-boot/
	Swagger-UI: 		http://192.168.153.1:8080/jeecg-boot/doc.html
----------------------------------------------------------
2023-05-26 14:22:00.154 [RMI TCP Connection(1)-192.168.153.1] INFO  o.a.c.c.C.[Tomcat].[localhost].[/jeecg-boot]:173 - Initializing Spring DispatcherServlet 'dispatcherServlet'
2023-05-26 14:22:00.154 [RMI TCP Connection(1)-192.168.153.1] INFO  org.springframework.web.servlet.DispatcherServlet:524 - Initializing Servlet 'dispatcherServlet'
2023-05-26 14:22:00.167 [RMI TCP Connection(1)-192.168.153.1] INFO  org.springframework.web.servlet.DispatcherServlet:546 - Completed initialization in 12 ms
2023-05-26 14:22:01.090 [RMI TCP Connection(3)-192.168.153.1] INFO  io.lettuce.core.EpollProvider:68 - Starting without optional epoll library
2023-05-26 14:22:01.092 [RMI TCP Connection(3)-192.168.153.1] INFO  io.lettuce.core.KqueueProvider:70 - Starting without optional kqueue library
2023-05-26 14:24:37.259 [http-nio-8080-exec-4] DEBUG o.jeecg.modules.system.mapper.SysLogMapper.insert:143 - ==>  Preparing: INSERT INTO sys_log ( id, create_time, cost_time, ip, request_param, method, log_content, log_type, operate_type ) VALUES ( ?, ?, ?, ?, ?, ?, ?, ?, ? ) 
2023-05-26 14:24:37.259 [http-nio-8080-exec-1] DEBUG o.jeecg.modules.system.mapper.SysLogMapper.insert:143 - ==>  Preparing: INSERT INTO sys_log ( id, create_time, cost_time, ip, request_param, method, log_content, log_type, operate_type ) VALUES ( ?, ?, ?, ?, ?, ?, ?, ?, ? ) 
2023-05-26 14:24:37.267 [http-nio-8080-exec-4] DEBUG o.jeecg.modules.system.mapper.SysLogMapper.insert:143 - ==> Parameters: 1661981646276128771(String), 2023-05-26 14:24:36.992(Timestamp), 199(Long), 192.168.153.1(String),   cate: 0  pageNo: 1  pageSize: 10(String), org.jeecg.modules.readhappy.article.controller.ArticleController.artListByCate()(String), article-根据文章类别查询列表(String), 2(Integer), 1(Integer)
2023-05-26 14:24:37.267 [http-nio-8080-exec-1] DEBUG o.jeecg.modules.system.mapper.SysLogMapper.insert:143 - ==> Parameters: 1661981646276128770(String), 2023-05-26 14:24:36.891(Timestamp), 95(Long), 192.168.153.1(String),   pid: 0(String), org.jeecg.modules.readhappy.categories.controller.CategoriesController.cateType()(String), categories-查询文章分类(String), 2(Integer), 1(Integer)
2023-05-26 14:24:37.272 [http-nio-8080-exec-1] DEBUG o.jeecg.modules.system.mapper.SysLogMapper.insert:143 - <==    Updates: 1
2023-05-26 14:24:37.272 [http-nio-8080-exec-4] DEBUG o.jeecg.modules.system.mapper.SysLogMapper.insert:143 - <==    Updates: 1
2023-05-26 14:24:40.468 [http-nio-8080-exec-6] DEBUG o.jeecg.modules.system.mapper.SysLogMapper.insert:143 - ==>  Preparing: INSERT INTO sys_log ( id, create_time, cost_time, ip, request_param, method, log_content, log_type, operate_type ) VALUES ( ?, ?, ?, ?, ?, ?, ?, ?, ? ) 
2023-05-26 14:24:40.469 [http-nio-8080-exec-6] DEBUG o.jeecg.modules.system.mapper.SysLogMapper.insert:143 - ==> Parameters: 1661981659744038913(String), 2023-05-26 14:24:40.466(Timestamp), 13(Long), 192.168.153.1(String),   artid: 57(String), org.jeecg.modules.readhappy.article.controller.ArticleController.artInfo()(String), article-根据文章id获取文章信息(String), 2(Integer), 1(Integer)
2023-05-26 14:24:40.471 [http-nio-8080-exec-6] DEBUG o.jeecg.modules.system.mapper.SysLogMapper.insert:143 - <==    Updates: 1
2023-05-26 14:24:44.398 [http-nio-8080-exec-8] DEBUG o.jeecg.modules.system.mapper.SysLogMapper.insert:143 - ==>  Preparing: INSERT INTO sys_log ( id, create_time, cost_time, ip, request_param, method, log_content, log_type, operate_type ) VALUES ( ?, ?, ?, ?, ?, ?, ?, ?, ? ) 
2023-05-26 14:24:44.399 [http-nio-8080-exec-8] DEBUG o.jeecg.modules.system.mapper.SysLogMapper.insert:143 - ==> Parameters: 1661981676231847938(String), 2023-05-26 14:24:44.397(Timestamp), 10(Long), 192.168.153.1(String),   uid: 9  pageNo: 1  pageSize: 3(String), org.jeecg.modules.readhappy.article.controller.ArticleController.artList()(String), article-分页列表查询(String), 2(Integer), 1(Integer)
2023-05-26 14:24:44.401 [http-nio-8080-exec-8] DEBUG o.jeecg.modules.system.mapper.SysLogMapper.insert:143 - <==    Updates: 1
2023-05-26 14:24:44.401 [http-nio-8080-exec-5] DEBUG o.jeecg.modules.system.mapper.SysLogMapper.insert:143 - ==>  Preparing: INSERT INTO sys_log ( id, create_time, cost_time, ip, request_param, method, log_content, log_type, operate_type ) VALUES ( ?, ?, ?, ?, ?, ?, ?, ?, ? ) 
2023-05-26 14:24:44.402 [http-nio-8080-exec-5] DEBUG o.jeecg.modules.system.mapper.SysLogMapper.insert:143 - ==> Parameters: 1661981676244430849(String), 2023-05-26 14:24:44.4(Timestamp), 10(Long), 192.168.153.1(String), ["9"](String), org.jeecg.modules.readhappy.member.controller.MemberController.info()(String), member-会员信息统计(String), 2(Integer), 1(Integer)
2023-05-26 14:24:44.403 [http-nio-8080-exec-5] DEBUG o.jeecg.modules.system.mapper.SysLogMapper.insert:143 - <==    Updates: 1
2023-05-26 14:24:44.412 [http-nio-8080-exec-4] DEBUG o.jeecg.modules.system.mapper.SysLogMapper.insert:143 - ==>  Preparing: INSERT INTO sys_log ( id, create_time, cost_time, ip, request_param, method, log_content, log_type, operate_type ) VALUES ( ?, ?, ?, ?, ?, ?, ?, ?, ? ) 
2023-05-26 14:24:44.413 [http-nio-8080-exec-4] DEBUG o.jeecg.modules.system.mapper.SysLogMapper.insert:143 - ==> Parameters: 1661981676294762498(String), 2023-05-26 14:24:44.411(Timestamp), 6(Long), 192.168.153.1(String),   uid: 9  pageNo: 1  pageSize: 3(String), org.jeecg.modules.readhappy.article.controller.ArticleController.artList()(String), article-分页列表查询(String), 2(Integer), 1(Integer)
2023-05-26 14:24:44.414 [http-nio-8080-exec-4] DEBUG o.jeecg.modules.system.mapper.SysLogMapper.insert:143 - <==    Updates: 1
2023-05-26 14:24:47.060 [http-nio-8080-exec-1] DEBUG o.jeecg.modules.system.mapper.SysLogMapper.insert:143 - ==>  Preparing: INSERT INTO sys_log ( id, create_time, cost_time, ip, request_param, method, log_content, log_type, operate_type ) VALUES ( ?, ?, ?, ?, ?, ?, ?, ?, ? ) 
2023-05-26 14:24:47.062 [http-nio-8080-exec-1] DEBUG o.jeecg.modules.system.mapper.SysLogMapper.insert:143 - ==> Parameters: 1661981687397085185(String), 2023-05-26 14:24:47.059(Timestamp), 3(Long), 192.168.153.1(String),   pid: 0(String), org.jeecg.modules.readhappy.categories.controller.CategoriesController.cateType()(String), categories-查询文章分类(String), 2(Integer), 1(Integer)
2023-05-26 14:24:47.064 [http-nio-8080-exec-1] DEBUG o.jeecg.modules.system.mapper.SysLogMapper.insert:143 - <==    Updates: 1
2023-05-26 14:24:49.109 [http-nio-8080-exec-10] DEBUG o.jeecg.modules.system.mapper.SysLogMapper.insert:143 - ==>  Preparing: INSERT INTO sys_log ( id, create_time, cost_time, ip, request_param, method, log_content, log_type, operate_type ) VALUES ( ?, ?, ?, ?, ?, ?, ?, ?, ? ) 
2023-05-26 14:24:49.110 [http-nio-8080-exec-10] DEBUG o.jeecg.modules.system.mapper.SysLogMapper.insert:143 - ==> Parameters: 1661981695991214081(String), 2023-05-26 14:24:49.107(Timestamp), 2052(Long), 192.168.153.1(String), (String), org.jeecg.modules.readhappy.token.controller.TokenController.getAccessToken()(String), getAccessToken-获取生成token(String), 2(Integer), 1(Integer)
2023-05-26 14:24:49.112 [http-nio-8080-exec-10] DEBUG o.jeecg.modules.system.mapper.SysLogMapper.insert:143 - <==    Updates: 1
2023-05-26 14:24:51.260 [http-nio-8080-exec-2] DEBUG o.jeecg.modules.system.mapper.SysLogMapper.insert:143 - ==>  Preparing: INSERT INTO sys_log ( id, create_time, cost_time, ip, request_param, method, log_content, log_type, operate_type ) VALUES ( ?, ?, ?, ?, ?, ?, ?, ?, ? ) 
2023-05-26 14:24:51.262 [http-nio-8080-exec-2] DEBUG o.jeecg.modules.system.mapper.SysLogMapper.insert:143 - ==> Parameters: 1661981705017356289(String), 2023-05-26 14:24:51.259(Timestamp), 4(Long), 192.168.153.1(String), ["9"](String), org.jeecg.modules.readhappy.member.controller.MemberController.info()(String), member-会员信息统计(String), 2(Integer), 1(Integer)
2023-05-26 14:24:51.263 [http-nio-8080-exec-2] DEBUG o.jeecg.modules.system.mapper.SysLogMapper.insert:143 - <==    Updates: 1
2023-05-26 14:24:51.265 [http-nio-8080-exec-7] DEBUG o.jeecg.modules.system.mapper.SysLogMapper.insert:143 - ==>  Preparing: INSERT INTO sys_log ( id, create_time, cost_time, ip, request_param, method, log_content, log_type, operate_type ) VALUES ( ?, ?, ?, ?, ?, ?, ?, ?, ? ) 
2023-05-26 14:24:51.266 [http-nio-8080-exec-7] DEBUG o.jeecg.modules.system.mapper.SysLogMapper.insert:143 - ==> Parameters: 1661981705038327810(String), 2023-05-26 14:24:51.264(Timestamp), 6(Long), 192.168.153.1(String),   uid: 9  pageNo: 1  pageSize: 3(String), org.jeecg.modules.readhappy.article.controller.ArticleController.artList()(String), article-分页列表查询(String), 2(Integer), 1(Integer)
2023-05-26 14:24:51.267 [http-nio-8080-exec-7] DEBUG o.jeecg.modules.system.mapper.SysLogMapper.insert:143 - <==    Updates: 1
2023-05-26 14:24:54.537 [http-nio-8080-exec-9] DEBUG o.jeecg.modules.system.mapper.SysLogMapper.insert:143 - ==>  Preparing: INSERT INTO sys_log ( id, create_time, cost_time, ip, request_param, method, log_content, log_type, operate_type ) VALUES ( ?, ?, ?, ?, ?, ?, ?, ?, ? ) 
2023-05-26 14:24:54.538 [http-nio-8080-exec-9] DEBUG o.jeecg.modules.system.mapper.SysLogMapper.insert:143 - ==> Parameters: 1661981718753701890(String), 2023-05-26 14:24:54.536(Timestamp), 4(Long), 192.168.153.1(String), ["9"](String), org.jeecg.modules.readhappy.member.controller.MemberController.info()(String), member-会员信息统计(String), 2(Integer), 1(Integer)
2023-05-26 14:24:54.539 [http-nio-8080-exec-9] DEBUG o.jeecg.modules.system.mapper.SysLogMapper.insert:143 - <==    Updates: 1
2023-05-26 14:24:54.540 [http-nio-8080-exec-3] DEBUG o.jeecg.modules.system.mapper.SysLogMapper.insert:143 - ==>  Preparing: INSERT INTO sys_log ( id, create_time, cost_time, ip, request_param, method, log_content, log_type, operate_type ) VALUES ( ?, ?, ?, ?, ?, ?, ?, ?, ? ) 
2023-05-26 14:24:54.541 [http-nio-8080-exec-3] DEBUG o.jeecg.modules.system.mapper.SysLogMapper.insert:143 - ==> Parameters: 1661981718774673410(String), 2023-05-26 14:24:54.539(Timestamp), 5(Long), 192.168.153.1(String),   uid: 9  pageNo: 1  pageSize: 3(String), org.jeecg.modules.readhappy.article.controller.ArticleController.artList()(String), article-分页列表查询(String), 2(Integer), 1(Integer)
2023-05-26 14:24:54.543 [http-nio-8080-exec-3] DEBUG o.jeecg.modules.system.mapper.SysLogMapper.insert:143 - <==    Updates: 1
2023-05-26 14:24:58.948 [http-nio-8080-exec-6] DEBUG o.jeecg.modules.system.mapper.SysLogMapper.insert:143 - ==>  Preparing: INSERT INTO sys_log ( id, create_time, cost_time, ip, request_param, method, log_content, log_type, operate_type ) VALUES ( ?, ?, ?, ?, ?, ?, ?, ?, ? ) 
2023-05-26 14:24:58.949 [http-nio-8080-exec-6] DEBUG o.jeecg.modules.system.mapper.SysLogMapper.insert:143 - ==> Parameters: 1661981737254776833(String), 2023-05-26 14:24:58.947(Timestamp), 15(Long), 192.168.153.1(String),   cate: 1  pageNo: 1  pageSize: 10(String), org.jeecg.modules.readhappy.article.controller.ArticleController.artListByCate()(String), article-根据文章类别查询列表(String), 2(Integer), 1(Integer)
2023-05-26 14:24:58.950 [http-nio-8080-exec-6] DEBUG o.jeecg.modules.system.mapper.SysLogMapper.insert:143 - <==    Updates: 1
2023-05-26 14:24:59.727 [http-nio-8080-exec-6] DEBUG o.jeecg.modules.system.mapper.SysLogMapper.insert:143 - ==>  Preparing: INSERT INTO sys_log ( id, create_time, cost_time, ip, request_param, method, log_content, log_type, operate_type ) VALUES ( ?, ?, ?, ?, ?, ?, ?, ?, ? ) 
2023-05-26 14:24:59.727 [http-nio-8080-exec-6] DEBUG o.jeecg.modules.system.mapper.SysLogMapper.insert:143 - ==> Parameters: 1661981740526333953(String), 2023-05-26 14:24:59.726(Timestamp), 10(Long), 192.168.153.1(String),   cate: 2  pageNo: 1  pageSize: 10(String), org.jeecg.modules.readhappy.article.controller.ArticleController.artListByCate()(String), article-根据文章类别查询列表(String), 2(Integer), 1(Integer)
2023-05-26 14:24:59.729 [http-nio-8080-exec-6] DEBUG o.jeecg.modules.system.mapper.SysLogMapper.insert:143 - <==    Updates: 1
2023-05-26 14:25:00.281 [http-nio-8080-exec-6] DEBUG o.jeecg.modules.system.mapper.SysLogMapper.insert:143 - ==>  Preparing: INSERT INTO sys_log ( id, create_time, cost_time, ip, request_param, method, log_content, log_type, operate_type ) VALUES ( ?, ?, ?, ?, ?, ?, ?, ?, ? ) 
2023-05-26 14:25:00.282 [http-nio-8080-exec-6] DEBUG o.jeecg.modules.system.mapper.SysLogMapper.insert:143 - ==> Parameters: 1661981742854172673(String), 2023-05-26 14:25:00.28(Timestamp), 5(Long), 192.168.153.1(String),   cate: 3  pageNo: 1  pageSize: 10(String), org.jeecg.modules.readhappy.article.controller.ArticleController.artListByCate()(String), article-根据文章类别查询列表(String), 2(Integer), 1(Integer)
2023-05-26 14:25:00.283 [http-nio-8080-exec-6] DEBUG o.jeecg.modules.system.mapper.SysLogMapper.insert:143 - <==    Updates: 1
2023-05-26 14:25:01.025 [http-nio-8080-exec-8] DEBUG o.jeecg.modules.system.mapper.SysLogMapper.insert:143 - ==>  Preparing: INSERT INTO sys_log ( id, create_time, cost_time, ip, request_param, method, log_content, log_type, operate_type ) VALUES ( ?, ?, ?, ?, ?, ?, ?, ?, ? ) 
2023-05-26 14:25:01.026 [http-nio-8080-exec-8] DEBUG o.jeecg.modules.system.mapper.SysLogMapper.insert:143 - ==> Parameters: 1661981745970540546(String), 2023-05-26 14:25:01.024(Timestamp), 9(Long), 192.168.153.1(String),   cate: 2  pageNo: 1  pageSize: 10(String), org.jeecg.modules.readhappy.article.controller.ArticleController.artListByCate()(String), article-根据文章类别查询列表(String), 2(Integer), 1(Integer)
2023-05-26 14:25:01.028 [http-nio-8080-exec-8] DEBUG o.jeecg.modules.system.mapper.SysLogMapper.insert:143 - <==    Updates: 1
2023-05-26 14:25:01.688 [http-nio-8080-exec-4] DEBUG o.jeecg.modules.system.mapper.SysLogMapper.insert:143 - ==>  Preparing: INSERT INTO sys_log ( id, create_time, cost_time, ip, request_param, method, log_content, log_type, operate_type ) VALUES ( ?, ?, ?, ?, ?, ?, ?, ?, ? ) 
2023-05-26 14:25:01.689 [http-nio-8080-exec-4] DEBUG o.jeecg.modules.system.mapper.SysLogMapper.insert:143 - ==> Parameters: 1661981748751364097(String), 2023-05-26 14:25:01.688(Timestamp), 9(Long), 192.168.153.1(String),   cate: 1  pageNo: 1  pageSize: 10(String), org.jeecg.modules.readhappy.article.controller.ArticleController.artListByCate()(String), article-根据文章类别查询列表(String), 2(Integer), 1(Integer)
2023-05-26 14:25:01.691 [http-nio-8080-exec-4] DEBUG o.jeecg.modules.system.mapper.SysLogMapper.insert:143 - <==    Updates: 1
2023-05-26 14:25:02.195 [http-nio-8080-exec-10] DEBUG o.jeecg.modules.system.mapper.SysLogMapper.insert:143 - ==>  Preparing: INSERT INTO sys_log ( id, create_time, cost_time, ip, request_param, method, log_content, log_type, operate_type ) VALUES ( ?, ?, ?, ?, ?, ?, ?, ?, ? ) 
2023-05-26 14:25:02.195 [http-nio-8080-exec-10] DEBUG o.jeecg.modules.system.mapper.SysLogMapper.insert:143 - ==> Parameters: 1661981750877876225(String), 2023-05-26 14:25:02.194(Timestamp), 11(Long), 192.168.153.1(String),   cate: 0  pageNo: 1  pageSize: 10(String), org.jeecg.modules.readhappy.article.controller.ArticleController.artListByCate()(String), article-根据文章类别查询列表(String), 2(Integer), 1(Integer)
2023-05-26 14:25:02.197 [http-nio-8080-exec-10] DEBUG o.jeecg.modules.system.mapper.SysLogMapper.insert:143 - <==    Updates: 1
2023-05-26 14:25:05.421 [http-nio-8080-exec-1] DEBUG o.jeecg.modules.system.mapper.SysLogMapper.insert:143 - ==>  Preparing: INSERT INTO sys_log ( id, create_time, cost_time, ip, request_param, method, log_content, log_type, operate_type ) VALUES ( ?, ?, ?, ?, ?, ?, ?, ?, ? ) 
2023-05-26 14:25:05.422 [http-nio-8080-exec-1] DEBUG o.jeecg.modules.system.mapper.SysLogMapper.insert:143 - ==> Parameters: 1661981764412895234(String), 2023-05-26 14:25:05.421(Timestamp), 8(Long), 192.168.153.1(String),   cate: 0  pageNo: 2  pageSize: 10(String), org.jeecg.modules.readhappy.article.controller.ArticleController.artListByCate()(String), article-根据文章类别查询列表(String), 2(Integer), 1(Integer)
2023-05-26 14:25:05.423 [http-nio-8080-exec-1] DEBUG o.jeecg.modules.system.mapper.SysLogMapper.insert:143 - <==    Updates: 1
2023-05-26 14:25:42.823 [Thread-29] INFO  org.quartz.core.QuartzScheduler:585 - Scheduler MyScheduler_$_helloWorld1685082115715 paused.
2023-05-26 14:25:42.824 [Thread-29] INFO  o.s.scheduling.concurrent.ThreadPoolTaskExecutor:208 - Shutting down ExecutorService 'applicationTaskExecutor'
2023-05-26 14:25:42.827 [Thread-29] INFO  o.s.scheduling.quartz.SchedulerFactoryBean:844 - Shutting down Quartz Scheduler
2023-05-26 14:25:42.827 [Thread-29] INFO  org.quartz.core.QuartzScheduler:666 - Scheduler MyScheduler_$_helloWorld1685082115715 shutting down.
2023-05-26 14:25:42.827 [Thread-29] INFO  org.quartz.core.QuartzScheduler:585 - Scheduler MyScheduler_$_helloWorld1685082115715 paused.
2023-05-26 14:25:42.828 [Thread-29] INFO  org.quartz.core.QuartzScheduler:740 - Scheduler MyScheduler_$_helloWorld1685082115715 shutdown complete.
2023-05-26 14:25:42.832 [Thread-29] INFO  c.b.dynamic.datasource.DynamicRoutingDataSource:182 - closing dynamicDatasource  ing....
2023-05-26 14:25:42.835 [Thread-29] INFO  com.alibaba.druid.pool.DruidDataSource:1948 - {dataSource-1} closing ...
2023-05-26 14:25:42.839 [Thread-29] INFO  com.alibaba.druid.pool.DruidDataSource:2020 - {dataSource-1} closed
