2022-01-11 15:45:26.228 [main] INFO  org.jeecg.JeecgApplication:50 - Starting JeecgApplication on helloWorld with PID 36372 (started by helloWorld in D:\Project\JetBrains\IntelliJ IDEA\jeecg-boot-master\jeecg-boot-parent)
2022-01-11 15:45:26.231 [main] INFO  org.jeecg.JeecgApplication:679 - The following profiles are active: dev
2022-01-11 15:45:27.713 [main] INFO  o.s.d.r.config.RepositoryConfigurationDelegate:244 - Multiple Spring Data modules found, entering strict repository configuration mode!
2022-01-11 15:45:27.716 [main] INFO  o.s.d.r.config.RepositoryConfigurationDelegate:126 - Bootstrapping Spring Data repositories in DEFAULT mode.
2022-01-11 15:45:27.799 [main] INFO  o.s.d.r.config.RepositoryConfigurationDelegate:182 - Finished Spring Data repository scanning in 71ms. Found 0 repository interfaces.
2022-01-11 15:45:28.095 [main] INFO  o.s.c.s.PostProcessorRegistrationDelegate$BeanPostProcessorChecker:330 - Bean 'shiroConfig' of type [org.jeecg.config.ShiroConfig$$EnhancerBySpringCGLIB$$b3a7439] is not eligible for getting processed by all BeanPostProcessors (for example: not eligible for auto-proxying)
2022-01-11 15:45:28.227 [main] INFO  o.s.c.s.PostProcessorRegistrationDelegate$BeanPostProcessorChecker:330 - Bean 'shiroRealm' of type [org.jeecg.modules.shiro.authc.ShiroRealm] is not eligible for getting processed by all BeanPostProcessors (for example: not eligible for auto-proxying)
2022-01-11 15:45:28.807 [main] INFO  org.jeecg.config.ShiroConfig:207 - ===============(1)创建缓存管理器RedisCacheManager
2022-01-11 15:45:28.809 [main] INFO  org.jeecg.config.ShiroConfig:225 - ===============(2)创建RedisManager,连接Redis..URL= 127.0.0.1:6379
2022-01-11 15:45:28.812 [main] INFO  o.s.c.s.PostProcessorRegistrationDelegate$BeanPostProcessorChecker:330 - Bean 'redisManager' of type [org.crazycake.shiro.RedisManager] is not eligible for getting processed by all BeanPostProcessors (for example: not eligible for auto-proxying)
2022-01-11 15:45:28.816 [main] INFO  o.s.c.s.PostProcessorRegistrationDelegate$BeanPostProcessorChecker:330 - Bean 'securityManager' of type [org.apache.shiro.web.mgt.DefaultWebSecurityManager] is not eligible for getting processed by all BeanPostProcessors (for example: not eligible for auto-proxying)
2022-01-11 15:45:28.838 [main] INFO  o.s.c.s.PostProcessorRegistrationDelegate$BeanPostProcessorChecker:330 - Bean 'authorizationAttributeSourceAdvisor' of type [org.apache.shiro.spring.security.interceptor.AuthorizationAttributeSourceAdvisor] is not eligible for getting processed by all BeanPostProcessors (for example: not eligible for auto-proxying)
2022-01-11 15:45:28.889 [main] INFO  o.s.c.s.PostProcessorRegistrationDelegate$BeanPostProcessorChecker:330 - Bean 'org.springframework.transaction.annotation.ProxyTransactionManagementConfiguration' of type [org.springframework.transaction.annotation.ProxyTransactionManagementConfiguration$$EnhancerBySpringCGLIB$$eb350aa3] is not eligible for getting processed by all BeanPostProcessors (for example: not eligible for auto-proxying)
2022-01-11 15:45:29.005 [main] INFO  o.s.c.s.PostProcessorRegistrationDelegate$BeanPostProcessorChecker:330 - Bean 'spring.datasource.dynamic-com.baomidou.dynamic.datasource.spring.boot.autoconfigure.DynamicDataSourceProperties' of type [com.baomidou.dynamic.datasource.spring.boot.autoconfigure.DynamicDataSourceProperties] is not eligible for getting processed by all BeanPostProcessors (for example: not eligible for auto-proxying)
2022-01-11 15:45:29.009 [main] INFO  o.s.c.s.PostProcessorRegistrationDelegate$BeanPostProcessorChecker:330 - Bean 'com.baomidou.dynamic.datasource.spring.boot.autoconfigure.DynamicDataSourceAutoConfiguration' of type [com.baomidou.dynamic.datasource.spring.boot.autoconfigure.DynamicDataSourceAutoConfiguration$$EnhancerBySpringCGLIB$$54c37b74] is not eligible for getting processed by all BeanPostProcessors (for example: not eligible for auto-proxying)
2022-01-11 15:45:29.017 [main] INFO  o.s.c.s.PostProcessorRegistrationDelegate$BeanPostProcessorChecker:330 - Bean 'dsProcessor' of type [com.baomidou.dynamic.datasource.processor.DsHeaderProcessor] is not eligible for getting processed by all BeanPostProcessors (for example: not eligible for auto-proxying)
2022-01-11 15:45:29.022 [main] INFO  o.s.c.s.PostProcessorRegistrationDelegate$BeanPostProcessorChecker:330 - Bean 'dynamicDatasourceAnnotationAdvisor' of type [com.baomidou.dynamic.datasource.aop.DynamicDataSourceAnnotationAdvisor] is not eligible for getting processed by all BeanPostProcessors (for example: not eligible for auto-proxying)
2022-01-11 15:45:29.039 [main] INFO  o.s.c.s.PostProcessorRegistrationDelegate$BeanPostProcessorChecker:330 - Bean 'spring.redis-org.springframework.boot.autoconfigure.data.redis.RedisProperties' of type [org.springframework.boot.autoconfigure.data.redis.RedisProperties] is not eligible for getting processed by all BeanPostProcessors (for example: not eligible for auto-proxying)
2022-01-11 15:45:29.047 [main] INFO  o.s.c.s.PostProcessorRegistrationDelegate$BeanPostProcessorChecker:330 - Bean 'org.springframework.boot.autoconfigure.data.redis.LettuceConnectionConfiguration' of type [org.springframework.boot.autoconfigure.data.redis.LettuceConnectionConfiguration$$EnhancerBySpringCGLIB$$4ec8ed] is not eligible for getting processed by all BeanPostProcessors (for example: not eligible for auto-proxying)
2022-01-11 15:45:29.131 [main] INFO  o.s.c.s.PostProcessorRegistrationDelegate$BeanPostProcessorChecker:330 - Bean 'lettuceClientResources' of type [io.lettuce.core.resource.DefaultClientResources] is not eligible for getting processed by all BeanPostProcessors (for example: not eligible for auto-proxying)
2022-01-11 15:45:29.200 [main] INFO  o.s.c.s.PostProcessorRegistrationDelegate$BeanPostProcessorChecker:330 - Bean 'redisConnectionFactory' of type [org.springframework.data.redis.connection.lettuce.LettuceConnectionFactory] is not eligible for getting processed by all BeanPostProcessors (for example: not eligible for auto-proxying)
2022-01-11 15:45:29.209 [main] INFO  o.s.c.s.PostProcessorRegistrationDelegate$BeanPostProcessorChecker:330 - Bean 'redisConfig' of type [org.jeecg.config.RedisConfig$$EnhancerBySpringCGLIB$$5608fb83] is not eligible for getting processed by all BeanPostProcessors (for example: not eligible for auto-proxying)
2022-01-11 15:45:29.235 [main] INFO  o.s.c.s.PostProcessorRegistrationDelegate$BeanPostProcessorChecker:330 - Bean 'org.apache.shiro.spring.boot.autoconfigure.ShiroBeanAutoConfiguration' of type [org.apache.shiro.spring.boot.autoconfigure.ShiroBeanAutoConfiguration$$EnhancerBySpringCGLIB$$fe4de853] is not eligible for getting processed by all BeanPostProcessors (for example: not eligible for auto-proxying)
2022-01-11 15:45:29.239 [main] INFO  o.s.c.s.PostProcessorRegistrationDelegate$BeanPostProcessorChecker:330 - Bean 'eventBus' of type [org.apache.shiro.event.support.DefaultEventBus] is not eligible for getting processed by all BeanPostProcessors (for example: not eligible for auto-proxying)
2022-01-11 15:45:29.538 [main] INFO  o.s.boot.web.embedded.tomcat.TomcatWebServer:90 - Tomcat initialized with port(s): 8080 (http)
2022-01-11 15:45:29.550 [main] INFO  org.apache.coyote.http11.Http11NioProtocol:173 - Initializing ProtocolHandler ["http-nio-8080"]
2022-01-11 15:45:29.559 [main] INFO  org.apache.catalina.core.StandardService:173 - Starting service [Tomcat]
2022-01-11 15:45:29.559 [main] INFO  org.apache.catalina.core.StandardEngine:173 - Starting Servlet engine: [Apache Tomcat/9.0.16]
2022-01-11 15:45:29.564 [main] INFO  org.apache.catalina.core.AprLifecycleListener:173 - Loaded APR based Apache Tomcat Native library [1.2.25] using APR version [1.7.0].
2022-01-11 15:45:29.564 [main] INFO  org.apache.catalina.core.AprLifecycleListener:173 - APR capabilities: IPv6 [true], sendfile [true], accept filters [false], random [true].
2022-01-11 15:45:29.564 [main] INFO  org.apache.catalina.core.AprLifecycleListener:173 - APR/OpenSSL configuration: useAprConnector [false], useOpenSSL [true]
2022-01-11 15:45:29.567 [main] INFO  org.apache.catalina.core.AprLifecycleListener:173 - OpenSSL successfully initialized [OpenSSL 1.1.1g  21 Apr 2020]
2022-01-11 15:45:29.709 [main] INFO  o.a.c.c.C.[Tomcat].[localhost].[/jeecg-boot]:173 - Initializing Spring embedded WebApplicationContext
2022-01-11 15:45:29.709 [main] INFO  org.springframework.web.context.ContextLoader:296 - Root WebApplicationContext: initialization completed in 3413 ms
2022-01-11 15:45:29.989 [main] INFO  c.b.dynamic.datasource.DynamicDataSourceCreator:113 - 动态数据源-检测到druid存在,如配置中未指定type,druid会默认配置
2022-01-11 15:45:30.205 [main] INFO  com.alibaba.druid.pool.DruidDataSource:1003 - {dataSource-1,master} inited
2022-01-11 15:45:30.205 [main] INFO  c.b.dynamic.datasource.DynamicRoutingDataSource:203 - 初始共加载 1 个数据源
2022-01-11 15:45:30.205 [main] INFO  c.b.dynamic.datasource.DynamicRoutingDataSource:142 - 动态数据源-加载 master 成功
2022-01-11 15:45:30.206 [main] INFO  c.b.dynamic.datasource.DynamicRoutingDataSource:212 - 当前的默认数据源是单数据源，数据源名为 master
2022-01-11 15:45:32.701 [main] INFO  org.quartz.impl.StdSchedulerFactory:1208 - Using default implementation for ThreadExecutor
2022-01-11 15:45:32.704 [main] INFO  org.quartz.simpl.SimpleThreadPool:268 - Job execution threads will use class loader of thread: main
2022-01-11 15:45:32.713 [main] INFO  org.quartz.core.SchedulerSignalerImpl:61 - Initialized Scheduler Signaller of type: class org.quartz.core.SchedulerSignalerImpl
2022-01-11 15:45:32.713 [main] INFO  org.quartz.core.QuartzScheduler:229 - Quartz Scheduler v.2.3.0 created.
2022-01-11 15:45:32.717 [main] INFO  o.s.scheduling.quartz.LocalDataSourceJobStore:672 - Using db table-based data access locking (synchronization).
2022-01-11 15:45:32.719 [main] INFO  o.s.scheduling.quartz.LocalDataSourceJobStore:145 - JobStoreCMT initialized.
2022-01-11 15:45:32.720 [main] INFO  org.quartz.core.QuartzScheduler:294 - Scheduler meta-data: Quartz Scheduler (v2.3.0) 'MyScheduler' with instanceId 'helloWorld1641887132703'
  Scheduler class: 'org.quartz.core.QuartzScheduler' - running locally.
  NOT STARTED.
  Currently in standby mode.
  Number of jobs executed: 0
  Using thread pool 'org.quartz.simpl.SimpleThreadPool' - with 10 threads.
  Using job-store 'org.springframework.scheduling.quartz.LocalDataSourceJobStore' - which supports persistence. and is clustered.

2022-01-11 15:45:32.720 [main] INFO  org.quartz.impl.StdSchedulerFactory:1362 - Quartz scheduler 'MyScheduler' initialized from an externally provided properties instance.
2022-01-11 15:45:32.720 [main] INFO  org.quartz.impl.StdSchedulerFactory:1366 - Quartz scheduler version: 2.3.0
2022-01-11 15:45:32.720 [main] INFO  org.quartz.core.QuartzScheduler:2287 - JobFactory set to: org.springframework.scheduling.quartz.SpringBeanJobFactory@7845ee8a
2022-01-11 15:45:34.618 [main] INFO  o.s.b.actuate.endpoint.web.EndpointLinksResolver:59 - Exposing 2 endpoint(s) beneath base path '/actuator'
2022-01-11 15:45:34.774 [main] INFO  s.d.s.w.PropertySourcedRequestMappingHandlerMapping:69 - Mapped URL path [/v2/api-docs] onto method [public org.springframework.http.ResponseEntity<springfox.documentation.spring.web.json.Json> springfox.documentation.swagger2.web.Swagger2Controller.getDocumentation(java.lang.String,javax.servlet.http.HttpServletRequest)]
2022-01-11 15:45:35.000 [main] INFO  o.s.scheduling.concurrent.ThreadPoolTaskExecutor:171 - Initializing ExecutorService 'applicationTaskExecutor'
2022-01-11 15:45:35.660 [main] INFO  s.d.s.web.plugins.DocumentationPluginsBootstrapper:160 - Context refreshed
2022-01-11 15:45:35.672 [main] INFO  s.d.s.web.plugins.DocumentationPluginsBootstrapper:163 - Found 3 custom documentation plugin(s)
2022-01-11 15:45:35.735 [main] INFO  s.d.spring.web.scanners.ApiListingReferenceScanner:41 - Scanning for api listing references
2022-01-11 15:45:35.885 [main] INFO  s.d.spring.web.scanners.ApiListingReferenceScanner:41 - Scanning for api listing references
2022-01-11 15:45:35.936 [main] INFO  s.d.s.w.r.operation.CachingOperationNameGenerator:40 - Generating unique operation named: addUsingPOST_1
2022-01-11 15:45:35.940 [main] INFO  s.d.s.w.r.operation.CachingOperationNameGenerator:40 - Generating unique operation named: deleteUsingDELETE_1
2022-01-11 15:45:35.942 [main] INFO  s.d.s.w.r.operation.CachingOperationNameGenerator:40 - Generating unique operation named: deleteBatchUsingDELETE_1
2022-01-11 15:45:35.943 [main] INFO  s.d.s.w.r.operation.CachingOperationNameGenerator:40 - Generating unique operation named: editUsingPUT_1
2022-01-11 15:45:35.945 [main] INFO  s.d.s.w.r.operation.CachingOperationNameGenerator:40 - Generating unique operation named: queryByIdUsingGET_1
2022-01-11 15:45:35.949 [main] INFO  s.d.s.w.r.operation.CachingOperationNameGenerator:40 - Generating unique operation named: queryPageListUsingGET_1
2022-01-11 15:45:35.954 [main] INFO  s.d.s.w.r.operation.CachingOperationNameGenerator:40 - Generating unique operation named: addUsingPOST_2
2022-01-11 15:45:35.957 [main] INFO  s.d.s.w.r.operation.CachingOperationNameGenerator:40 - Generating unique operation named: deleteUsingDELETE_2
2022-01-11 15:45:35.959 [main] INFO  s.d.s.w.r.operation.CachingOperationNameGenerator:40 - Generating unique operation named: deleteBatchUsingDELETE_2
2022-01-11 15:45:35.960 [main] INFO  s.d.s.w.r.operation.CachingOperationNameGenerator:40 - Generating unique operation named: editUsingPUT_2
2022-01-11 15:45:35.964 [main] INFO  s.d.s.w.r.operation.CachingOperationNameGenerator:40 - Generating unique operation named: queryByIdUsingGET_2
2022-01-11 15:45:35.967 [main] INFO  s.d.s.w.r.operation.CachingOperationNameGenerator:40 - Generating unique operation named: queryPageListUsingGET_2
2022-01-11 15:45:35.971 [main] INFO  s.d.s.w.r.operation.CachingOperationNameGenerator:40 - Generating unique operation named: addUsingPOST_3
2022-01-11 15:45:35.973 [main] INFO  s.d.s.w.r.operation.CachingOperationNameGenerator:40 - Generating unique operation named: deleteUsingDELETE_3
2022-01-11 15:45:35.974 [main] INFO  s.d.s.w.r.operation.CachingOperationNameGenerator:40 - Generating unique operation named: deleteBatchUsingDELETE_3
2022-01-11 15:45:35.975 [main] INFO  s.d.s.w.r.operation.CachingOperationNameGenerator:40 - Generating unique operation named: editUsingPUT_3
2022-01-11 15:45:35.978 [main] INFO  s.d.s.w.r.operation.CachingOperationNameGenerator:40 - Generating unique operation named: queryByIdUsingGET_3
2022-01-11 15:45:35.981 [main] INFO  s.d.s.w.r.operation.CachingOperationNameGenerator:40 - Generating unique operation named: queryPageListUsingGET_3
2022-01-11 15:45:35.988 [main] INFO  s.d.spring.web.scanners.ApiListingReferenceScanner:41 - Scanning for api listing references
2022-01-11 15:45:36.010 [main] INFO  s.d.s.w.r.operation.CachingOperationNameGenerator:40 - Generating unique operation named: loginUsingPOST_1
2022-01-11 15:45:36.021 [main] INFO  s.d.s.w.r.operation.CachingOperationNameGenerator:40 - Generating unique operation named: addUsingPOST_4
2022-01-11 15:45:36.024 [main] INFO  s.d.s.w.r.operation.CachingOperationNameGenerator:40 - Generating unique operation named: deleteUsingDELETE_4
2022-01-11 15:45:36.025 [main] INFO  s.d.s.w.r.operation.CachingOperationNameGenerator:40 - Generating unique operation named: deleteBatchUsingDELETE_4
2022-01-11 15:45:36.027 [main] INFO  s.d.s.w.r.operation.CachingOperationNameGenerator:40 - Generating unique operation named: editUsingPUT_4
2022-01-11 15:45:36.028 [main] INFO  s.d.s.w.r.operation.CachingOperationNameGenerator:40 - Generating unique operation named: queryByIdUsingGET_4
2022-01-11 15:45:36.031 [main] INFO  s.d.s.w.r.operation.CachingOperationNameGenerator:40 - Generating unique operation named: queryPageListUsingGET_4
2022-01-11 15:45:36.037 [main] INFO  s.d.s.w.r.operation.CachingOperationNameGenerator:40 - Generating unique operation named: addUsingPOST_5
2022-01-11 15:45:36.039 [main] INFO  s.d.s.w.r.operation.CachingOperationNameGenerator:40 - Generating unique operation named: deleteUsingDELETE_5
2022-01-11 15:45:36.040 [main] INFO  s.d.s.w.r.operation.CachingOperationNameGenerator:40 - Generating unique operation named: deleteBatchUsingDELETE_5
2022-01-11 15:45:36.041 [main] INFO  s.d.s.w.r.operation.CachingOperationNameGenerator:40 - Generating unique operation named: editUsingPUT_5
2022-01-11 15:45:36.043 [main] INFO  s.d.s.w.r.operation.CachingOperationNameGenerator:40 - Generating unique operation named: queryByIdUsingGET_5
2022-01-11 15:45:36.046 [main] INFO  s.d.s.w.r.operation.CachingOperationNameGenerator:40 - Generating unique operation named: queryPageListUsingGET_5
2022-01-11 15:45:36.050 [main] INFO  s.d.s.w.r.operation.CachingOperationNameGenerator:40 - Generating unique operation named: addUsingPOST_6
2022-01-11 15:45:36.051 [main] INFO  s.d.s.w.r.operation.CachingOperationNameGenerator:40 - Generating unique operation named: deleteUsingDELETE_6
2022-01-11 15:45:36.052 [main] INFO  s.d.s.w.r.operation.CachingOperationNameGenerator:40 - Generating unique operation named: deleteBatchUsingDELETE_6
2022-01-11 15:45:36.054 [main] INFO  s.d.s.w.r.operation.CachingOperationNameGenerator:40 - Generating unique operation named: editUsingPUT_6
2022-01-11 15:45:36.055 [main] INFO  s.d.s.w.r.operation.CachingOperationNameGenerator:40 - Generating unique operation named: queryByIdUsingGET_6
2022-01-11 15:45:36.058 [main] INFO  s.d.s.w.r.operation.CachingOperationNameGenerator:40 - Generating unique operation named: queryPageListUsingGET_6
2022-01-11 15:45:36.062 [main] INFO  s.d.s.w.r.operation.CachingOperationNameGenerator:40 - Generating unique operation named: addUsingPOST_7
2022-01-11 15:45:36.063 [main] INFO  s.d.s.w.r.operation.CachingOperationNameGenerator:40 - Generating unique operation named: deleteUsingDELETE_7
2022-01-11 15:45:36.065 [main] INFO  s.d.s.w.r.operation.CachingOperationNameGenerator:40 - Generating unique operation named: deleteBatchUsingDELETE_7
2022-01-11 15:45:36.066 [main] INFO  s.d.s.w.r.operation.CachingOperationNameGenerator:40 - Generating unique operation named: editUsingPUT_7
2022-01-11 15:45:36.068 [main] INFO  s.d.s.w.r.operation.CachingOperationNameGenerator:40 - Generating unique operation named: queryByIdUsingGET_7
2022-01-11 15:45:36.071 [main] INFO  s.d.s.w.r.operation.CachingOperationNameGenerator:40 - Generating unique operation named: queryPageListUsingGET_7
2022-01-11 15:45:36.076 [main] INFO  s.d.s.w.r.operation.CachingOperationNameGenerator:40 - Generating unique operation named: addUsingPOST_8
2022-01-11 15:45:36.077 [main] INFO  s.d.s.w.r.operation.CachingOperationNameGenerator:40 - Generating unique operation named: deleteUsingDELETE_8
2022-01-11 15:45:36.078 [main] INFO  s.d.s.w.r.operation.CachingOperationNameGenerator:40 - Generating unique operation named: deleteBatchUsingDELETE_8
2022-01-11 15:45:36.079 [main] INFO  s.d.s.w.r.operation.CachingOperationNameGenerator:40 - Generating unique operation named: editUsingPUT_8
2022-01-11 15:45:36.081 [main] INFO  s.d.s.w.r.operation.CachingOperationNameGenerator:40 - Generating unique operation named: queryByIdUsingGET_8
2022-01-11 15:45:36.084 [main] INFO  s.d.s.w.r.operation.CachingOperationNameGenerator:40 - Generating unique operation named: queryPageListUsingGET_8
2022-01-11 15:45:36.091 [main] INFO  s.d.s.w.r.operation.CachingOperationNameGenerator:40 - Generating unique operation named: addUsingPOST_9
2022-01-11 15:45:36.092 [main] INFO  s.d.s.w.r.operation.CachingOperationNameGenerator:40 - Generating unique operation named: deleteUsingDELETE_9
2022-01-11 15:45:36.093 [main] INFO  s.d.s.w.r.operation.CachingOperationNameGenerator:40 - Generating unique operation named: deleteBatchUsingDELETE_9
2022-01-11 15:45:36.095 [main] INFO  s.d.s.w.r.operation.CachingOperationNameGenerator:40 - Generating unique operation named: editUsingPUT_9
2022-01-11 15:45:36.096 [main] INFO  s.d.s.w.r.operation.CachingOperationNameGenerator:40 - Generating unique operation named: queryByIdUsingGET_9
2022-01-11 15:45:36.104 [main] INFO  s.d.s.w.r.operation.CachingOperationNameGenerator:40 - Generating unique operation named: queryPageListUsingGET_9
2022-01-11 15:45:36.104 [main] INFO  o.s.scheduling.quartz.SchedulerFactoryBean:726 - Starting Quartz Scheduler now
2022-01-11 15:45:36.237 [main] INFO  o.s.scheduling.quartz.LocalDataSourceJobStore:3629 - ClusterManager: detected 1 failed or restarted instances.
2022-01-11 15:45:36.237 [main] INFO  o.s.scheduling.quartz.LocalDataSourceJobStore:3488 - ClusterManager: Scanning for instance "helloWorld1641045768693"'s failed in-progress jobs.
2022-01-11 15:45:36.243 [main] INFO  org.quartz.core.QuartzScheduler:547 - Scheduler MyScheduler_$_helloWorld1641887132703 started.
2022-01-11 15:45:36.255 [main] INFO  org.apache.coyote.http11.Http11NioProtocol:173 - Starting ProtocolHandler ["http-nio-8080"]
2022-01-11 15:45:36.277 [main] INFO  o.s.boot.web.embedded.tomcat.TomcatWebServer:204 - Tomcat started on port(s): 8080 (http) with context path '/jeecg-boot'
2022-01-11 15:45:36.280 [main] INFO  org.jeecg.JeecgApplication:59 - Started JeecgApplication in 10.626 seconds (JVM running for 11.751)
2022-01-11 15:45:36.292 [main] INFO  org.jeecg.JeecgApplication:29 - 
----------------------------------------------------------
	Application Jeecg-Boot is running! Access URLs:
	Local: 		http://localhost:8080/jeecg-boot/
	External: 	http://192.168.153.1:8080/jeecg-boot/
	Swagger-UI: 		http://192.168.153.1:8080/jeecg-boot/doc.html
----------------------------------------------------------
2022-01-11 15:45:36.757 [RMI TCP Connection(5)-192.168.153.1] INFO  io.lettuce.core.EpollProvider:68 - Starting without optional epoll library
2022-01-11 15:45:36.759 [RMI TCP Connection(5)-192.168.153.1] INFO  io.lettuce.core.KqueueProvider:70 - Starting without optional kqueue library
2022-01-11 15:45:37.900 [RMI TCP Connection(7)-192.168.153.1] INFO  o.a.c.c.C.[Tomcat].[localhost].[/jeecg-boot]:173 - Initializing Spring DispatcherServlet 'dispatcherServlet'
2022-01-11 15:45:37.900 [RMI TCP Connection(7)-192.168.153.1] INFO  org.springframework.web.servlet.DispatcherServlet:524 - Initializing Servlet 'dispatcherServlet'
2022-01-11 15:45:37.913 [RMI TCP Connection(7)-192.168.153.1] INFO  org.springframework.web.servlet.DispatcherServlet:546 - Completed initialization in 13 ms
2022-01-11 15:47:27.982 [http-nio-8080-exec-7] DEBUG o.jeecg.modules.system.mapper.SysLogMapper.insert:143 - ==>  Preparing: INSERT INTO sys_log ( id, create_time, cost_time, ip, request_param, method, log_content, log_type, operate_type ) VALUES ( ?, ?, ?, ?, ?, ?, ?, ?, ? ) 
2022-01-11 15:47:27.982 [http-nio-8080-exec-3] DEBUG o.jeecg.modules.system.mapper.SysLogMapper.insert:143 - ==>  Preparing: INSERT INTO sys_log ( id, create_time, cost_time, ip, request_param, method, log_content, log_type, operate_type ) VALUES ( ?, ?, ?, ?, ?, ?, ?, ?, ? ) 
2022-01-11 15:47:27.991 [http-nio-8080-exec-3] DEBUG o.jeecg.modules.system.mapper.SysLogMapper.insert:143 - ==> Parameters: 1480808562199474178(String), 2022-01-11 15:47:27.613(Timestamp), 127(Long), 192.168.153.1(String),   cate: 0  pageNo: 1  pageSize: 2(String), org.jeecg.modules.readhappy.article.controller.ArticleController.artListByCate()(String), article-根据文章类别查询列表(String), 2(Integer), 1(Integer)
2022-01-11 15:47:27.991 [http-nio-8080-exec-7] DEBUG o.jeecg.modules.system.mapper.SysLogMapper.insert:143 - ==> Parameters: 1480808562199474177(String), 2022-01-11 15:47:27.548(Timestamp), 82(Long), 192.168.153.1(String),   pid: 0(String), org.jeecg.modules.readhappy.categories.controller.CategoriesController.cateType()(String), categories-查询文章分类(String), 2(Integer), 1(Integer)
2022-01-11 15:47:27.996 [http-nio-8080-exec-3] DEBUG o.jeecg.modules.system.mapper.SysLogMapper.insert:143 - <==    Updates: 1
2022-01-11 15:47:27.996 [http-nio-8080-exec-7] DEBUG o.jeecg.modules.system.mapper.SysLogMapper.insert:143 - <==    Updates: 1
2022-01-11 15:47:56.470 [http-nio-8080-exec-4] DEBUG o.jeecg.modules.system.mapper.SysLogMapper.insert:143 - ==>  Preparing: INSERT INTO sys_log ( id, create_time, cost_time, ip, request_param, method, log_content, log_type, operate_type ) VALUES ( ?, ?, ?, ?, ?, ?, ?, ?, ? ) 
2022-01-11 15:47:56.471 [http-nio-8080-exec-4] DEBUG o.jeecg.modules.system.mapper.SysLogMapper.insert:143 - ==> Parameters: 1480808681703583746(String), 2022-01-11 15:47:56.469(Timestamp), 9(Long), 192.168.153.1(String),   artid: 59(String), org.jeecg.modules.readhappy.article.controller.ArticleController.artInfo()(String), article-根据文章id获取文章信息(String), 2(Integer), 1(Integer)
2022-01-11 15:47:56.472 [http-nio-8080-exec-4] DEBUG o.jeecg.modules.system.mapper.SysLogMapper.insert:143 - <==    Updates: 1
2022-01-11 15:47:58.391 [http-nio-8080-exec-9] DEBUG o.jeecg.modules.system.mapper.SysLogMapper.insert:143 - ==>  Preparing: INSERT INTO sys_log ( id, create_time, cost_time, ip, request_param, method, log_content, log_type, operate_type ) VALUES ( ?, ?, ?, ?, ?, ?, ?, ?, ? ) 
2022-01-11 15:47:58.392 [http-nio-8080-exec-9] DEBUG o.jeecg.modules.system.mapper.SysLogMapper.insert:143 - ==> Parameters: 1480808689760841730(String), 2022-01-11 15:47:58.39(Timestamp), 9(Long), 192.168.153.1(String),   cate: 1  pageNo: 1  pageSize: 2(String), org.jeecg.modules.readhappy.article.controller.ArticleController.artListByCate()(String), article-根据文章类别查询列表(String), 2(Integer), 1(Integer)
2022-01-11 15:47:58.394 [http-nio-8080-exec-9] DEBUG o.jeecg.modules.system.mapper.SysLogMapper.insert:143 - <==    Updates: 1
2022-01-11 15:47:59.521 [http-nio-8080-exec-1] DEBUG o.jeecg.modules.system.mapper.SysLogMapper.insert:143 - ==>  Preparing: INSERT INTO sys_log ( id, create_time, cost_time, ip, request_param, method, log_content, log_type, operate_type ) VALUES ( ?, ?, ?, ?, ?, ?, ?, ?, ? ) 
2022-01-11 15:47:59.522 [http-nio-8080-exec-1] DEBUG o.jeecg.modules.system.mapper.SysLogMapper.insert:143 - ==> Parameters: 1480808694496210946(String), 2022-01-11 15:47:59.52(Timestamp), 3(Long), 192.168.153.1(String),   artid: 57(String), org.jeecg.modules.readhappy.article.controller.ArticleController.artInfo()(String), article-根据文章id获取文章信息(String), 2(Integer), 1(Integer)
2022-01-11 15:47:59.523 [http-nio-8080-exec-1] DEBUG o.jeecg.modules.system.mapper.SysLogMapper.insert:143 - <==    Updates: 1
2022-01-11 21:58:18.751 [main] INFO  org.jeecg.JeecgApplication:50 - Starting JeecgApplication on helloWorld with PID 21996 (started by helloWorld in D:\Project\JetBrains\IntelliJ IDEA\jeecg-boot-master\jeecg-boot-parent)
2022-01-11 21:58:18.751 [main] INFO  org.jeecg.JeecgApplication:679 - The following profiles are active: dev
2022-01-11 21:58:20.734 [main] INFO  o.s.d.r.config.RepositoryConfigurationDelegate:244 - Multiple Spring Data modules found, entering strict repository configuration mode!
2022-01-11 21:58:20.734 [main] INFO  o.s.d.r.config.RepositoryConfigurationDelegate:126 - Bootstrapping Spring Data repositories in DEFAULT mode.
2022-01-11 21:58:20.828 [main] INFO  o.s.d.r.config.RepositoryConfigurationDelegate:182 - Finished Spring Data repository scanning in 78ms. Found 0 repository interfaces.
2022-01-11 21:58:21.156 [main] INFO  o.s.c.s.PostProcessorRegistrationDelegate$BeanPostProcessorChecker:330 - Bean 'shiroConfig' of type [org.jeecg.config.ShiroConfig$$EnhancerBySpringCGLIB$$2d10d3ff] is not eligible for getting processed by all BeanPostProcessors (for example: not eligible for auto-proxying)
2022-01-11 21:58:21.312 [main] INFO  o.s.c.s.PostProcessorRegistrationDelegate$BeanPostProcessorChecker:330 - Bean 'shiroRealm' of type [org.jeecg.modules.shiro.authc.ShiroRealm] is not eligible for getting processed by all BeanPostProcessors (for example: not eligible for auto-proxying)
2022-01-11 21:58:21.823 [main] INFO  org.jeecg.config.ShiroConfig:207 - ===============(1)创建缓存管理器RedisCacheManager
2022-01-11 21:58:21.823 [main] INFO  org.jeecg.config.ShiroConfig:225 - ===============(2)创建RedisManager,连接Redis..URL= 127.0.0.1:6379
2022-01-11 21:58:21.823 [main] INFO  o.s.c.s.PostProcessorRegistrationDelegate$BeanPostProcessorChecker:330 - Bean 'redisManager' of type [org.crazycake.shiro.RedisManager] is not eligible for getting processed by all BeanPostProcessors (for example: not eligible for auto-proxying)
2022-01-11 21:58:21.823 [main] INFO  o.s.c.s.PostProcessorRegistrationDelegate$BeanPostProcessorChecker:330 - Bean 'securityManager' of type [org.apache.shiro.web.mgt.DefaultWebSecurityManager] is not eligible for getting processed by all BeanPostProcessors (for example: not eligible for auto-proxying)
2022-01-11 21:58:21.855 [main] INFO  o.s.c.s.PostProcessorRegistrationDelegate$BeanPostProcessorChecker:330 - Bean 'authorizationAttributeSourceAdvisor' of type [org.apache.shiro.spring.security.interceptor.AuthorizationAttributeSourceAdvisor] is not eligible for getting processed by all BeanPostProcessors (for example: not eligible for auto-proxying)
2022-01-11 21:58:21.901 [main] INFO  o.s.c.s.PostProcessorRegistrationDelegate$BeanPostProcessorChecker:330 - Bean 'org.springframework.transaction.annotation.ProxyTransactionManagementConfiguration' of type [org.springframework.transaction.annotation.ProxyTransactionManagementConfiguration$$EnhancerBySpringCGLIB$$d0b6a69] is not eligible for getting processed by all BeanPostProcessors (for example: not eligible for auto-proxying)
2022-01-11 21:58:22.042 [main] INFO  o.s.c.s.PostProcessorRegistrationDelegate$BeanPostProcessorChecker:330 - Bean 'spring.datasource.dynamic-com.baomidou.dynamic.datasource.spring.boot.autoconfigure.DynamicDataSourceProperties' of type [com.baomidou.dynamic.datasource.spring.boot.autoconfigure.DynamicDataSourceProperties] is not eligible for getting processed by all BeanPostProcessors (for example: not eligible for auto-proxying)
2022-01-11 21:58:22.042 [main] INFO  o.s.c.s.PostProcessorRegistrationDelegate$BeanPostProcessorChecker:330 - Bean 'com.baomidou.dynamic.datasource.spring.boot.autoconfigure.DynamicDataSourceAutoConfiguration' of type [com.baomidou.dynamic.datasource.spring.boot.autoconfigure.DynamicDataSourceAutoConfiguration$$EnhancerBySpringCGLIB$$7699db3a] is not eligible for getting processed by all BeanPostProcessors (for example: not eligible for auto-proxying)
2022-01-11 21:58:22.042 [main] INFO  o.s.c.s.PostProcessorRegistrationDelegate$BeanPostProcessorChecker:330 - Bean 'dsProcessor' of type [com.baomidou.dynamic.datasource.processor.DsHeaderProcessor] is not eligible for getting processed by all BeanPostProcessors (for example: not eligible for auto-proxying)
2022-01-11 21:58:22.058 [main] INFO  o.s.c.s.PostProcessorRegistrationDelegate$BeanPostProcessorChecker:330 - Bean 'dynamicDatasourceAnnotationAdvisor' of type [com.baomidou.dynamic.datasource.aop.DynamicDataSourceAnnotationAdvisor] is not eligible for getting processed by all BeanPostProcessors (for example: not eligible for auto-proxying)
2022-01-11 21:58:22.073 [main] INFO  o.s.c.s.PostProcessorRegistrationDelegate$BeanPostProcessorChecker:330 - Bean 'spring.redis-org.springframework.boot.autoconfigure.data.redis.RedisProperties' of type [org.springframework.boot.autoconfigure.data.redis.RedisProperties] is not eligible for getting processed by all BeanPostProcessors (for example: not eligible for auto-proxying)
2022-01-11 21:58:22.073 [main] INFO  o.s.c.s.PostProcessorRegistrationDelegate$BeanPostProcessorChecker:330 - Bean 'org.springframework.boot.autoconfigure.data.redis.LettuceConnectionConfiguration' of type [org.springframework.boot.autoconfigure.data.redis.LettuceConnectionConfiguration$$EnhancerBySpringCGLIB$$222528b3] is not eligible for getting processed by all BeanPostProcessors (for example: not eligible for auto-proxying)
2022-01-11 21:58:22.167 [main] INFO  o.s.c.s.PostProcessorRegistrationDelegate$BeanPostProcessorChecker:330 - Bean 'lettuceClientResources' of type [io.lettuce.core.resource.DefaultClientResources] is not eligible for getting processed by all BeanPostProcessors (for example: not eligible for auto-proxying)
2022-01-11 21:58:22.245 [main] INFO  o.s.c.s.PostProcessorRegistrationDelegate$BeanPostProcessorChecker:330 - Bean 'redisConnectionFactory' of type [org.springframework.data.redis.connection.lettuce.LettuceConnectionFactory] is not eligible for getting processed by all BeanPostProcessors (for example: not eligible for auto-proxying)
2022-01-11 21:58:22.261 [main] INFO  o.s.c.s.PostProcessorRegistrationDelegate$BeanPostProcessorChecker:330 - Bean 'redisConfig' of type [org.jeecg.config.RedisConfig$$EnhancerBySpringCGLIB$$77df5b49] is not eligible for getting processed by all BeanPostProcessors (for example: not eligible for auto-proxying)
2022-01-11 21:58:22.277 [main] INFO  o.s.c.s.PostProcessorRegistrationDelegate$BeanPostProcessorChecker:330 - Bean 'org.apache.shiro.spring.boot.autoconfigure.ShiroBeanAutoConfiguration' of type [org.apache.shiro.spring.boot.autoconfigure.ShiroBeanAutoConfiguration$$EnhancerBySpringCGLIB$$20244819] is not eligible for getting processed by all BeanPostProcessors (for example: not eligible for auto-proxying)
2022-01-11 21:58:22.277 [main] INFO  o.s.c.s.PostProcessorRegistrationDelegate$BeanPostProcessorChecker:330 - Bean 'eventBus' of type [org.apache.shiro.event.support.DefaultEventBus] is not eligible for getting processed by all BeanPostProcessors (for example: not eligible for auto-proxying)
2022-01-11 21:58:22.605 [main] INFO  o.s.boot.web.embedded.tomcat.TomcatWebServer:90 - Tomcat initialized with port(s): 8080 (http)
2022-01-11 21:58:22.620 [main] INFO  org.apache.coyote.http11.Http11NioProtocol:173 - Initializing ProtocolHandler ["http-nio-8080"]
2022-01-11 21:58:22.620 [main] INFO  org.apache.catalina.core.StandardService:173 - Starting service [Tomcat]
2022-01-11 21:58:22.620 [main] INFO  org.apache.catalina.core.StandardEngine:173 - Starting Servlet engine: [Apache Tomcat/9.0.16]
2022-01-11 21:58:22.620 [main] INFO  org.apache.catalina.core.AprLifecycleListener:173 - Loaded APR based Apache Tomcat Native library [1.2.25] using APR version [1.7.0].
2022-01-11 21:58:22.620 [main] INFO  org.apache.catalina.core.AprLifecycleListener:173 - APR capabilities: IPv6 [true], sendfile [true], accept filters [false], random [true].
2022-01-11 21:58:22.620 [main] INFO  org.apache.catalina.core.AprLifecycleListener:173 - APR/OpenSSL configuration: useAprConnector [false], useOpenSSL [true]
2022-01-11 21:58:22.636 [main] INFO  org.apache.catalina.core.AprLifecycleListener:173 - OpenSSL successfully initialized [OpenSSL 1.1.1g  21 Apr 2020]
2022-01-11 21:58:22.792 [main] INFO  o.a.c.c.C.[Tomcat].[localhost].[/jeecg-boot]:173 - Initializing Spring embedded WebApplicationContext
2022-01-11 21:58:22.808 [main] INFO  org.springframework.web.context.ContextLoader:296 - Root WebApplicationContext: initialization completed in 3979 ms
2022-01-11 21:58:23.058 [main] INFO  c.b.dynamic.datasource.DynamicDataSourceCreator:113 - 动态数据源-检测到druid存在,如配置中未指定type,druid会默认配置
2022-01-11 21:58:23.292 [main] INFO  com.alibaba.druid.pool.DruidDataSource:1003 - {dataSource-1,master} inited
2022-01-11 21:58:23.292 [main] INFO  c.b.dynamic.datasource.DynamicRoutingDataSource:203 - 初始共加载 1 个数据源
2022-01-11 21:58:23.292 [main] INFO  c.b.dynamic.datasource.DynamicRoutingDataSource:142 - 动态数据源-加载 master 成功
2022-01-11 21:58:23.292 [main] INFO  c.b.dynamic.datasource.DynamicRoutingDataSource:212 - 当前的默认数据源是单数据源，数据源名为 master
2022-01-11 21:58:25.799 [main] INFO  org.quartz.impl.StdSchedulerFactory:1208 - Using default implementation for ThreadExecutor
2022-01-11 21:58:25.799 [main] INFO  org.quartz.simpl.SimpleThreadPool:268 - Job execution threads will use class loader of thread: main
2022-01-11 21:58:25.815 [main] INFO  org.quartz.core.SchedulerSignalerImpl:61 - Initialized Scheduler Signaller of type: class org.quartz.core.SchedulerSignalerImpl
2022-01-11 21:58:25.815 [main] INFO  org.quartz.core.QuartzScheduler:229 - Quartz Scheduler v.2.3.0 created.
2022-01-11 21:58:25.815 [main] INFO  o.s.scheduling.quartz.LocalDataSourceJobStore:672 - Using db table-based data access locking (synchronization).
2022-01-11 21:58:25.815 [main] INFO  o.s.scheduling.quartz.LocalDataSourceJobStore:145 - JobStoreCMT initialized.
2022-01-11 21:58:25.815 [main] INFO  org.quartz.core.QuartzScheduler:294 - Scheduler meta-data: Quartz Scheduler (v2.3.0) 'MyScheduler' with instanceId 'helloWorld1641909505799'
  Scheduler class: 'org.quartz.core.QuartzScheduler' - running locally.
  NOT STARTED.
  Currently in standby mode.
  Number of jobs executed: 0
  Using thread pool 'org.quartz.simpl.SimpleThreadPool' - with 10 threads.
  Using job-store 'org.springframework.scheduling.quartz.LocalDataSourceJobStore' - which supports persistence. and is clustered.

2022-01-11 21:58:25.815 [main] INFO  org.quartz.impl.StdSchedulerFactory:1362 - Quartz scheduler 'MyScheduler' initialized from an externally provided properties instance.
2022-01-11 21:58:25.815 [main] INFO  org.quartz.impl.StdSchedulerFactory:1366 - Quartz scheduler version: 2.3.0
2022-01-11 21:58:25.815 [main] INFO  org.quartz.core.QuartzScheduler:2287 - JobFactory set to: org.springframework.scheduling.quartz.SpringBeanJobFactory@e4ef4c0
2022-01-11 21:58:27.721 [main] INFO  o.s.b.actuate.endpoint.web.EndpointLinksResolver:59 - Exposing 2 endpoint(s) beneath base path '/actuator'
2022-01-11 21:58:27.893 [main] INFO  s.d.s.w.PropertySourcedRequestMappingHandlerMapping:69 - Mapped URL path [/v2/api-docs] onto method [public org.springframework.http.ResponseEntity<springfox.documentation.spring.web.json.Json> springfox.documentation.swagger2.web.Swagger2Controller.getDocumentation(java.lang.String,javax.servlet.http.HttpServletRequest)]
2022-01-11 21:58:28.127 [main] INFO  o.s.scheduling.concurrent.ThreadPoolTaskExecutor:171 - Initializing ExecutorService 'applicationTaskExecutor'
2022-01-11 21:58:28.809 [main] INFO  s.d.s.web.plugins.DocumentationPluginsBootstrapper:160 - Context refreshed
2022-01-11 21:58:28.823 [main] INFO  s.d.s.web.plugins.DocumentationPluginsBootstrapper:163 - Found 3 custom documentation plugin(s)
2022-01-11 21:58:28.883 [main] INFO  s.d.spring.web.scanners.ApiListingReferenceScanner:41 - Scanning for api listing references
2022-01-11 21:58:29.008 [main] INFO  s.d.spring.web.scanners.ApiListingReferenceScanner:41 - Scanning for api listing references
2022-01-11 21:58:29.040 [main] INFO  s.d.s.w.r.operation.CachingOperationNameGenerator:40 - Generating unique operation named: addUsingPOST_1
2022-01-11 21:58:29.055 [main] INFO  s.d.s.w.r.operation.CachingOperationNameGenerator:40 - Generating unique operation named: deleteUsingDELETE_1
2022-01-11 21:58:29.055 [main] INFO  s.d.s.w.r.operation.CachingOperationNameGenerator:40 - Generating unique operation named: deleteBatchUsingDELETE_1
2022-01-11 21:58:29.055 [main] INFO  s.d.s.w.r.operation.CachingOperationNameGenerator:40 - Generating unique operation named: editUsingPUT_1
2022-01-11 21:58:29.055 [main] INFO  s.d.s.w.r.operation.CachingOperationNameGenerator:40 - Generating unique operation named: queryByIdUsingGET_1
2022-01-11 21:58:29.055 [main] INFO  s.d.s.w.r.operation.CachingOperationNameGenerator:40 - Generating unique operation named: queryPageListUsingGET_1
2022-01-11 21:58:29.055 [main] INFO  s.d.s.w.r.operation.CachingOperationNameGenerator:40 - Generating unique operation named: addUsingPOST_2
2022-01-11 21:58:29.055 [main] INFO  s.d.s.w.r.operation.CachingOperationNameGenerator:40 - Generating unique operation named: deleteUsingDELETE_2
2022-01-11 21:58:29.071 [main] INFO  s.d.s.w.r.operation.CachingOperationNameGenerator:40 - Generating unique operation named: deleteBatchUsingDELETE_2
2022-01-11 21:58:29.071 [main] INFO  s.d.s.w.r.operation.CachingOperationNameGenerator:40 - Generating unique operation named: editUsingPUT_2
2022-01-11 21:58:29.071 [main] INFO  s.d.s.w.r.operation.CachingOperationNameGenerator:40 - Generating unique operation named: queryByIdUsingGET_2
2022-01-11 21:58:29.071 [main] INFO  s.d.s.w.r.operation.CachingOperationNameGenerator:40 - Generating unique operation named: queryPageListUsingGET_2
2022-01-11 21:58:29.071 [main] INFO  s.d.s.w.r.operation.CachingOperationNameGenerator:40 - Generating unique operation named: addUsingPOST_3
2022-01-11 21:58:29.071 [main] INFO  s.d.s.w.r.operation.CachingOperationNameGenerator:40 - Generating unique operation named: deleteUsingDELETE_3
2022-01-11 21:58:29.071 [main] INFO  s.d.s.w.r.operation.CachingOperationNameGenerator:40 - Generating unique operation named: deleteBatchUsingDELETE_3
2022-01-11 21:58:29.071 [main] INFO  s.d.s.w.r.operation.CachingOperationNameGenerator:40 - Generating unique operation named: editUsingPUT_3
2022-01-11 21:58:29.087 [main] INFO  s.d.s.w.r.operation.CachingOperationNameGenerator:40 - Generating unique operation named: queryByIdUsingGET_3
2022-01-11 21:58:29.087 [main] INFO  s.d.s.w.r.operation.CachingOperationNameGenerator:40 - Generating unique operation named: queryPageListUsingGET_3
2022-01-11 21:58:29.087 [main] INFO  s.d.spring.web.scanners.ApiListingReferenceScanner:41 - Scanning for api listing references
2022-01-11 21:58:29.102 [main] INFO  s.d.s.w.r.operation.CachingOperationNameGenerator:40 - Generating unique operation named: loginUsingPOST_1
2022-01-11 21:58:29.118 [main] INFO  s.d.s.w.r.operation.CachingOperationNameGenerator:40 - Generating unique operation named: addUsingPOST_4
2022-01-11 21:58:29.118 [main] INFO  s.d.s.w.r.operation.CachingOperationNameGenerator:40 - Generating unique operation named: deleteUsingDELETE_4
2022-01-11 21:58:29.118 [main] INFO  s.d.s.w.r.operation.CachingOperationNameGenerator:40 - Generating unique operation named: deleteBatchUsingDELETE_4
2022-01-11 21:58:29.118 [main] INFO  s.d.s.w.r.operation.CachingOperationNameGenerator:40 - Generating unique operation named: editUsingPUT_4
2022-01-11 21:58:29.118 [main] INFO  s.d.s.w.r.operation.CachingOperationNameGenerator:40 - Generating unique operation named: queryByIdUsingGET_4
2022-01-11 21:58:29.133 [main] INFO  s.d.s.w.r.operation.CachingOperationNameGenerator:40 - Generating unique operation named: queryPageListUsingGET_4
2022-01-11 21:58:29.133 [main] INFO  s.d.s.w.r.operation.CachingOperationNameGenerator:40 - Generating unique operation named: addUsingPOST_5
2022-01-11 21:58:29.133 [main] INFO  s.d.s.w.r.operation.CachingOperationNameGenerator:40 - Generating unique operation named: deleteUsingDELETE_5
2022-01-11 21:58:29.133 [main] INFO  s.d.s.w.r.operation.CachingOperationNameGenerator:40 - Generating unique operation named: deleteBatchUsingDELETE_5
2022-01-11 21:58:29.133 [main] INFO  s.d.s.w.r.operation.CachingOperationNameGenerator:40 - Generating unique operation named: editUsingPUT_5
2022-01-11 21:58:29.133 [main] INFO  s.d.s.w.r.operation.CachingOperationNameGenerator:40 - Generating unique operation named: queryByIdUsingGET_5
2022-01-11 21:58:29.133 [main] INFO  s.d.s.w.r.operation.CachingOperationNameGenerator:40 - Generating unique operation named: queryPageListUsingGET_5
2022-01-11 21:58:29.149 [main] INFO  s.d.s.w.r.operation.CachingOperationNameGenerator:40 - Generating unique operation named: addUsingPOST_6
2022-01-11 21:58:29.149 [main] INFO  s.d.s.w.r.operation.CachingOperationNameGenerator:40 - Generating unique operation named: deleteUsingDELETE_6
2022-01-11 21:58:29.149 [main] INFO  s.d.s.w.r.operation.CachingOperationNameGenerator:40 - Generating unique operation named: deleteBatchUsingDELETE_6
2022-01-11 21:58:29.149 [main] INFO  s.d.s.w.r.operation.CachingOperationNameGenerator:40 - Generating unique operation named: editUsingPUT_6
2022-01-11 21:58:29.149 [main] INFO  s.d.s.w.r.operation.CachingOperationNameGenerator:40 - Generating unique operation named: queryByIdUsingGET_6
2022-01-11 21:58:29.149 [main] INFO  s.d.s.w.r.operation.CachingOperationNameGenerator:40 - Generating unique operation named: queryPageListUsingGET_6
2022-01-11 21:58:29.149 [main] INFO  s.d.s.w.r.operation.CachingOperationNameGenerator:40 - Generating unique operation named: addUsingPOST_7
2022-01-11 21:58:29.149 [main] INFO  s.d.s.w.r.operation.CachingOperationNameGenerator:40 - Generating unique operation named: deleteUsingDELETE_7
2022-01-11 21:58:29.149 [main] INFO  s.d.s.w.r.operation.CachingOperationNameGenerator:40 - Generating unique operation named: deleteBatchUsingDELETE_7
2022-01-11 21:58:29.149 [main] INFO  s.d.s.w.r.operation.CachingOperationNameGenerator:40 - Generating unique operation named: editUsingPUT_7
2022-01-11 21:58:29.165 [main] INFO  s.d.s.w.r.operation.CachingOperationNameGenerator:40 - Generating unique operation named: queryByIdUsingGET_7
2022-01-11 21:58:29.165 [main] INFO  s.d.s.w.r.operation.CachingOperationNameGenerator:40 - Generating unique operation named: queryPageListUsingGET_7
2022-01-11 21:58:29.165 [main] INFO  s.d.s.w.r.operation.CachingOperationNameGenerator:40 - Generating unique operation named: addUsingPOST_8
2022-01-11 21:58:29.165 [main] INFO  s.d.s.w.r.operation.CachingOperationNameGenerator:40 - Generating unique operation named: deleteUsingDELETE_8
2022-01-11 21:58:29.165 [main] INFO  s.d.s.w.r.operation.CachingOperationNameGenerator:40 - Generating unique operation named: deleteBatchUsingDELETE_8
2022-01-11 21:58:29.165 [main] INFO  s.d.s.w.r.operation.CachingOperationNameGenerator:40 - Generating unique operation named: editUsingPUT_8
2022-01-11 21:58:29.165 [main] INFO  s.d.s.w.r.operation.CachingOperationNameGenerator:40 - Generating unique operation named: queryByIdUsingGET_8
2022-01-11 21:58:29.165 [main] INFO  s.d.s.w.r.operation.CachingOperationNameGenerator:40 - Generating unique operation named: queryPageListUsingGET_8
2022-01-11 21:58:29.180 [main] INFO  s.d.s.w.r.operation.CachingOperationNameGenerator:40 - Generating unique operation named: addUsingPOST_9
2022-01-11 21:58:29.180 [main] INFO  s.d.s.w.r.operation.CachingOperationNameGenerator:40 - Generating unique operation named: deleteUsingDELETE_9
2022-01-11 21:58:29.180 [main] INFO  s.d.s.w.r.operation.CachingOperationNameGenerator:40 - Generating unique operation named: deleteBatchUsingDELETE_9
2022-01-11 21:58:29.180 [main] INFO  s.d.s.w.r.operation.CachingOperationNameGenerator:40 - Generating unique operation named: editUsingPUT_9
2022-01-11 21:58:29.180 [main] INFO  s.d.s.w.r.operation.CachingOperationNameGenerator:40 - Generating unique operation named: queryByIdUsingGET_9
2022-01-11 21:58:29.180 [main] INFO  s.d.s.w.r.operation.CachingOperationNameGenerator:40 - Generating unique operation named: queryPageListUsingGET_9
2022-01-11 21:58:29.196 [main] INFO  o.s.scheduling.quartz.SchedulerFactoryBean:726 - Starting Quartz Scheduler now
2022-01-11 21:58:29.305 [main] INFO  o.s.scheduling.quartz.LocalDataSourceJobStore:3629 - ClusterManager: detected 1 failed or restarted instances.
2022-01-11 21:58:29.305 [main] INFO  o.s.scheduling.quartz.LocalDataSourceJobStore:3488 - ClusterManager: Scanning for instance "helloWorld1641887132703"'s failed in-progress jobs.
2022-01-11 21:58:29.322 [main] INFO  org.quartz.core.QuartzScheduler:547 - Scheduler MyScheduler_$_helloWorld1641909505799 started.
2022-01-11 21:58:29.333 [main] INFO  org.apache.coyote.http11.Http11NioProtocol:173 - Starting ProtocolHandler ["http-nio-8080"]
2022-01-11 21:58:29.355 [main] INFO  o.s.boot.web.embedded.tomcat.TomcatWebServer:204 - Tomcat started on port(s): 8080 (http) with context path '/jeecg-boot'
2022-01-11 21:58:29.358 [main] INFO  org.jeecg.JeecgApplication:59 - Started JeecgApplication in 11.301 seconds (JVM running for 12.523)
2022-01-11 21:58:29.370 [main] INFO  org.jeecg.JeecgApplication:29 - 
----------------------------------------------------------
	Application Jeecg-Boot is running! Access URLs:
	Local: 		http://localhost:8080/jeecg-boot/
	External: 	http://192.168.153.1:8080/jeecg-boot/
	Swagger-UI: 		http://192.168.153.1:8080/jeecg-boot/doc.html
----------------------------------------------------------
2022-01-11 21:58:29.958 [RMI TCP Connection(1)-192.168.153.1] INFO  io.lettuce.core.EpollProvider:68 - Starting without optional epoll library
2022-01-11 21:58:29.961 [RMI TCP Connection(1)-192.168.153.1] INFO  io.lettuce.core.KqueueProvider:70 - Starting without optional kqueue library
2022-01-11 21:58:31.246 [RMI TCP Connection(3)-192.168.153.1] INFO  o.a.c.c.C.[Tomcat].[localhost].[/jeecg-boot]:173 - Initializing Spring DispatcherServlet 'dispatcherServlet'
2022-01-11 21:58:31.247 [RMI TCP Connection(3)-192.168.153.1] INFO  org.springframework.web.servlet.DispatcherServlet:524 - Initializing Servlet 'dispatcherServlet'
2022-01-11 21:58:31.262 [RMI TCP Connection(3)-192.168.153.1] INFO  org.springframework.web.servlet.DispatcherServlet:546 - Completed initialization in 14 ms
2022-01-11 21:59:47.698 [http-nio-8080-exec-9] DEBUG o.jeecg.modules.system.mapper.SysLogMapper.insert:143 - ==>  Preparing: INSERT INTO sys_log ( id, create_time, cost_time, ip, request_param, method, log_content, log_type, operate_type ) VALUES ( ?, ?, ?, ?, ?, ?, ?, ?, ? ) 
2022-01-11 21:59:47.698 [http-nio-8080-exec-1] DEBUG o.jeecg.modules.system.mapper.SysLogMapper.insert:143 - ==>  Preparing: INSERT INTO sys_log ( id, create_time, cost_time, ip, request_param, method, log_content, log_type, operate_type ) VALUES ( ?, ?, ?, ?, ?, ?, ?, ?, ? ) 
2022-01-11 21:59:47.708 [http-nio-8080-exec-9] DEBUG o.jeecg.modules.system.mapper.SysLogMapper.insert:143 - ==> Parameters: 1480902261755375618(String), 2022-01-11 21:59:47.317(Timestamp), 171(Long), 192.168.153.1(String),   cate: 0  pageNo: 1  pageSize: 2(String), org.jeecg.modules.readhappy.article.controller.ArticleController.artListByCate()(String), article-根据文章类别查询列表(String), 2(Integer), 1(Integer)
2022-01-11 21:59:47.708 [http-nio-8080-exec-1] DEBUG o.jeecg.modules.system.mapper.SysLogMapper.insert:143 - ==> Parameters: 1480902261755375617(String), 2022-01-11 21:59:47.235(Timestamp), 86(Long), 192.168.153.1(String),   pid: 0(String), org.jeecg.modules.readhappy.categories.controller.CategoriesController.cateType()(String), categories-查询文章分类(String), 2(Integer), 1(Integer)
2022-01-11 21:59:47.710 [http-nio-8080-exec-9] DEBUG o.jeecg.modules.system.mapper.SysLogMapper.insert:143 - <==    Updates: 1
2022-01-11 21:59:47.711 [http-nio-8080-exec-1] DEBUG o.jeecg.modules.system.mapper.SysLogMapper.insert:143 - <==    Updates: 1
2022-01-11 21:59:51.415 [http-nio-8080-exec-7] DEBUG o.jeecg.modules.system.mapper.SysLogMapper.insert:143 - ==>  Preparing: INSERT INTO sys_log ( id, create_time, cost_time, ip, request_param, method, log_content, log_type, operate_type ) VALUES ( ?, ?, ?, ?, ?, ?, ?, ?, ? ) 
2022-01-11 21:59:51.417 [http-nio-8080-exec-7] DEBUG o.jeecg.modules.system.mapper.SysLogMapper.insert:143 - ==> Parameters: 1480902277366575105(String), 2022-01-11 21:59:51.414(Timestamp), 12(Long), 192.168.153.1(String),   cate: 1  pageNo: 1  pageSize: 2(String), org.jeecg.modules.readhappy.article.controller.ArticleController.artListByCate()(String), article-根据文章类别查询列表(String), 2(Integer), 1(Integer)
2022-01-11 21:59:51.418 [http-nio-8080-exec-7] DEBUG o.jeecg.modules.system.mapper.SysLogMapper.insert:143 - <==    Updates: 1
2022-01-11 21:59:52.960 [http-nio-8080-exec-2] DEBUG o.jeecg.modules.system.mapper.SysLogMapper.insert:143 - ==>  Preparing: INSERT INTO sys_log ( id, create_time, cost_time, ip, request_param, method, log_content, log_type, operate_type ) VALUES ( ?, ?, ?, ?, ?, ?, ?, ?, ? ) 
2022-01-11 21:59:52.962 [http-nio-8080-exec-2] DEBUG o.jeecg.modules.system.mapper.SysLogMapper.insert:143 - ==> Parameters: 1480902283838386177(String), 2022-01-11 21:59:52.958(Timestamp), 3(Long), 192.168.153.1(String),   pid: 0(String), org.jeecg.modules.readhappy.categories.controller.CategoriesController.cateType()(String), categories-查询文章分类(String), 2(Integer), 1(Integer)
2022-01-11 21:59:52.965 [http-nio-8080-exec-2] DEBUG o.jeecg.modules.system.mapper.SysLogMapper.insert:143 - <==    Updates: 1
2022-01-11 21:59:52.980 [http-nio-8080-exec-5] DEBUG o.jeecg.modules.system.mapper.SysLogMapper.insert:143 - ==>  Preparing: INSERT INTO sys_log ( id, create_time, cost_time, ip, request_param, method, log_content, log_type, operate_type ) VALUES ( ?, ?, ?, ?, ?, ?, ?, ?, ? ) 
2022-01-11 21:59:52.981 [http-nio-8080-exec-5] DEBUG o.jeecg.modules.system.mapper.SysLogMapper.insert:143 - ==> Parameters: 1480902283926466562(String), 2022-01-11 21:59:52.978(Timestamp), 26(Long), 192.168.153.1(String), (String), org.jeecg.modules.readhappy.token.controller.TokenController.getAccessToken()(String), getAccessToken-获取生成token(String), 2(Integer), 1(Integer)
2022-01-11 21:59:52.983 [http-nio-8080-exec-5] DEBUG o.jeecg.modules.system.mapper.SysLogMapper.insert:143 - <==    Updates: 1
2022-01-11 22:01:21.455 [http-nio-8080-exec-4] DEBUG o.jeecg.modules.system.mapper.SysLogMapper.insert:143 - ==>  Preparing: INSERT INTO sys_log ( id, create_time, cost_time, ip, request_param, method, log_content, log_type, operate_type ) VALUES ( ?, ?, ?, ?, ?, ?, ?, ?, ? ) 
2022-01-11 22:01:21.456 [http-nio-8080-exec-4] DEBUG o.jeecg.modules.system.mapper.SysLogMapper.insert:143 - ==> Parameters: 1480902655017512961(String), 2022-01-11 22:01:21.452(Timestamp), 34(Long), 192.168.153.1(String), ["爱磊磊真是太好啦","[{\"type\":\"image\",\"content\":\"http://192.168.153.1:8080/jeecg-boot/wxb5ff3fefc1044a9f.o6zAJs8MIbAuFApPMLRfFFBnl0NA.Gzgrv3FAOg5f8511af2a670f17b594cc311812b7971e_1641909680313.o6zAJs8MIbAuFApPMLRfFFBnl0NA.Gzgrv3FAOg5f8511af2a670f17b594cc311812b7971e.jpg\"}]",9,3,"d05a7252c59706bec0ec3314937f44a3-402819817e497023017e4970237e0000"](String), org.jeecg.modules.readhappy.article.controller.ArticleController.addArt()(String), article-添加文章(String), 2(Integer), 2(Integer)
2022-01-11 22:01:21.458 [http-nio-8080-exec-4] DEBUG o.jeecg.modules.system.mapper.SysLogMapper.insert:143 - <==    Updates: 1
2022-01-11 22:01:21.492 [http-nio-8080-exec-9] DEBUG o.jeecg.modules.system.mapper.SysLogMapper.insert:143 - ==>  Preparing: INSERT INTO sys_log ( id, create_time, cost_time, ip, request_param, method, log_content, log_type, operate_type ) VALUES ( ?, ?, ?, ?, ?, ?, ?, ?, ? ) 
2022-01-11 22:01:21.494 [http-nio-8080-exec-9] DEBUG o.jeecg.modules.system.mapper.SysLogMapper.insert:143 - ==> Parameters: 1480902655168507906(String), 2022-01-11 22:01:21.491(Timestamp), 2(Long), 192.168.153.1(String), (String), org.jeecg.modules.readhappy.token.controller.TokenController.getAccessToken()(String), getAccessToken-获取生成token(String), 2(Integer), 1(Integer)
2022-01-11 22:01:21.496 [http-nio-8080-exec-9] DEBUG o.jeecg.modules.system.mapper.SysLogMapper.insert:143 - <==    Updates: 1
2022-01-11 22:01:22.832 [http-nio-8080-exec-7] DEBUG o.jeecg.modules.system.mapper.SysLogMapper.insert:143 - ==>  Preparing: INSERT INTO sys_log ( id, create_time, cost_time, ip, request_param, method, log_content, log_type, operate_type ) VALUES ( ?, ?, ?, ?, ?, ?, ?, ?, ? ) 
2022-01-11 22:01:22.834 [http-nio-8080-exec-7] DEBUG o.jeecg.modules.system.mapper.SysLogMapper.insert:143 - ==> Parameters: 1480902660797263873(String), 2022-01-11 22:01:22.829(Timestamp), 12(Long), 192.168.153.1(String),   uid: 9  pageNo: 1  pageSize: 3(String), org.jeecg.modules.readhappy.article.controller.ArticleController.artList()(String), article-分页列表查询(String), 2(Integer), 1(Integer)
2022-01-11 22:01:22.835 [http-nio-8080-exec-1] DEBUG o.jeecg.modules.system.mapper.SysLogMapper.insert:143 - ==>  Preparing: INSERT INTO sys_log ( id, create_time, cost_time, ip, request_param, method, log_content, log_type, operate_type ) VALUES ( ?, ?, ?, ?, ?, ?, ?, ?, ? ) 
2022-01-11 22:01:22.836 [http-nio-8080-exec-1] DEBUG o.jeecg.modules.system.mapper.SysLogMapper.insert:143 - ==> Parameters: 1480902660805652482(String), 2022-01-11 22:01:22.833(Timestamp), 16(Long), 192.168.153.1(String), ["9"](String), org.jeecg.modules.readhappy.member.controller.MemberController.info()(String), member-会员信息统计(String), 2(Integer), 1(Integer)
2022-01-11 22:01:22.836 [http-nio-8080-exec-7] DEBUG o.jeecg.modules.system.mapper.SysLogMapper.insert:143 - <==    Updates: 1
2022-01-11 22:01:22.838 [http-nio-8080-exec-1] DEBUG o.jeecg.modules.system.mapper.SysLogMapper.insert:143 - <==    Updates: 1
2022-01-11 22:01:27.873 [http-nio-8080-exec-2] DEBUG o.jeecg.modules.system.mapper.SysLogMapper.insert:143 - ==>  Preparing: INSERT INTO sys_log ( id, create_time, cost_time, ip, request_param, method, log_content, log_type, operate_type ) VALUES ( ?, ?, ?, ?, ?, ?, ?, ?, ? ) 
2022-01-11 22:01:27.874 [http-nio-8080-exec-2] DEBUG o.jeecg.modules.system.mapper.SysLogMapper.insert:143 - ==> Parameters: 1480902681936556033(String), 2022-01-11 22:01:27.872(Timestamp), 6(Long), 192.168.153.1(String),   cate: 0  pageNo: 1  pageSize: 2(String), org.jeecg.modules.readhappy.article.controller.ArticleController.artListByCate()(String), article-根据文章类别查询列表(String), 2(Integer), 1(Integer)
2022-01-11 22:01:27.876 [http-nio-8080-exec-2] DEBUG o.jeecg.modules.system.mapper.SysLogMapper.insert:143 - <==    Updates: 1
2022-01-11 22:01:36.100 [http-nio-8080-exec-6] DEBUG o.jeecg.modules.system.mapper.SysLogMapper.insert:143 - ==>  Preparing: INSERT INTO sys_log ( id, create_time, cost_time, ip, request_param, method, log_content, log_type, operate_type ) VALUES ( ?, ?, ?, ?, ?, ?, ?, ?, ? ) 
2022-01-11 22:01:36.101 [http-nio-8080-exec-6] DEBUG o.jeecg.modules.system.mapper.SysLogMapper.insert:143 - ==> Parameters: 1480902716443095042(String), 2022-01-11 22:01:36.098(Timestamp), 8(Long), 192.168.153.1(String),   cate: 0  pageNo: 2  pageSize: 2(String), org.jeecg.modules.readhappy.article.controller.ArticleController.artListByCate()(String), article-根据文章类别查询列表(String), 2(Integer), 1(Integer)
2022-01-11 22:01:36.103 [http-nio-8080-exec-6] DEBUG o.jeecg.modules.system.mapper.SysLogMapper.insert:143 - <==    Updates: 1
2022-01-11 22:01:38.776 [http-nio-8080-exec-3] DEBUG o.jeecg.modules.system.mapper.SysLogMapper.insert:143 - ==>  Preparing: INSERT INTO sys_log ( id, create_time, cost_time, ip, request_param, method, log_content, log_type, operate_type ) VALUES ( ?, ?, ?, ?, ?, ?, ?, ?, ? ) 
2022-01-11 22:01:38.777 [http-nio-8080-exec-3] DEBUG o.jeecg.modules.system.mapper.SysLogMapper.insert:143 - ==> Parameters: 1480902727671246849(String), 2022-01-11 22:01:38.775(Timestamp), 4(Long), 192.168.153.1(String),   artid: 62(String), org.jeecg.modules.readhappy.article.controller.ArticleController.artInfo()(String), article-根据文章id获取文章信息(String), 2(Integer), 1(Integer)
2022-01-11 22:01:38.779 [http-nio-8080-exec-3] DEBUG o.jeecg.modules.system.mapper.SysLogMapper.insert:143 - <==    Updates: 1
2022-01-11 22:01:59.584 [http-nio-8080-exec-10] DEBUG o.jeecg.modules.system.mapper.SysLogMapper.insert:143 - ==>  Preparing: INSERT INTO sys_log ( id, create_time, cost_time, ip, request_param, method, log_content, log_type, operate_type ) VALUES ( ?, ?, ?, ?, ?, ?, ?, ?, ? ) 
2022-01-11 22:01:59.586 [http-nio-8080-exec-10] DEBUG o.jeecg.modules.system.mapper.SysLogMapper.insert:143 - ==> Parameters: 1480902814942130177(String), 2022-01-11 22:01:59.583(Timestamp), 4(Long), 192.168.153.1(String),   artid: 62(String), org.jeecg.modules.readhappy.article.controller.ArticleController.artInfo()(String), article-根据文章id获取文章信息(String), 2(Integer), 1(Integer)
2022-01-11 22:01:59.587 [http-nio-8080-exec-10] DEBUG o.jeecg.modules.system.mapper.SysLogMapper.insert:143 - <==    Updates: 1
2022-01-11 22:02:06.705 [http-nio-8080-exec-9] DEBUG o.jeecg.modules.system.mapper.SysLogMapper.insert:143 - ==>  Preparing: INSERT INTO sys_log ( id, create_time, cost_time, ip, request_param, method, log_content, log_type, operate_type ) VALUES ( ?, ?, ?, ?, ?, ?, ?, ?, ? ) 
2022-01-11 22:02:06.706 [http-nio-8080-exec-9] DEBUG o.jeecg.modules.system.mapper.SysLogMapper.insert:143 - ==> Parameters: 1480902844809768962(String), 2022-01-11 22:02:06.704(Timestamp), 9(Long), 192.168.153.1(String),   cate: 2  pageNo: 1  pageSize: 2(String), org.jeecg.modules.readhappy.article.controller.ArticleController.artListByCate()(String), article-根据文章类别查询列表(String), 2(Integer), 1(Integer)
2022-01-11 22:02:06.708 [http-nio-8080-exec-9] DEBUG o.jeecg.modules.system.mapper.SysLogMapper.insert:143 - <==    Updates: 1
2022-01-11 22:02:08.969 [http-nio-8080-exec-7] DEBUG o.jeecg.modules.system.mapper.SysLogMapper.insert:143 - ==>  Preparing: INSERT INTO sys_log ( id, create_time, cost_time, ip, request_param, method, log_content, log_type, operate_type ) VALUES ( ?, ?, ?, ?, ?, ?, ?, ?, ? ) 
2022-01-11 22:02:08.970 [http-nio-8080-exec-7] DEBUG o.jeecg.modules.system.mapper.SysLogMapper.insert:143 - ==> Parameters: 1480902854301478914(String), 2022-01-11 22:02:08.967(Timestamp), 7(Long), 192.168.153.1(String), ["9"](String), org.jeecg.modules.readhappy.member.controller.MemberController.info()(String), member-会员信息统计(String), 2(Integer), 1(Integer)
2022-01-11 22:02:08.972 [http-nio-8080-exec-7] DEBUG o.jeecg.modules.system.mapper.SysLogMapper.insert:143 - <==    Updates: 1
2022-01-11 22:02:14.568 [http-nio-8080-exec-1] DEBUG o.jeecg.modules.system.mapper.SysLogMapper.insert:143 - ==>  Preparing: INSERT INTO sys_log ( id, create_time, cost_time, ip, request_param, method, log_content, log_type, operate_type ) VALUES ( ?, ?, ?, ?, ?, ?, ?, ?, ? ) 
2022-01-11 22:02:14.570 [http-nio-8080-exec-1] DEBUG o.jeecg.modules.system.mapper.SysLogMapper.insert:143 - ==> Parameters: 1480902877785387009(String), 2022-01-11 22:02:14.567(Timestamp), 3(Long), 192.168.153.1(String),   pid: 0(String), org.jeecg.modules.readhappy.categories.controller.CategoriesController.cateType()(String), categories-查询文章分类(String), 2(Integer), 1(Integer)
2022-01-11 22:02:14.572 [http-nio-8080-exec-1] DEBUG o.jeecg.modules.system.mapper.SysLogMapper.insert:143 - <==    Updates: 1
2022-01-11 22:02:14.591 [http-nio-8080-exec-2] DEBUG o.jeecg.modules.system.mapper.SysLogMapper.insert:143 - ==>  Preparing: INSERT INTO sys_log ( id, create_time, cost_time, ip, request_param, method, log_content, log_type, operate_type ) VALUES ( ?, ?, ?, ?, ?, ?, ?, ?, ? ) 
2022-01-11 22:02:14.592 [http-nio-8080-exec-2] DEBUG o.jeecg.modules.system.mapper.SysLogMapper.insert:143 - ==> Parameters: 1480902877886050305(String), 2022-01-11 22:02:14.589(Timestamp), 8(Long), 192.168.153.1(String),   cate: 0  pageNo: 1  pageSize: 2(String), org.jeecg.modules.readhappy.article.controller.ArticleController.artListByCate()(String), article-根据文章类别查询列表(String), 2(Integer), 1(Integer)
2022-01-11 22:02:14.594 [http-nio-8080-exec-2] DEBUG o.jeecg.modules.system.mapper.SysLogMapper.insert:143 - <==    Updates: 1
2022-01-11 22:02:16.888 [http-nio-8080-exec-6] DEBUG o.jeecg.modules.system.mapper.SysLogMapper.insert:143 - ==>  Preparing: INSERT INTO sys_log ( id, create_time, cost_time, ip, request_param, method, log_content, log_type, operate_type ) VALUES ( ?, ?, ?, ?, ?, ?, ?, ?, ? ) 
2022-01-11 22:02:16.889 [http-nio-8080-exec-6] DEBUG o.jeecg.modules.system.mapper.SysLogMapper.insert:143 - ==> Parameters: 1480902887524560898(String), 2022-01-11 22:02:16.888(Timestamp), 4(Long), 192.168.153.1(String), ["9"](String), org.jeecg.modules.readhappy.member.controller.MemberController.info()(String), member-会员信息统计(String), 2(Integer), 1(Integer)
2022-01-11 22:02:16.891 [http-nio-8080-exec-6] DEBUG o.jeecg.modules.system.mapper.SysLogMapper.insert:143 - <==    Updates: 1
2022-01-11 22:02:16.893 [http-nio-8080-exec-3] DEBUG o.jeecg.modules.system.mapper.SysLogMapper.insert:143 - ==>  Preparing: INSERT INTO sys_log ( id, create_time, cost_time, ip, request_param, method, log_content, log_type, operate_type ) VALUES ( ?, ?, ?, ?, ?, ?, ?, ?, ? ) 
2022-01-11 22:02:16.894 [http-nio-8080-exec-3] DEBUG o.jeecg.modules.system.mapper.SysLogMapper.insert:143 - ==> Parameters: 1480902887541338114(String), 2022-01-11 22:02:16.892(Timestamp), 8(Long), 192.168.153.1(String),   uid: 9  pageNo: 1  pageSize: 3(String), org.jeecg.modules.readhappy.article.controller.ArticleController.artList()(String), article-分页列表查询(String), 2(Integer), 1(Integer)
2022-01-11 22:02:16.896 [http-nio-8080-exec-3] DEBUG o.jeecg.modules.system.mapper.SysLogMapper.insert:143 - <==    Updates: 1
2022-01-11 22:02:20.104 [http-nio-8080-exec-8] DEBUG o.jeecg.modules.system.mapper.SysLogMapper.insert:143 - ==>  Preparing: INSERT INTO sys_log ( id, create_time, cost_time, ip, request_param, method, log_content, log_type, operate_type ) VALUES ( ?, ?, ?, ?, ?, ?, ?, ?, ? ) 
2022-01-11 22:02:20.105 [http-nio-8080-exec-8] DEBUG o.jeecg.modules.system.mapper.SysLogMapper.insert:143 - ==> Parameters: 1480902901013442562(String), 2022-01-11 22:02:20.104(Timestamp), 3(Long), 192.168.153.1(String), [9,62](String), org.jeecg.modules.readhappy.article.controller.ArticleController.removeArt()(String), article-删除文章(String), 2(Integer), 1(Integer)
2022-01-11 22:02:20.107 [http-nio-8080-exec-8] DEBUG o.jeecg.modules.system.mapper.SysLogMapper.insert:143 - <==    Updates: 1
2022-01-11 22:02:22.036 [http-nio-8080-exec-10] DEBUG o.jeecg.modules.system.mapper.SysLogMapper.insert:143 - ==>  Preparing: INSERT INTO sys_log ( id, create_time, cost_time, ip, request_param, method, log_content, log_type, operate_type ) VALUES ( ?, ?, ?, ?, ?, ?, ?, ?, ? ) 
2022-01-11 22:02:22.037 [http-nio-8080-exec-10] DEBUG o.jeecg.modules.system.mapper.SysLogMapper.insert:143 - ==> Parameters: 1480902909112643586(String), 2022-01-11 22:02:22.035(Timestamp), 2(Long), 192.168.153.1(String), (String), org.jeecg.modules.readhappy.token.controller.TokenController.getAccessToken()(String), getAccessToken-获取生成token(String), 2(Integer), 1(Integer)
2022-01-11 22:02:22.039 [http-nio-8080-exec-10] DEBUG o.jeecg.modules.system.mapper.SysLogMapper.insert:143 - <==    Updates: 1
2022-01-11 22:02:22.039 [http-nio-8080-exec-4] DEBUG o.jeecg.modules.system.mapper.SysLogMapper.insert:143 - ==>  Preparing: INSERT INTO sys_log ( id, create_time, cost_time, ip, request_param, method, log_content, log_type, operate_type ) VALUES ( ?, ?, ?, ?, ?, ?, ?, ?, ? ) 
2022-01-11 22:02:22.040 [http-nio-8080-exec-4] DEBUG o.jeecg.modules.system.mapper.SysLogMapper.insert:143 - ==> Parameters: 1480902909129420801(String), 2022-01-11 22:02:22.038(Timestamp), 3(Long), 192.168.153.1(String),   pid: 0(String), org.jeecg.modules.readhappy.categories.controller.CategoriesController.cateType()(String), categories-查询文章分类(String), 2(Integer), 1(Integer)
2022-01-11 22:02:22.042 [http-nio-8080-exec-4] DEBUG o.jeecg.modules.system.mapper.SysLogMapper.insert:143 - <==    Updates: 1
2022-01-11 22:03:09.446 [http-nio-8080-exec-1] DEBUG o.jeecg.modules.system.mapper.SysLogMapper.insert:143 - ==>  Preparing: INSERT INTO sys_log ( id, create_time, cost_time, ip, request_param, method, log_content, log_type, operate_type ) VALUES ( ?, ?, ?, ?, ?, ?, ?, ?, ? ) 
2022-01-11 22:03:09.448 [http-nio-8080-exec-1] DEBUG o.jeecg.modules.system.mapper.SysLogMapper.insert:143 - ==> Parameters: 1480903107968790529(String), 2022-01-11 22:03:09.446(Timestamp), 11(Long), 192.168.153.1(String), ["爱磊磊真是太好啦","[{\"type\":\"image\",\"content\":\"http://192.168.153.1:8080/jeecg-boot/wxb5ff3fefc1044a9f.o6zAJs8MIbAuFApPMLRfFFBnl0NA.fd76WMUQJfEF8511af2a670f17b594cc311812b7971e_1641909788342.o6zAJs8MIbAuFApPMLRfFFBnl0NA.fd76WMUQJfEF8511af2a670f17b594cc311812b7971e.jpg\"},{\"type\":\"text\",\"content\":\"喜欢你吖，亲爱的\"},{\"type\":\"text\",\"content\":\"亲你\"}]",9,2,"df109d133cdf7a8cf0fcca5d065d992e-402819817e497023017e497269d00002"](String), org.jeecg.modules.readhappy.article.controller.ArticleController.addArt()(String), article-添加文章(String), 2(Integer), 2(Integer)
2022-01-11 22:03:09.450 [http-nio-8080-exec-1] DEBUG o.jeecg.modules.system.mapper.SysLogMapper.insert:143 - <==    Updates: 1
2022-01-11 22:03:09.494 [http-nio-8080-exec-2] DEBUG o.jeecg.modules.system.mapper.SysLogMapper.insert:143 - ==>  Preparing: INSERT INTO sys_log ( id, create_time, cost_time, ip, request_param, method, log_content, log_type, operate_type ) VALUES ( ?, ?, ?, ?, ?, ?, ?, ?, ? ) 
2022-01-11 22:03:09.495 [http-nio-8080-exec-2] DEBUG o.jeecg.modules.system.mapper.SysLogMapper.insert:143 - ==> Parameters: 1480903108170117122(String), 2022-01-11 22:03:09.493(Timestamp), 2(Long), 192.168.153.1(String), (String), org.jeecg.modules.readhappy.token.controller.TokenController.getAccessToken()(String), getAccessToken-获取生成token(String), 2(Integer), 1(Integer)
2022-01-11 22:03:09.497 [http-nio-8080-exec-2] DEBUG o.jeecg.modules.system.mapper.SysLogMapper.insert:143 - <==    Updates: 1
2022-01-11 22:03:10.554 [http-nio-8080-exec-5] DEBUG o.jeecg.modules.system.mapper.SysLogMapper.insert:143 - ==>  Preparing: INSERT INTO sys_log ( id, create_time, cost_time, ip, request_param, method, log_content, log_type, operate_type ) VALUES ( ?, ?, ?, ?, ?, ?, ?, ?, ? ) 
2022-01-11 22:03:10.554 [http-nio-8080-exec-5] DEBUG o.jeecg.modules.system.mapper.SysLogMapper.insert:143 - ==> Parameters: 1480903112607690754(String), 2022-01-11 22:03:10.553(Timestamp), 6(Long), 192.168.153.1(String), ["9"](String), org.jeecg.modules.readhappy.member.controller.MemberController.info()(String), member-会员信息统计(String), 2(Integer), 1(Integer)
2022-01-11 22:03:10.555 [http-nio-8080-exec-5] DEBUG o.jeecg.modules.system.mapper.SysLogMapper.insert:143 - <==    Updates: 1
2022-01-11 22:03:19.375 [http-nio-8080-exec-6] DEBUG o.jeecg.modules.system.mapper.SysLogMapper.insert:143 - ==>  Preparing: INSERT INTO sys_log ( id, create_time, cost_time, ip, request_param, method, log_content, log_type, operate_type ) VALUES ( ?, ?, ?, ?, ?, ?, ?, ?, ? ) 
2022-01-11 22:03:19.376 [http-nio-8080-exec-6] DEBUG o.jeecg.modules.system.mapper.SysLogMapper.insert:143 - ==> Parameters: 1480903149609840641(String), 2022-01-11 22:03:19.374(Timestamp), 6(Long), 192.168.153.1(String),   cate: 0  pageNo: 2  pageSize: 2(String), org.jeecg.modules.readhappy.article.controller.ArticleController.artListByCate()(String), article-根据文章类别查询列表(String), 2(Integer), 1(Integer)
2022-01-11 22:03:19.377 [http-nio-8080-exec-6] DEBUG o.jeecg.modules.system.mapper.SysLogMapper.insert:143 - <==    Updates: 1
2022-01-11 22:03:21.940 [http-nio-8080-exec-3] DEBUG o.jeecg.modules.system.mapper.SysLogMapper.insert:143 - ==>  Preparing: INSERT INTO sys_log ( id, create_time, cost_time, ip, request_param, method, log_content, log_type, operate_type ) VALUES ( ?, ?, ?, ?, ?, ?, ?, ?, ? ) 
2022-01-11 22:03:21.941 [http-nio-8080-exec-3] DEBUG o.jeecg.modules.system.mapper.SysLogMapper.insert:143 - ==> Parameters: 1480903160364036098(String), 2022-01-11 22:03:21.939(Timestamp), 2(Long), 192.168.153.1(String),   artid: 62(String), org.jeecg.modules.readhappy.article.controller.ArticleController.artInfo()(String), article-根据文章id获取文章信息(String), 2(Integer), 1(Integer)
2022-01-11 22:03:21.943 [http-nio-8080-exec-3] DEBUG o.jeecg.modules.system.mapper.SysLogMapper.insert:143 - <==    Updates: 1
2022-01-11 22:03:31.364 [http-nio-8080-exec-10] DEBUG o.jeecg.modules.system.mapper.SysLogMapper.insert:143 - ==>  Preparing: INSERT INTO sys_log ( id, create_time, cost_time, ip, request_param, method, log_content, log_type, operate_type ) VALUES ( ?, ?, ?, ?, ?, ?, ?, ?, ? ) 
2022-01-11 22:03:31.365 [http-nio-8080-exec-10] DEBUG o.jeecg.modules.system.mapper.SysLogMapper.insert:143 - ==> Parameters: 1480903199895351297(String), 2022-01-11 22:03:31.363(Timestamp), 2(Long), 192.168.153.1(String),   artid: 62(String), org.jeecg.modules.readhappy.article.controller.ArticleController.artInfo()(String), article-根据文章id获取文章信息(String), 2(Integer), 1(Integer)
2022-01-11 22:03:31.366 [http-nio-8080-exec-10] DEBUG o.jeecg.modules.system.mapper.SysLogMapper.insert:143 - <==    Updates: 1
2022-01-11 22:06:08.481 [http-nio-8080-exec-7] DEBUG o.jeecg.modules.system.mapper.SysLogMapper.insert:143 - ==>  Preparing: INSERT INTO sys_log ( id, create_time, cost_time, ip, request_param, method, log_content, log_type, operate_type ) VALUES ( ?, ?, ?, ?, ?, ?, ?, ?, ? ) 
2022-01-11 22:06:08.482 [http-nio-8080-exec-7] DEBUG o.jeecg.modules.system.mapper.SysLogMapper.insert:143 - ==> Parameters: 1480903858891812866(String), 2022-01-11 22:06:08.48(Timestamp), 3(Long), 192.168.153.1(String),   pid: 0(String), org.jeecg.modules.readhappy.categories.controller.CategoriesController.cateType()(String), categories-查询文章分类(String), 2(Integer), 1(Integer)
2022-01-11 22:06:08.483 [http-nio-8080-exec-7] DEBUG o.jeecg.modules.system.mapper.SysLogMapper.insert:143 - <==    Updates: 1
2022-01-11 22:06:08.519 [http-nio-8080-exec-1] DEBUG o.jeecg.modules.system.mapper.SysLogMapper.insert:143 - ==>  Preparing: INSERT INTO sys_log ( id, create_time, cost_time, ip, request_param, method, log_content, log_type, operate_type ) VALUES ( ?, ?, ?, ?, ?, ?, ?, ?, ? ) 
2022-01-11 22:06:08.519 [http-nio-8080-exec-1] DEBUG o.jeecg.modules.system.mapper.SysLogMapper.insert:143 - ==> Parameters: 1480903859051196418(String), 2022-01-11 22:06:08.518(Timestamp), 4(Long), 192.168.153.1(String),   cate: 0  pageNo: 1  pageSize: 2(String), org.jeecg.modules.readhappy.article.controller.ArticleController.artListByCate()(String), article-根据文章类别查询列表(String), 2(Integer), 1(Integer)
2022-01-11 22:06:08.520 [http-nio-8080-exec-1] DEBUG o.jeecg.modules.system.mapper.SysLogMapper.insert:143 - <==    Updates: 1
2022-01-11 22:06:13.311 [http-nio-8080-exec-5] DEBUG o.jeecg.modules.system.mapper.SysLogMapper.insert:143 - ==>  Preparing: INSERT INTO sys_log ( id, create_time, cost_time, ip, request_param, method, log_content, log_type, operate_type ) VALUES ( ?, ?, ?, ?, ?, ?, ?, ?, ? ) 
2022-01-11 22:06:13.312 [http-nio-8080-exec-5] DEBUG o.jeecg.modules.system.mapper.SysLogMapper.insert:143 - ==> Parameters: 1480903879150301186(String), 2022-01-11 22:06:13.311(Timestamp), 4(Long), 192.168.153.1(String),   artid: 63(String), org.jeecg.modules.readhappy.article.controller.ArticleController.artInfo()(String), article-根据文章id获取文章信息(String), 2(Integer), 1(Integer)
2022-01-11 22:06:13.314 [http-nio-8080-exec-5] DEBUG o.jeecg.modules.system.mapper.SysLogMapper.insert:143 - <==    Updates: 1
